1999/12/09  15:43:49  TKS14.exe起動
1999/12/09  15:43:49  OpenFileMapping
1999/12/09  15:43:49  Open Map Error
1999/12/09  15:43:49  OpenFileMapping
1999/12/09  15:43:49  Open Map Error
1999/12/11  12:05:00  TKS14.exe起動
1999/12/11  12:05:00  OpenFileMapping
1999/12/11  12:05:00  Open Map Error
1999/12/11  12:05:00  OpenFileMapping
1999/12/11  12:05:00  Open Map Error
1999/12/11  12:06:19  TKS14.exe起動
1999/12/11  12:06:19  OpenFileMapping
1999/12/11  12:06:19  Open Map Error
1999/12/11  12:06:19  OpenFileMapping
1999/12/11  12:06:19  Open Map Error
1999/12/11  13:59:00  TKS14.exe起動
1999/12/11  13:59:00  OpenFileMapping
1999/12/11  13:59:00  Open Map Error
1999/12/11  13:59:00  OpenFileMapping
1999/12/11  13:59:00  Open Map Error
1999/12/11  14:26:52  TKS14.exe起動
1999/12/11  14:26:52  OpenFileMapping
1999/12/11  14:26:52  Open Map Error
1999/12/11  14:26:52  OpenFileMapping
1999/12/11  14:26:52  Open Map Error
1999/12/11  16:56:50  TKS14.exe起動
1999/12/11  16:56:50  OpenFileMapping
1999/12/11  16:56:50  Open Map Error
1999/12/11  16:56:50  OpenFileMapping
1999/12/11  16:56:50  Open Map Error
1999/12/13  09:48:43  TKS14.exe起動
1999/12/13  09:48:43  OpenFileMapping
1999/12/13  09:48:43  Open Map Error
1999/12/13  09:48:43  OpenFileMapping
1999/12/13  09:48:43  Open Map Error
1999/12/13  10:28:22  TKS14.exe起動
1999/12/13  10:28:22  OpenFileMapping
1999/12/13  10:28:22  Open Map Error
1999/12/13  10:28:22  OpenFileMapping
1999/12/13  10:28:22  Open Map Error
1999/12/13  10:28:42  TKS14.exe起動
1999/12/13  10:28:42  OpenFileMapping
1999/12/13  10:28:42  Open Map Error
1999/12/13  10:28:42  OpenFileMapping
1999/12/13  10:28:42  Open Map Error
1999/12/14  16:08:14  TKS14.exe起動
1999/12/14  16:08:14  OpenFileMapping
1999/12/14  16:08:14  Open Map Error
1999/12/14  16:08:14  OpenFileMapping
1999/12/14  16:08:14  Open Map Error
1999/12/14  16:09:44  TKS14.exe起動
1999/12/14  16:09:44  OpenFileMapping
1999/12/14  16:09:44  Open Map Error
1999/12/14  16:09:44  OpenFileMapping
1999/12/14  16:09:44  Open Map Error
1999/12/14  16:10:41  TKS14.exe起動
1999/12/14  16:10:41  OpenFileMapping
1999/12/14  16:10:41  Open Map Error
1999/12/14  16:10:41  OpenFileMapping
1999/12/14  16:10:41  Open Map Error
1999/12/14  16:15:13  TKS14.exe起動
1999/12/14  16:15:13  OpenFileMapping
1999/12/14  16:15:13  Open Map Error
1999/12/14  16:15:13  OpenFileMapping
1999/12/14  16:15:13  Open Map Error
1999/12/14  18:07:21  TKS14.exe起動
1999/12/14  18:07:21  OpenFileMapping
1999/12/14  18:07:21  Open Map Error
1999/12/14  18:07:21  OpenFileMapping
1999/12/14  18:07:21  Open Map Error
1999/12/14  18:12:27  TKS14.exe起動
1999/12/14  18:12:27  OpenFileMapping
1999/12/14  18:12:27  Open Map Error
1999/12/14  18:12:27  OpenFileMapping
1999/12/14  18:12:27  Open Map Error
1999/12/14  18:16:59  TKS14.exe起動
1999/12/14  18:16:59  OpenFileMapping
1999/12/14  18:16:59  Open Map Error
1999/12/14  18:16:59  OpenFileMapping
1999/12/14  18:16:59  Open Map Error
1999/12/14  21:45:41  TKS14.exe起動
1999/12/14  21:45:41  OpenFileMapping
1999/12/14  21:45:41  Open Map Error
1999/12/14  21:45:41  OpenFileMapping
1999/12/14  21:45:41  Open Map Error
1999/12/15  10:08:51  TKS14.exe起動
1999/12/15  10:08:51  OpenFileMapping
1999/12/15  10:08:51  Open Map Error
1999/12/15  10:08:51  OpenFileMapping
1999/12/15  10:08:51  Open Map Error
1999/12/15  11:50:19  TKS14.exe起動
1999/12/15  11:50:19  OpenFileMapping
1999/12/15  11:50:19  Open Map Error
1999/12/15  11:50:19  OpenFileMapping
1999/12/15  11:50:19  Open Map Error
1999/12/15  13:22:12  TKS14.exe起動
1999/12/15  13:22:13  OpenFileMapping
1999/12/15  13:22:13  Open Map Error
1999/12/15  13:22:13  OpenFileMapping
1999/12/15  13:22:13  Open Map Error
1999/12/15  13:23:55  TKS14.exe起動
1999/12/15  13:23:55  OpenFileMapping
1999/12/15  13:23:55  Open Map Error
1999/12/15  13:23:55  OpenFileMapping
1999/12/15  13:23:55  Open Map Error
1999/12/15  14:40:41  TKS14.exe起動
1999/12/15  14:40:41  OpenFileMapping
1999/12/15  14:40:41  Open Map Error
1999/12/15  14:40:41  OpenFileMapping
1999/12/15  14:40:41  Open Map Error
1999/12/15  14:59:04  TKS14.exe起動
1999/12/15  14:59:04  OpenFileMapping
1999/12/15  14:59:04  Open Map Error
1999/12/15  14:59:04  OpenFileMapping
1999/12/15  14:59:04  Open Map Error
1999/12/15  16:33:32  TKS14.exe起動
1999/12/15  16:33:33  OpenFileMapping
1999/12/15  16:33:33  Open Map Error
1999/12/15  16:33:33  OpenFileMapping
1999/12/15  16:33:33  Open Map Error
1999/12/16  21:29:27  TKS14.exe起動
1999/12/16  21:29:27  OpenFileMapping
1999/12/16  21:29:27  Open Map Error
1999/12/16  21:29:27  OpenFileMapping
1999/12/16  21:29:27  Open Map Error
1999/12/16  21:30:20  TKS14.exe起動
1999/12/16  21:30:20  OpenFileMapping
1999/12/16  21:30:20  Open Map Error
1999/12/16  21:30:20  OpenFileMapping
1999/12/16  21:30:20  Open Map Error
1999/12/17  14:43:12  TKS14.exe起動
1999/12/17  14:43:12  OpenFileMapping
1999/12/17  14:43:12  Open Map Error
1999/12/17  14:43:12  OpenFileMapping
1999/12/17  14:43:12  Open Map Error
1999/12/17  14:44:17  TKS14.exe起動
1999/12/17  14:44:17  OpenFileMapping
1999/12/17  14:44:17  Open Map Error
1999/12/17  14:44:17  OpenFileMapping
1999/12/17  14:44:17  Open Map Error
1999/12/17  14:45:09  TKS14.exe起動
1999/12/17  14:45:09  OpenFileMapping
1999/12/17  14:45:09  Open Map Error
1999/12/17  14:45:09  OpenFileMapping
1999/12/17  14:45:09  Open Map Error
1999/12/17  21:21:18  TKS14.exe起動
1999/12/17  21:21:18  OpenFileMapping
1999/12/17  21:21:18  Open Map Error
1999/12/17  21:21:18  OpenFileMapping
1999/12/17  21:21:18  Open Map Error
1999/12/17  21:26:09  TKS14.exe起動
1999/12/17  21:26:09  OpenFileMapping
1999/12/17  21:26:09  Open Map Error
1999/12/17  21:26:09  OpenFileMapping
1999/12/17  21:26:09  Open Map Error
1999/12/23  09:42:35  TKS14.exe起動
1999/12/23  09:42:35  OpenFileMapping
1999/12/23  09:42:35  Open Map Error
1999/12/23  09:42:35  OpenFileMapping
1999/12/23  09:42:35  Open Map Error
1999/12/23  15:24:18  TKS14.exe起動
1999/12/23  15:24:18  OpenFileMapping
1999/12/23  15:24:18  Open Map Error
1999/12/23  15:24:18  OpenFileMapping
1999/12/23  15:24:18  Open Map Error
1999/12/23  16:25:21  TKS14.exe起動
1999/12/23  16:25:21  OpenFileMapping
1999/12/23  16:25:21  Open Map Error
1999/12/23  16:25:21  OpenFileMapping
1999/12/23  16:25:21  Open Map Error
2000/01/19  19:19:12  TKS14.exe起動
2000/01/19  19:19:12  OpenFileMapping
2000/01/19  19:19:12  Open Map Error
2000/01/19  19:19:12  OpenFileMapping
2000/01/19  19:19:12  Open Map Error
2000/01/19  19:21:55  TKS14.exe起動
2000/01/19  19:21:55  OpenFileMapping
2000/01/19  19:21:55  Open Map Error
2000/01/19  19:21:55  OpenFileMapping
2000/01/19  19:21:55  Open Map Error
2000/01/19  19:26:24  TKS14.exe起動
2000/01/19  19:26:24  OpenFileMapping
2000/01/19  19:26:24  Open Map Error
2000/01/19  19:26:24  OpenFileMapping
2000/01/19  19:26:24  Open Map Error
2000/01/24  14:22:32  TKS14.exe起動
2000/01/24  14:22:32  OpenFileMapping
2000/01/24  14:22:32  Open Map Error
2000/01/24  14:22:32  OpenFileMapping
2000/01/24  14:22:32  Open Map Error
2000/02/17  14:52:39  TKS14.exe起動
2000/02/17  14:52:39  OpenFileMapping
2000/02/17  14:52:39  Open Map Error
2000/02/17  14:52:39  OpenFileMapping
2000/02/17  14:52:39  Open Map Error
2000/03/01  10:50:38  TKS14.exe起動
2000/03/01  10:50:38  OpenFileMapping
2000/03/01  10:50:38  Open Map Error
2000/03/01  10:50:38  OpenFileMapping
2000/03/01  10:50:38  Open Map Error
2001/05/21  20:34:59  TKS14.exe起動
2001/05/21  20:34:59  OpenFileMapping
2001/05/21  20:34:59  Open Map Error
2001/05/21  20:34:59  OpenFileMapping
2001/05/21  20:34:59  Open Map Error
2002/11/07  15:00:38  TKS14.exe起動
2002/11/07  15:00:38  OpenFileMapping
2002/11/07  15:00:38  Open Map Error
2002/11/07  15:00:38  OpenFileMapping
2002/11/07  15:00:38  Open Map Error
2002/11/08  13:18:35  TKS14.exe起動
2002/11/08  13:18:35  OpenFileMapping
2002/11/08  13:18:35  Open Map Error
2002/11/08  13:18:35  OpenFileMapping
2002/11/08  13:18:35  Open Map Error
2002/11/08  14:13:05  TKS14.exe起動
2002/11/08  14:13:05  OpenFileMapping
2002/11/08  14:13:05  Open Map Error
2002/11/08  14:13:05  OpenFileMapping
2002/11/08  14:13:05  Open Map Error
2002/11/08  14:16:52  TKS14.exe起動
2002/11/08  14:16:52  OpenFileMapping
2002/11/08  14:16:52  Open Map Error
2002/11/08  14:16:52  OpenFileMapping
2002/11/08  14:16:52  Open Map Error
2002/11/08  14:34:24  TKS14.exe起動
2002/11/08  14:34:24  OpenFileMapping
2002/11/08  14:34:24  Open Map Error
2002/11/08  14:34:24  OpenFileMapping
2002/11/08  14:34:24  Open Map Error
2002/11/08  14:36:29  TKS14.exe起動
2002/11/08  14:36:29  OpenFileMapping
2002/11/08  14:36:29  Open Map Error
2002/11/08  14:36:29  OpenFileMapping
2002/11/08  14:36:29  Open Map Error
2002/11/08  14:37:57  TKS14.exe起動
2002/11/08  14:37:57  OpenFileMapping
2002/11/08  14:37:57  Open Map Error
2002/11/08  14:37:57  OpenFileMapping
2002/11/08  14:37:57  Open Map Error
2002/11/08  14:38:35  TKS14.exe起動
2002/11/08  14:38:35  OpenFileMapping
2002/11/08  14:38:35  Open Map Error
2002/11/08  14:38:35  OpenFileMapping
2002/11/08  14:38:35  Open Map Error
2002/11/08  14:40:29  TKS14.exe起動
2002/11/08  14:40:29  OpenFileMapping
2002/11/08  14:40:29  Open Map Error
2002/11/08  14:40:29  OpenFileMapping
2002/11/08  14:40:29  Open Map Error
2002/11/08  14:40:48  TKS14.exe起動
2002/11/08  14:40:48  OpenFileMapping
2002/11/08  14:40:48  Open Map Error
2002/11/08  14:40:48  OpenFileMapping
2002/11/08  14:40:48  Open Map Error
2002/11/08  15:01:07  TKS14.exe起動
2002/11/08  15:01:07  OpenFileMapping
2002/11/08  15:01:07  Open Map Error
2002/11/08  15:01:07  OpenFileMapping
2002/11/08  15:01:07  Open Map Error
2002/11/08  15:02:28  TKS14.exe起動
2002/11/08  15:02:28  OpenFileMapping
2002/11/08  15:02:28  Open Map Error
2002/11/08  15:02:28  OpenFileMapping
2002/11/08  15:02:28  Open Map Error
2002/11/08  15:03:33  TKS14.exe起動
2002/11/08  15:03:33  OpenFileMapping
2002/11/08  15:03:33  Open Map Error
2002/11/08  15:03:33  OpenFileMapping
2002/11/08  15:03:33  Open Map Error
2002/11/08  15:12:16  TKS14.exe起動
2002/11/08  15:12:16  OpenFileMapping
2002/11/08  15:12:16  Open Map Error
2002/11/08  15:12:16  OpenFileMapping
2002/11/08  15:12:16  Open Map Error
2002/11/08  15:16:11  TKS14.exe起動
2002/11/08  15:16:11  OpenFileMapping
2002/11/08  15:16:12  Open Map Error
2002/11/08  15:16:12  OpenFileMapping
2002/11/08  15:16:12  Open Map Error
2002/11/08  15:21:16  TKS14.exe起動
2002/11/08  15:21:16  OpenFileMapping
2002/11/08  15:21:16  Open Map Error
2002/11/08  15:21:16  OpenFileMapping
2002/11/08  15:21:16  Open Map Error
2002/11/08  15:48:53  TKS14.exe起動
2002/11/08  15:48:53  OpenFileMapping
2002/11/08  15:48:53  Open Map Error
2002/11/08  15:48:53  OpenFileMapping
2002/11/08  15:48:53  Open Map Error
2002/11/08  15:50:13  TKS14.exe起動
2002/11/08  15:50:13  OpenFileMapping
2002/11/08  15:50:13  Open Map Error
2002/11/08  15:50:13  OpenFileMapping
2002/11/08  15:50:13  Open Map Error
2002/11/18  21:39:39  TKS14.exe起動
2002/11/18  21:39:40  OpenFileMapping
2002/11/18  21:39:40  Open Map Error
2002/11/18  21:39:40  OpenFileMapping
2002/11/18  21:39:40  Open Map Error
2002/11/23  13:57:23  TKS14.exe起動
2002/11/23  13:57:23  OpenFileMapping
2002/11/23  13:57:23  Open Map Error
2002/11/23  13:57:23  OpenFileMapping
2002/11/23  13:57:23  Open Map Error
2002/11/23  13:57:52  TKS14.exe起動
2002/11/23  13:57:52  OpenFileMapping
2002/11/23  13:57:52  Open Map Error
2002/11/23  13:57:52  OpenFileMapping
2002/11/23  13:57:52  Open Map Error
2002/11/23  13:58:19  TKS14.exe起動
2002/11/23  13:58:19  OpenFileMapping
2002/11/23  13:58:19  Open Map Error
2002/11/23  13:58:19  OpenFileMapping
2002/11/23  13:58:19  Open Map Error
2002/11/25  13:37:26  TKS14.exe起動
2002/11/25  13:37:26  OpenFileMapping
2002/11/25  13:37:26  Open Map Error
2002/11/25  13:37:26  OpenFileMapping
2002/11/25  13:37:26  Open Map Error
2002/11/25  17:08:09  TKS14.exe起動
2002/11/25  17:08:09  OpenFileMapping
2002/11/25  17:08:09  Open Map Error
2002/11/25  17:08:09  OpenFileMapping
2002/11/25  17:08:09  Open Map Error
2002/12/07  14:45:09  TKS14.exe起動
2002/12/07  14:45:09  OpenFileMapping
2002/12/07  14:45:09  Open Map Error
2002/12/07  14:45:09  OpenFileMapping
2002/12/07  14:45:10  Open Map Error
2003/01/20  11:23:54  TKS14.exe起動
2003/01/20  11:23:55  OpenFileMapping
2003/01/20  11:23:55  Open Map Error
2003/01/20  11:23:55  OpenFileMapping
2003/01/20  11:23:55  Open Map Error
2003/01/20  11:29:57  TKS14.exe起動
2003/01/20  11:29:57  OpenFileMapping
2003/01/20  11:29:57  Open Map Error
2003/01/20  11:29:57  OpenFileMapping
2003/01/20  11:29:57  Open Map Error
2003/01/20  11:37:49  TKS14.exe起動
2003/01/20  11:37:49  OpenFileMapping
2003/01/20  11:37:49  Open Map Error
2003/01/20  11:37:49  OpenFileMapping
2003/01/20  11:37:49  Open Map Error
2003/02/05  16:40:23  TKS14.exe起動
2003/02/05  16:40:23  OpenFileMapping
2003/02/05  16:40:23  Open Map Error
2003/02/05  16:40:23  OpenFileMapping
2003/02/05  16:40:23  Open Map Error
2009/03/16  11:28:44  TKS14.exe起動
2009/03/16  11:29:21  Open: SId = 1
2009/03/16  11:29:21  Open: SId = 2
2009/03/16  11:30:48  Close: SId = 1
2009/03/16  11:30:48  Close: SId = 2
2009/03/16  13:03:25  TKS14.exe起動
2009/03/16  13:04:19  TKS14.exe起動
2009/03/16  13:05:24  TKS14.exe起動
2009/03/16  13:05:38  Open: SId = 1
2009/03/16  13:05:38  Open: SId = 2
2009/03/16  13:12:23  Close: SId = 1
2009/03/16  13:12:23  Close: SId = 2
2009/03/16  13:12:58  TKS14.exe起動
2009/03/16  13:13:11  Open: SId = 1
2009/03/16  13:13:12  Open: SId = 2
2009/03/16  13:13:54  Close: SId = 1
2009/03/16  13:13:54  Close: SId = 2
2009/03/16  13:13:58  TKS14.exe起動
2009/03/16  13:14:00  Open: SId = 1
2009/03/16  13:14:00  Open: SId = 2
2009/03/16  13:15:41  Close: SId = 1
2009/03/16  13:15:41  Close: SId = 2
2009/03/16  13:17:22  TKS14.exe起動
2009/03/16  13:17:25  Open: SId = 1
2009/03/16  13:17:25  Open: SId = 2
2009/03/16  13:20:53  Close: SId = 1
2009/03/16  13:20:53  Close: SId = 2
2009/03/16  13:27:05  TKS14.exe起動
2009/03/16  13:27:09  Open: SId = 1
2009/03/16  13:27:09  Open: SId = 2
2009/03/16  13:28:58  Close: SId = 1
2009/03/16  13:28:58  Close: SId = 2
2009/03/16  13:57:21  TKS14.exe起動
2009/03/16  13:57:21  Open: SId = 1
2009/03/16  13:57:21  Open: SId = 2
2009/03/16  13:58:05  Close: SId = 1
2009/03/16  13:58:05  Close: SId = 2
2009/03/16  14:05:09  TKS14.exe起動
2009/03/16  14:05:09  Open: SId = 1
2009/03/16  14:05:09  Open: SId = 2
2009/03/16  14:05:29  Close: SId = 1
2009/03/16  14:05:30  Close: SId = 2
2009/03/16  14:05:51  TKS14.exe起動
2009/03/16  14:05:51  OpenFileMapping
2009/03/16  14:05:51  Open Map Error
2009/03/16  14:05:51  OpenFileMapping
2009/03/16  14:05:51  Open Map Error
2009/03/16  14:06:20  TKS14.exe起動
2009/03/16  14:06:20  Open: SId = 1
2009/03/16  14:06:20  Open: SId = 2
2009/03/16  14:06:51  Close: SId = 1
2009/03/16  14:06:51  Close: SId = 2
2009/03/16  14:08:54  TKS14.exe起動
2009/03/16  14:08:54  Open: SId = 1
2009/03/16  14:08:54  Open: SId = 2
2009/03/16  14:31:02  TKS14.exe起動
2009/03/16  14:31:02  Open: SId = 1
2009/03/16  14:31:02  Open: SId = 2
2009/03/16  14:32:00  Close: SId = 1
2009/03/16  14:32:00  Close: SId = 2
2009/03/16  14:41:48  TKS14.exe起動
2009/03/16  14:41:48  Open: SId = 1
2009/03/16  14:41:48  Open: SId = 2
2009/03/16  14:56:54  TKS14.exe起動
2009/03/16  14:56:54  Open: SId = 1
2009/03/16  14:56:54  Open: SId = 2
2009/03/16  14:57:08  Close: SId = 1
2009/03/16  14:57:08  Close: SId = 2
2009/03/16  15:05:40  TKS14.exe起動
2009/03/16  15:05:40  Open: SId = 1
2009/03/16  15:05:40  Open: SId = 2
2009/03/16  15:05:53  Close: SId = 1
2009/03/16  15:05:53  Close: SId = 2
2009/03/16  15:06:38  TKS14.exe起動
2009/03/16  15:06:38  Open: SId = 1
2009/03/16  15:06:38  Open: SId = 2
2009/03/16  15:07:02  Close: SId = 1
2009/03/16  15:07:02  Close: SId = 2
2009/03/16  15:21:00  TKS14.exe起動
2009/03/16  15:21:00  Open: SId = 1
2009/03/16  15:21:00  Open: SId = 2
2009/03/16  15:21:17  Close: SId = 1
2009/03/16  15:21:17  Close: SId = 2
2009/03/16  15:45:33  TKS14.exe起動
2009/03/16  15:45:33  Open: SId = 1
2009/03/16  15:45:33  Open: SId = 2
2009/03/16  15:45:53  Close: SId = 1
2009/03/16  15:45:53  Close: SId = 2
2009/03/16  15:49:15  TKS14.exe起動
2009/03/16  15:49:15  Open: SId = 1
2009/03/16  15:49:15  Open: SId = 2
2009/03/16  15:49:28  Close: SId = 1
2009/03/16  15:49:28  Close: SId = 2
2009/03/16  15:53:45  TKS14.exe起動
2009/03/16  15:53:45  Open: SId = 1
2009/03/16  15:53:45  Open: SId = 2
2009/03/16  15:53:58  Close: SId = 1
2009/03/16  15:53:58  Close: SId = 2
2009/03/16  15:56:52  TKS14.exe起動
2009/03/16  15:56:52  Open: SId = 1
2009/03/16  15:56:52  Open: SId = 2
2009/03/16  15:57:04  Close: SId = 1
2009/03/16  15:57:04  Close: SId = 2
2009/03/16  15:59:36  TKS14.exe起動
2009/03/16  15:59:36  Open: SId = 1
2009/03/16  15:59:36  Open: SId = 2
2009/03/16  15:59:47  Close: SId = 1
2009/03/16  15:59:47  Close: SId = 2
2009/03/16  16:02:50  TKS14.exe起動
2009/03/16  16:02:50  Open: SId = 1
2009/03/16  16:02:50  Open: SId = 2
2009/03/16  16:03:01  Close: SId = 1
2009/03/16  16:03:01  Close: SId = 2
2009/03/16  16:04:24  TKS14.exe起動
2009/03/16  16:04:24  Open: SId = 1
2009/03/16  16:04:24  Open: SId = 2
2009/03/16  16:04:34  Close: SId = 1
2009/03/16  16:04:34  Close: SId = 2
2009/03/16  16:05:00  TKS14.exe起動
2009/03/16  16:05:00  Open: SId = 1
2009/03/16  16:05:00  Open: SId = 2
2009/03/16  16:08:17  Close: SId = 1
2009/03/16  16:08:17  Close: SId = 2
2009/03/16  16:08:25  TKS14.exe起動
2009/03/16  16:08:25  Open: SId = 1
2009/03/16  16:08:25  Open: SId = 2
2009/03/16  16:10:38  Close: SId = 1
2009/03/16  16:10:38  Close: SId = 2
2009/03/16  16:11:26  TKS14.exe起動
2009/03/16  16:11:26  Open: SId = 1
2009/03/16  16:11:26  Open: SId = 2
2009/03/16  16:11:44  Close: SId = 1
2009/03/16  16:11:44  Close: SId = 2
2016/06/05  06:59:10  TKS14.exe起動
2016/06/05  06:59:10  OpenFileMapping
2016/06/05  06:59:10  Open Map Error
2016/06/05  06:59:10  OpenFileMapping
2016/06/05  06:59:10  Open Map Error
2016/10/19  16:04:19  TKS14.exe起動
2016/10/19  16:04:19  OpenFileMapping
2016/10/19  16:04:19  Open Map Error
2016/10/19  16:04:19  OpenFileMapping
2016/10/19  16:04:19  Open Map Error
2016/10/19  16:04:55  TKS14.exe起動
2016/10/19  16:04:55  OpenFileMapping
2016/10/19  16:04:55  Open Map Error
2016/10/19  16:04:55  OpenFileMapping
2016/10/19  16:04:55  Open Map Error
2016/11/26  09:58:34  TKS14.exe起動
2016/11/26  09:58:34  OpenFileMapping
2016/11/26  09:58:34  Open Map Error
2016/11/26  09:58:34  OpenFileMapping
2016/11/26  09:58:34  Open Map Error
2016/11/29  10:15:46  TKS14.exe起動
2016/11/29  10:15:46  OpenFileMapping
2016/11/29  10:15:46  Open Map Error
2016/11/29  10:15:46  OpenFileMapping
2016/11/29  10:15:46  Open Map Error
2016/11/29  10:56:52  TKS14.exe起動
2016/11/29  10:56:52  OpenFileMapping
2016/11/29  10:56:52  Open Map Error
2016/11/29  10:56:52  OpenFileMapping
2016/11/29  10:56:52  Open Map Error
