

***********************************************************************
Fatal OSN connect error 12203, connecting to:
 (DESCRIPTION=(ADDRESS_LIST=(ADDRESS=(COMMUNITY=tcp.world)(PROTOCOL=TCP)(Host=172.18.209.29)(Port=1521))(ADDRESS=(COMMUNITY=tcp.world)(PROTOCOL=TCP)(Host=172.18.209.29)(Port=1526)))(CONNECT_DATA=(SID=KTRS)(CID=(PROGRAM=bcb.exe)(HOST=MC-B039)(USER=takase))))

  VERSION INFORMATION:
	TNS for 32-bit Windows: Version 2.3.4.0.0 - Production
	Windows NT TCP/IP NT Protocol Adapter for 32-bit Windows: Version 2.3.4.0.0 - Production
  Time: 11-OCT-05 15:13:27
  Tracing not turned on.
  Tns error struct:
    nr err code: 12203
    TNS-12203: TNS: 接続先に接続できません。
    ns main err code: 12535
    TNS-12535: TNS: 操作はタイム・アウトしました。
    ns secondary err code: 12560
    nt main err code: 505
    TNS-00505: 操作タイムアウトです。
    nt secondary err code: 60
    nt OS err code: 0


***********************************************************************
Fatal OSN connect error 12547, connecting to:
 (DESCRIPTION=(ADDRESS_LIST=(ADDRESS=(PROTOCOL=BEQ)(PROGRAM=oracle80)(ARGV0=oracle80ORCL)(ARGS='(DESCRIPTION=(LOCAL=YES)(ADDRESS=(PROTOCOL=beq)))')))(CONNECT_DATA=(SID=ORCL)(CID=(PROGRAM=bcb.exe)(HOST=MC-B039)(USER=takase))))

  VERSION INFORMATION:
	TNS for 32-bit Windows: Version 2.3.4.0.0 - Production
	Oracle Bequeath NT Protocol Adapter for 32-bit Windows: Version 2.3.4.0.0 - Production
  Time: 11-OCT-05 15:13:27
  Tracing not turned on.
  Tns error struct:
    nr err code: 12206
    TNS-12206: TNS: ナビゲーション中にTNSエラーを受け取りました。
    ns main err code: 12547
    TNS-12547: TNS: コンタクトが消失しました。
    ns secondary err code: 12560
    nt main err code: 517
    TNS-00517: コンタクトがなくなりました。
    nt secondary err code: 0
    nt OS err code: 0


***********************************************************************
Fatal OSN connect error 12203, connecting to:
 (DESCRIPTION=(ADDRESS_LIST=(ADDRESS=(COMMUNITY=tcp.world)(PROTOCOL=TCP)(Host=172.18.209.29)(Port=1521))(ADDRESS=(COMMUNITY=tcp.world)(PROTOCOL=TCP)(Host=172.18.209.29)(Port=1526)))(CONNECT_DATA=(SID=KTRS)(CID=(PROGRAM=bcb.exe)(HOST=MC-B039)(USER=takase))))

  VERSION INFORMATION:
	TNS for 32-bit Windows: Version 2.3.4.0.0 - Production
	Windows NT TCP/IP NT Protocol Adapter for 32-bit Windows: Version 2.3.4.0.0 - Production
  Time: 11-OCT-05 16:57:17
  Tracing not turned on.
  Tns error struct:
    nr err code: 12203
    TNS-12203: TNS: 接続先に接続できません。
    ns main err code: 12535
    TNS-12535: TNS: 操作はタイム・アウトしました。
    ns secondary err code: 12560
    nt main err code: 505
    TNS-00505: 操作タイムアウトです。
    nt secondary err code: 60
    nt OS err code: 0


***********************************************************************
Fatal OSN connect error 12547, connecting to:
 (DESCRIPTION=(ADDRESS_LIST=(ADDRESS=(PROTOCOL=BEQ)(PROGRAM=oracle80)(ARGV0=oracle80ORCL)(ARGS='(DESCRIPTION=(LOCAL=YES)(ADDRESS=(PROTOCOL=beq)))')))(CONNECT_DATA=(SID=ORCL)(CID=(PROGRAM=bcb.exe)(HOST=MC-B039)(USER=takase))))

  VERSION INFORMATION:
	TNS for 32-bit Windows: Version 2.3.4.0.0 - Production
	Oracle Bequeath NT Protocol Adapter for 32-bit Windows: Version 2.3.4.0.0 - Production
  Time: 11-OCT-05 16:57:17
  Tracing not turned on.
  Tns error struct:
    nr err code: 12206
    TNS-12206: TNS: ナビゲーション中にTNSエラーを受け取りました。
    ns main err code: 12547
    TNS-12547: TNS: コンタクトが消失しました。
    ns secondary err code: 12560
    nt main err code: 517
    TNS-00517: コンタクトがなくなりました。
    nt secondary err code: 0
    nt OS err code: 0
