1999/12/09  15:38:12  TKS11.exe起動
1999/12/09  15:38:12  OpenFileMapping
1999/12/09  15:38:12  Open Map Error
1999/12/09  15:38:12  OpenFileMapping
1999/12/09  15:38:12  Open Map Error
1999/12/10  16:49:31  TKS11.exe起動
1999/12/10  16:49:31  OpenFileMapping
1999/12/10  16:49:31  Open Map Error
1999/12/10  16:49:31  OpenFileMapping
1999/12/10  16:49:31  Open Map Error
1999/12/10  17:25:22  TKS11.exe起動
1999/12/10  17:25:22  OpenFileMapping
1999/12/10  17:25:22  Open Map Error
1999/12/10  17:25:22  OpenFileMapping
1999/12/10  17:25:22  Open Map Error
1999/12/10  18:03:52  TKS11.exe起動
1999/12/10  18:03:52  OpenFileMapping
1999/12/10  18:03:52  Open Map Error
1999/12/10  18:03:52  OpenFileMapping
1999/12/10  18:03:52  Open Map Error
1999/12/10  18:05:20  TKS11.exe起動
1999/12/10  18:05:20  OpenFileMapping
1999/12/10  18:05:20  Open Map Error
1999/12/10  18:05:20  OpenFileMapping
1999/12/10  18:05:20  Open Map Error
1999/12/11  09:24:22  TKS11.exe起動
1999/12/11  09:24:22  OpenFileMapping
1999/12/11  09:24:22  Open Map Error
1999/12/11  09:24:22  OpenFileMapping
1999/12/11  09:24:22  Open Map Error
1999/12/11  10:19:18  TKS11.exe起動
1999/12/11  10:19:18  OpenFileMapping
1999/12/11  10:19:18  Open Map Error
1999/12/11  10:19:18  OpenFileMapping
1999/12/11  10:19:18  Open Map Error
1999/12/11  11:07:34  TKS11.exe起動
1999/12/11  11:07:34  OpenFileMapping
1999/12/11  11:07:34  Open Map Error
1999/12/11  11:07:34  OpenFileMapping
1999/12/11  11:07:34  Open Map Error
1999/12/11  14:12:14  TKS11.exe起動
1999/12/11  14:12:14  OpenFileMapping
1999/12/11  14:12:14  Open Map Error
1999/12/11  14:12:14  OpenFileMapping
1999/12/11  14:12:14  Open Map Error
1999/12/11  16:42:28  TKS11.exe起動
1999/12/11  16:42:28  OpenFileMapping
1999/12/11  16:42:28  Open Map Error
1999/12/11  16:42:28  OpenFileMapping
1999/12/11  16:42:28  Open Map Error
1999/12/12  15:21:27  TKS11.exe起動
1999/12/12  15:21:27  OpenFileMapping
1999/12/12  15:21:27  Open Map Error
1999/12/12  15:21:27  OpenFileMapping
1999/12/12  15:21:27  Open Map Error
1999/12/13  09:44:11  TKS11.exe起動
1999/12/13  09:44:11  OpenFileMapping
1999/12/13  09:44:11  Open Map Error
1999/12/13  09:44:11  OpenFileMapping
1999/12/13  09:44:11  Open Map Error
1999/12/13  09:48:29  TKS11.exe起動
1999/12/13  09:48:29  OpenFileMapping
1999/12/13  09:48:29  Open Map Error
1999/12/13  09:48:29  OpenFileMapping
1999/12/13  09:48:29  Open Map Error
1999/12/13  09:53:58  TKS11.exe起動
1999/12/13  09:53:58  OpenFileMapping
1999/12/13  09:53:58  Open Map Error
1999/12/13  09:53:58  OpenFileMapping
1999/12/13  09:53:58  Open Map Error
1999/12/13  10:26:33  TKS11.exe起動
1999/12/13  10:26:33  OpenFileMapping
1999/12/13  10:26:33  Open Map Error
1999/12/13  10:26:33  OpenFileMapping
1999/12/13  10:26:33  Open Map Error
1999/12/14  09:12:35  TKS11.exe起動
1999/12/14  09:12:35  OpenFileMapping
1999/12/14  09:12:35  Open Map Error
1999/12/14  09:12:35  OpenFileMapping
1999/12/14  09:12:35  Open Map Error
1999/12/14  09:14:08  TKS11.exe起動
1999/12/14  09:14:08  OpenFileMapping
1999/12/14  09:14:08  Open Map Error
1999/12/14  09:14:08  OpenFileMapping
1999/12/14  09:14:08  Open Map Error
1999/12/14  09:15:10  TKS11.exe起動
1999/12/14  09:15:10  OpenFileMapping
1999/12/14  09:15:10  Open Map Error
1999/12/14  09:15:10  OpenFileMapping
1999/12/14  09:15:10  Open Map Error
1999/12/14  09:18:06  TKS11.exe起動
1999/12/14  09:18:06  OpenFileMapping
1999/12/14  09:18:06  Open Map Error
1999/12/14  09:18:06  OpenFileMapping
1999/12/14  09:18:06  Open Map Error
1999/12/14  14:42:43  TKS11.exe起動
1999/12/14  14:42:43  OpenFileMapping
1999/12/14  14:42:43  Open Map Error
1999/12/14  14:42:43  OpenFileMapping
1999/12/14  14:42:43  Open Map Error
1999/12/15  14:25:20  TKS11.exe起動
1999/12/15  14:25:20  OpenFileMapping
1999/12/15  14:25:20  Open Map Error
1999/12/15  14:25:20  OpenFileMapping
1999/12/15  14:25:20  Open Map Error
1999/12/15  14:53:16  TKS11.exe起動
1999/12/15  14:53:16  OpenFileMapping
1999/12/15  14:53:16  Open Map Error
1999/12/15  14:53:16  OpenFileMapping
1999/12/15  14:53:16  Open Map Error
1999/12/16  21:50:07  TKS11.exe起動
1999/12/16  21:50:07  OpenFileMapping
1999/12/16  21:50:07  Open Map Error
1999/12/16  21:50:07  OpenFileMapping
1999/12/16  21:50:07  Open Map Error
1999/12/17  13:59:34  TKS11.exe起動
1999/12/17  13:59:34  OpenFileMapping
1999/12/17  13:59:34  Open Map Error
1999/12/17  13:59:34  OpenFileMapping
1999/12/17  13:59:34  Open Map Error
1999/12/17  14:12:15  TKS11.exe起動
1999/12/17  14:12:15  OpenFileMapping
1999/12/17  14:12:15  Open Map Error
1999/12/17  14:12:15  OpenFileMapping
1999/12/17  14:12:15  Open Map Error
1999/12/17  20:38:27  TKS11.exe起動
1999/12/17  20:38:27  OpenFileMapping
1999/12/17  20:38:27  Open Map Error
1999/12/17  20:38:27  OpenFileMapping
1999/12/17  20:38:27  Open Map Error
1999/12/17  21:15:49  TKS11.exe起動
1999/12/17  21:15:49  OpenFileMapping
1999/12/17  21:15:49  Open Map Error
1999/12/17  21:15:49  OpenFileMapping
1999/12/17  21:15:49  Open Map Error
1999/12/17  21:25:02  TKS11.exe起動
1999/12/17  21:25:02  OpenFileMapping
1999/12/17  21:25:02  Open Map Error
1999/12/17  21:25:02  OpenFileMapping
1999/12/17  21:25:02  Open Map Error
1999/12/23  09:29:27  TKS11.exe起動
1999/12/23  09:29:27  OpenFileMapping
1999/12/23  09:29:27  Open Map Error
1999/12/23  09:29:27  OpenFileMapping
1999/12/23  09:29:27  Open Map Error
1999/12/23  15:20:32  TKS11.exe起動
1999/12/23  15:20:32  OpenFileMapping
1999/12/23  15:20:32  Open Map Error
1999/12/23  15:20:32  OpenFileMapping
1999/12/23  15:20:32  Open Map Error
1999/12/23  16:18:38  TKS11.exe起動
1999/12/23  16:18:38  OpenFileMapping
1999/12/23  16:18:38  Open Map Error
1999/12/23  16:18:38  OpenFileMapping
1999/12/23  16:18:38  Open Map Error
1999/12/24  14:03:17  TKS11.exe起動
1999/12/24  14:03:17  OpenFileMapping
1999/12/24  14:03:17  Open Map Error
1999/12/24  14:03:17  OpenFileMapping
1999/12/24  14:03:17  Open Map Error
1999/12/24  15:46:17  TKS11.exe起動
1999/12/24  15:46:17  Open: SId = 1
1999/12/24  15:46:17  Open: SId = 2
1999/12/24  15:49:23  TKS11.exe起動
1999/12/24  15:49:23  Open: SId = 1
1999/12/24  15:49:24  Open: SId = 2
1999/12/24  15:49:41  Close: SId = 1
1999/12/24  15:49:41  Close: SId = 2
2000/01/19  17:35:53  TKS11.exe起動
2000/01/19  17:35:54  OpenFileMapping
2000/01/19  17:35:54  Open Map Error
2000/01/19  17:35:54  OpenFileMapping
2000/01/19  17:35:54  Open Map Error
2000/01/19  17:38:14  TKS11.exe起動
2000/01/19  17:38:14  OpenFileMapping
2000/01/19  17:38:14  Open Map Error
2000/01/19  17:38:14  OpenFileMapping
2000/01/19  17:38:14  Open Map Error
2000/01/19  17:42:30  TKS11.exe起動
2000/01/19  17:42:30  OpenFileMapping
2000/01/19  17:42:30  Open Map Error
2000/01/19  17:42:30  OpenFileMapping
2000/01/19  17:42:30  Open Map Error
2000/01/24  13:55:55  TKS11.exe起動
2000/01/24  13:55:55  OpenFileMapping
2000/01/24  13:55:55  Open Map Error
2000/01/24  13:55:55  OpenFileMapping
2000/01/24  13:55:55  Open Map Error
2000/01/24  14:01:33  TKS11.exe起動
2000/01/24  14:01:33  OpenFileMapping
2000/01/24  14:01:33  Open Map Error
2000/01/24  14:01:33  OpenFileMapping
2000/01/24  14:01:33  Open Map Error
2000/01/24  14:03:48  TKS11.exe起動
2000/01/24  14:03:48  OpenFileMapping
2000/01/24  14:03:48  Open Map Error
2000/01/24  14:03:48  OpenFileMapping
2000/01/24  14:03:48  Open Map Error
2000/02/17  14:48:24  TKS11.exe起動
2000/02/17  14:48:24  OpenFileMapping
2000/02/17  14:48:24  Open Map Error
2000/02/17  14:48:24  OpenFileMapping
2000/02/17  14:48:24  Open Map Error
2000/03/01  10:40:05  TKS11.exe起動
2000/03/01  10:40:05  OpenFileMapping
2000/03/01  10:40:05  Open Map Error
2000/03/01  10:40:05  OpenFileMapping
2000/03/01  10:40:05  Open Map Error
2001/05/21  19:47:31  TKS11.exe起動
2001/05/21  19:47:31  OpenFileMapping
2001/05/21  19:47:31  Open Map Error
2001/05/21  19:47:31  OpenFileMapping
2001/05/21  19:47:31  Open Map Error
2001/05/21  19:48:12  TKS11.exe起動
2001/05/21  19:48:12  OpenFileMapping
2001/05/21  19:48:12  Open Map Error
2001/05/21  19:48:12  OpenFileMapping
2001/05/21  19:48:12  Open Map Error
2002/11/09  11:34:56  TKS11.exe起動
2002/11/09  11:34:56  OpenFileMapping
2002/11/09  11:34:56  Open Map Error
2002/11/09  11:34:56  OpenFileMapping
2002/11/09  11:34:56  Open Map Error
2002/11/09  11:38:16  TKS11.exe起動
2002/11/09  11:38:16  OpenFileMapping
2002/11/09  11:38:16  Open Map Error
2002/11/09  11:38:16  OpenFileMapping
2002/11/09  11:38:16  Open Map Error
2002/11/18  21:35:06  TKS11.exe起動
2002/11/18  21:35:06  OpenFileMapping
2002/11/18  21:35:06  Open Map Error
2002/11/18  21:35:06  OpenFileMapping
2002/11/18  21:35:06  Open Map Error
2002/11/23  10:54:13  TKS11.exe起動
2002/11/23  10:54:13  OpenFileMapping
2002/11/23  10:54:13  Open Map Error
2002/11/23  10:54:13  OpenFileMapping
2002/11/23  10:54:13  Open Map Error
2002/11/23  10:54:45  TKS11.exe起動
2002/11/23  10:54:45  OpenFileMapping
2002/11/23  10:54:45  Open Map Error
2002/11/23  10:54:45  OpenFileMapping
2002/11/23  10:54:45  Open Map Error
2002/11/23  11:07:17  TKS11.exe起動
2002/11/23  11:07:17  OpenFileMapping
2002/11/23  11:07:17  Open Map Error
2002/11/23  11:07:17  OpenFileMapping
2002/11/23  11:07:17  Open Map Error
2002/11/23  11:17:03  TKS11.exe起動
2002/11/23  11:17:03  OpenFileMapping
2002/11/23  11:17:03  Open Map Error
2002/11/23  11:17:03  OpenFileMapping
2002/11/23  11:17:03  Open Map Error
2002/11/23  11:17:33  TKS11.exe起動
2002/11/23  11:17:33  OpenFileMapping
2002/11/23  11:17:33  Open Map Error
2002/11/23  11:17:33  OpenFileMapping
2002/11/23  11:17:33  Open Map Error
2002/11/23  11:21:40  TKS11.exe起動
2002/11/23  11:21:40  OpenFileMapping
2002/11/23  11:21:40  Open Map Error
2002/11/23  11:21:40  OpenFileMapping
2002/11/23  11:21:40  Open Map Error
2002/11/23  11:23:46  TKS11.exe起動
2002/11/23  11:23:46  OpenFileMapping
2002/11/23  11:23:46  Open Map Error
2002/11/23  11:23:46  OpenFileMapping
2002/11/23  11:23:46  Open Map Error
2002/11/23  11:26:16  TKS11.exe起動
2002/11/23  11:26:16  OpenFileMapping
2002/11/23  11:26:16  Open Map Error
2002/11/23  11:26:16  OpenFileMapping
2002/11/23  11:26:16  Open Map Error
2002/11/23  11:27:54  TKS11.exe起動
2002/11/23  11:27:54  OpenFileMapping
2002/11/23  11:27:54  Open Map Error
2002/11/23  11:27:54  OpenFileMapping
2002/11/23  11:27:54  Open Map Error
2002/11/25  13:30:05  TKS11.exe起動
2002/11/25  13:30:05  OpenFileMapping
2002/11/25  13:30:05  Open Map Error
2002/11/25  13:30:05  OpenFileMapping
2002/11/25  13:30:05  Open Map Error
2002/11/25  16:51:13  TKS11.exe起動
2002/11/25  16:51:13  OpenFileMapping
2002/11/25  16:51:13  Open Map Error
2002/11/25  16:51:13  OpenFileMapping
2002/11/25  16:51:13  Open Map Error
2002/12/07  14:43:45  TKS11.exe起動
2002/12/07  14:43:46  OpenFileMapping
2002/12/07  14:43:46  Open Map Error
2002/12/07  14:43:46  OpenFileMapping
2002/12/07  14:43:46  Open Map Error
2002/12/07  17:16:02  TKS11.exe起動
2002/12/07  17:16:02  OpenFileMapping
2002/12/07  17:16:02  Open Map Error
2002/12/07  17:16:02  OpenFileMapping
2002/12/07  17:16:02  Open Map Error
2003/01/20  11:15:58  TKS11.exe起動
2003/01/20  11:15:58  OpenFileMapping
2003/01/20  11:15:59  Open Map Error
2003/01/20  11:15:59  OpenFileMapping
2003/01/20  11:15:59  Open Map Error
2003/02/05  16:38:51  TKS11.exe起動
2003/02/05  16:38:51  OpenFileMapping
2003/02/05  16:38:51  Open Map Error
2003/02/05  16:38:51  OpenFileMapping
2003/02/05  16:38:51  Open Map Error
2003/02/07  08:39:53  TKS11.exe起動
2003/02/07  08:39:53  OpenFileMapping
2003/02/07  08:39:53  Open Map Error
2003/02/07  08:39:53  OpenFileMapping
2003/02/07  08:39:53  Open Map Error
2004/05/13  11:42:14  TKS11.exe起動
2004/05/13  11:42:14  OpenFileMapping
2004/05/13  11:42:14  Open Map Error
2004/05/13  11:42:14  OpenFileMapping
2004/05/13  11:42:14  Open Map Error
2004/05/13  15:14:18  TKS11.exe起動
2004/05/13  15:14:18  OpenFileMapping
2004/05/13  15:14:18  Open Map Error
2004/05/13  15:14:18  OpenFileMapping
2004/05/13  15:14:19  Open Map Error
2016/06/05  06:58:16  TKS11.exe起動
2016/06/05  06:58:16  OpenFileMapping
2016/06/05  06:58:16  Open Map Error
2016/06/05  06:58:16  OpenFileMapping
2016/06/05  06:58:16  Open Map Error
2016/06/30  10:04:29  TKS11.exe起動
2016/06/30  10:04:29  OpenFileMapping
2016/06/30  10:04:29  Open Map Error
2016/06/30  10:04:29  OpenFileMapping
2016/06/30  10:04:29  Open Map Error
2016/06/30  10:15:35  TKS11.exe起動
2016/06/30  10:15:35  OpenFileMapping
2016/06/30  10:15:35  Open Map Error
2016/06/30  10:15:35  OpenFileMapping
2016/06/30  10:15:35  Open Map Error
2016/06/30  10:46:59  TKS11.exe起動
2016/06/30  10:46:59  OpenFileMapping
2016/06/30  10:46:59  Open Map Error
2016/06/30  10:46:59  OpenFileMapping
2016/06/30  10:46:59  Open Map Error
2016/06/30  10:47:24  TKS11.exe起動
2016/06/30  10:47:24  OpenFileMapping
2016/06/30  10:47:24  Open Map Error
2016/06/30  10:47:24  OpenFileMapping
2016/06/30  10:47:24  Open Map Error
2016/06/30  11:09:29  TKS11.exe起動
2016/06/30  11:09:29  OpenFileMapping
2016/06/30  11:09:29  Open Map Error
2016/06/30  11:09:29  OpenFileMapping
2016/06/30  11:09:29  Open Map Error
2016/06/30  11:14:07  TKS11.exe起動
2016/06/30  11:14:07  OpenFileMapping
2016/06/30  11:14:07  Open Map Error
2016/06/30  11:14:07  OpenFileMapping
2016/06/30  11:14:07  Open Map Error
2016/06/30  11:17:46  TKS11.exe起動
2016/06/30  11:17:46  OpenFileMapping
2016/06/30  11:17:46  Open Map Error
2016/06/30  11:17:46  OpenFileMapping
2016/06/30  11:17:46  Open Map Error
2016/07/06  14:59:16  TKS11.exe起動
2016/07/06  14:59:16  OpenFileMapping
2016/07/06  14:59:16  Open Map Error
2016/07/06  14:59:16  OpenFileMapping
2016/07/06  14:59:16  Open Map Error
2016/07/11  09:51:47  TKS11.exe起動
2016/07/11  09:51:47  Open: SId = 1
2016/07/11  09:51:47  Open: SId = 2
2016/07/11  09:58:15  Close: SId = 1
2016/07/11  09:58:15  Close: SId = 2
2016/07/11  09:58:43  TKS11.exe起動
2016/07/11  09:58:43  Open: SId = 1
2016/07/11  09:58:43  Open: SId = 2
2016/07/11  10:02:29  Close: SId = 1
2016/07/11  10:02:29  Close: SId = 2
2016/07/13  09:31:13  TKS11.exe起動
2016/07/13  09:31:13  OpenFileMapping
2016/07/13  09:31:13  Open Map Error
2016/07/13  09:31:13  OpenFileMapping
2016/07/13  09:31:13  Open Map Error
2016/10/17  17:24:37  TKS11.exe起動
2016/10/17  17:24:37  OpenFileMapping
2016/10/17  17:24:37  Open Map Error
2016/10/17  17:24:37  OpenFileMapping
2016/10/17  17:24:37  Open Map Error
2016/10/18  14:05:31  TKS11.exe起動
2016/10/18  14:05:31  OpenFileMapping
2016/10/18  14:05:31  Open Map Error
2016/10/18  14:05:31  OpenFileMapping
2016/10/18  14:05:31  Open Map Error
2016/11/26  09:57:32  TKS11.exe起動
2016/11/26  09:57:32  OpenFileMapping
2016/11/26  09:57:32  Open Map Error
2016/11/26  09:57:32  OpenFileMapping
2016/11/26  09:57:32  Open Map Error
2016/11/29  10:12:07  TKS11.exe起動
2016/11/29  10:12:07  OpenFileMapping
2016/11/29  10:12:07  Open Map Error
2016/11/29  10:12:07  OpenFileMapping
2016/11/29  10:12:07  Open Map Error
2016/11/29  10:55:06  TKS11.exe起動
2016/11/29  10:55:06  OpenFileMapping
2016/11/29  10:55:06  Open Map Error
2016/11/29  10:55:06  OpenFileMapping
2016/11/29  10:55:06  Open Map Error
