

***********************************************************************
Fatal OSN connect error 12154, connecting to:
 STRS

  VERSION INFORMATION:
	TNS for 32-bit Windows: Version 2.3.4.0.0 - Production
	Windows NT TCP/IP NT Protocol Adapter for 32-bit Windows: Version 2.3.4.0.0 - Production
  Time: 22-NOV-99 10:10:35
  Tracing not turned on.


***********************************************************************
Fatal OSN connect error 12547, connecting to:
 (DESCRIPTION=(ADDRESS_LIST=(ADDRESS=(PROTOCOL=BEQ)(PROGRAM=oracle80)(ARGV0=oracle80ORCL)(ARGS='(DESCRIPTION=(LOCAL=YES)(ADDRESS=(PROTOCOL=beq)))')))(CONNECT_DATA=(SID=ORCL)(CID=(PROGRAM=BCB.exe)(HOST=UNICSPC04E)(USER=takase))))

  VERSION INFORMATION:
	TNS for 32-bit Windows: Version 2.3.4.0.0 - Production
	Oracle Bequeath NT Protocol Adapter for 32-bit Windows: Version 2.3.4.0.0 - Production
	Windows NT TCP/IP NT Protocol Adapter for 32-bit Windows: Version 2.3.4.0.0 - Production
  Time: 22-NOV-99 10:10:35
  Tracing not turned on.
  Tns error struct:
    nr err code: 12206
    TNS-12206: TNS: ナビゲーション中にTNSエラーを受け取りました。
    ns main err code: 12547
    TNS-12547: TNS: コンタクトが消失しました。
    ns secondary err code: 12560
    nt main err code: 517
    TNS-00517: コンタクトがなくなりました。
    nt secondary err code: 0
    nt OS err code: 0


***********************************************************************
Fatal OSN connect error 12154, connecting to:
 STRS

  VERSION INFORMATION:
	TNS for 32-bit Windows: Version 2.3.4.0.0 - Production
	Windows NT TCP/IP NT Protocol Adapter for 32-bit Windows: Version 2.3.4.0.0 - Production
  Time: 22-NOV-99 10:14:31
  Tracing not turned on.


***********************************************************************
Fatal OSN connect error 12547, connecting to:
 (DESCRIPTION=(ADDRESS_LIST=(ADDRESS=(PROTOCOL=BEQ)(PROGRAM=oracle80)(ARGV0=oracle80ORCL)(ARGS='(DESCRIPTION=(LOCAL=YES)(ADDRESS=(PROTOCOL=beq)))')))(CONNECT_DATA=(SID=ORCL)(CID=(PROGRAM=BCB.exe)(HOST=UNICSPC04E)(USER=takase))))

  VERSION INFORMATION:
	TNS for 32-bit Windows: Version 2.3.4.0.0 - Production
	Oracle Bequeath NT Protocol Adapter for 32-bit Windows: Version 2.3.4.0.0 - Production
	Windows NT TCP/IP NT Protocol Adapter for 32-bit Windows: Version 2.3.4.0.0 - Production
  Time: 22-NOV-99 10:14:31
  Tracing not turned on.
  Tns error struct:
    nr err code: 12206
    TNS-12206: TNS: ナビゲーション中にTNSエラーを受け取りました。
    ns main err code: 12547
    TNS-12547: TNS: コンタクトが消失しました。
    ns secondary err code: 12560
    nt main err code: 517
    TNS-00517: コンタクトがなくなりました。
    nt secondary err code: 0
    nt OS err code: 0


***********************************************************************
Fatal OSN connect error 12203, connecting to:
 (DESCRIPTION=(ADDRESS_LIST=(ADDRESS=(COMMUNITY=tcp.world)(PROTOCOL=TCP)(Host=155.160.126.135)(Port=1521))(ADDRESS=(COMMUNITY=tcp.world)(PROTOCOL=TCP)(Host=155.160.126.135)(Port=1526)))(CONNECT_DATA=(SID=ORCL)(CID=(PROGRAM=bcb.exe)(HOST=UNICSPC04E)(USER=takase))))

  VERSION INFORMATION:
	TNS for 32-bit Windows: Version 2.3.4.0.0 - Production
	Windows NT TCP/IP NT Protocol Adapter for 32-bit Windows: Version 2.3.4.0.0 - Production
  Time: 24-NOV-99 08:57:11
  Tracing not turned on.
  Tns error struct:
    nr err code: 12203
    TNS-12203: TNS: 接続先に接続できません。
    ns main err code: 12541
    TNS-12541: TNS: リスナーはありません。
    ns secondary err code: 12560
    nt main err code: 511
    TNS-00511: リスナーがありません。
    nt secondary err code: 61
    nt OS err code: 0


***********************************************************************
Fatal OSN connect error 12547, connecting to:
 (DESCRIPTION=(ADDRESS_LIST=(ADDRESS=(PROTOCOL=BEQ)(PROGRAM=oracle80)(ARGV0=oracle80ORCL)(ARGS='(DESCRIPTION=(LOCAL=YES)(ADDRESS=(PROTOCOL=beq)))')))(CONNECT_DATA=(SID=ORCL)(CID=(PROGRAM=bcb.exe)(HOST=UNICSPC04E)(USER=takase))))

  VERSION INFORMATION:
	TNS for 32-bit Windows: Version 2.3.4.0.0 - Production
	Oracle Bequeath NT Protocol Adapter for 32-bit Windows: Version 2.3.4.0.0 - Production
	Windows NT TCP/IP NT Protocol Adapter for 32-bit Windows: Version 2.3.4.0.0 - Production
  Time: 24-NOV-99 08:57:11
  Tracing not turned on.
  Tns error struct:
    nr err code: 12206
    TNS-12206: TNS: ナビゲーション中にTNSエラーを受け取りました。
    ns main err code: 12547
    TNS-12547: TNS: コンタクトが消失しました。
    ns secondary err code: 12560
    nt main err code: 517
    TNS-00517: コンタクトがなくなりました。
    nt secondary err code: 0
    nt OS err code: 0


***********************************************************************
Fatal OSN connect error 12203, connecting to:
 (DESCRIPTION=(ADDRESS_LIST=(ADDRESS=(COMMUNITY=tcp.world)(PROTOCOL=TCP)(Host=155.160.126.164)(Port=1521))(ADDRESS=(COMMUNITY=tcp.world)(PROTOCOL=TCP)(Host=155.160.126.164)(Port=1526)))(CONNECT_DATA=(SID=ORCL)(CID=(PROGRAM=Project1.exe)(HOST=HOC1-082)(USER=Administrator))))

  VERSION INFORMATION:
	TNS for 32-bit Windows: Version 2.3.4.0.0 - Production
	Windows NT TCP/IP NT Protocol Adapter for 32-bit Windows: Version 2.3.4.0.0 - Production
  Time: 06-DEC-99 18:55:52
  Tracing not turned on.
  Tns error struct:
    nr err code: 12203
    TNS-12203: TNS: 接続先に接続できません。
    ns main err code: 12560
    TNS-12560: TNS: プロトコル・アダプタ・エラーです。
    ns secondary err code: 0
    nt main err code: 538
    TNS-00538: Message 538 not found;  product=NETWORK; facility=TNS

    nt secondary err code: 65
    nt OS err code: 0


***********************************************************************
Fatal OSN connect error 12547, connecting to:
 (DESCRIPTION=(ADDRESS_LIST=(ADDRESS=(PROTOCOL=BEQ)(PROGRAM=oracle80)(ARGV0=oracle80ORCL)(ARGS='(DESCRIPTION=(LOCAL=YES)(ADDRESS=(PROTOCOL=beq)))')))(CONNECT_DATA=(SID=ORCL)(CID=(PROGRAM=Project1.exe)(HOST=HOC1-082)(USER=Administrator))))

  VERSION INFORMATION:
	TNS for 32-bit Windows: Version 2.3.4.0.0 - Production
	Oracle Bequeath NT Protocol Adapter for 32-bit Windows: Version 2.3.4.0.0 - Production
  Time: 06-DEC-99 18:55:52
  Tracing not turned on.
  Tns error struct:
    nr err code: 12206
    TNS-12206: TNS: ナビゲーション中にTNSエラーを受け取りました。
    ns main err code: 12547
    TNS-12547: TNS: コンタクトが消失しました。
    ns secondary err code: 12560
    nt main err code: 517
    TNS-00517: コンタクトがなくなりました。
    nt secondary err code: 0
    nt OS err code: 0


***********************************************************************
Fatal OSN connect error 12547, connecting to:
 (DESCRIPTION=(ADDRESS_LIST=(ADDRESS=(PROTOCOL=BEQ)(PROGRAM=oracle80)(ARGV0=oracle80ORCL)(ARGS='(DESCRIPTION=(LOCAL=YES)(ADDRESS=(PROTOCOL=beq)))')))(CONNECT_DATA=(SID=ORCL)(CID=(PROGRAM=BCB.exe)(HOST=HOC1-083)(USER=Administrator))))

  VERSION INFORMATION:
	TNS for 32-bit Windows: Version 2.3.4.0.0 - Production
	Oracle Bequeath NT Protocol Adapter for 32-bit Windows: Version 2.3.4.0.0 - Production
	Windows NT TCP/IP NT Protocol Adapter for 32-bit Windows: Version 2.3.4.0.0 - Production
  Time: 22-DEC-99 17:44:40
  Tracing not turned on.
  Tns error struct:
    nr err code: 12206
    TNS-12206: TNS: ナビゲーション中にTNSエラーを受け取りました。
    ns main err code: 12547
    TNS-12547: TNS: コンタクトが消失しました。
    ns secondary err code: 12560
    nt main err code: 517
    TNS-00517: コンタクトがなくなりました。
    nt secondary err code: 0
    nt OS err code: 0


***********************************************************************
Fatal OSN connect error 12547, connecting to:
 (DESCRIPTION=(ADDRESS_LIST=(ADDRESS=(PROTOCOL=BEQ)(PROGRAM=oracle80)(ARGV0=oracle80ORCL)(ARGS='(DESCRIPTION=(LOCAL=YES)(ADDRESS=(PROTOCOL=beq)))')))(CONNECT_DATA=(SID=ORCL)(CID=(PROGRAM=BCB.exe)(HOST=UNICSPC08E)(USER=Administrator))))

  VERSION INFORMATION:
	TNS for 32-bit Windows: Version 2.3.4.0.0 - Production
	Oracle Bequeath NT Protocol Adapter for 32-bit Windows: Version 2.3.4.0.0 - Production
	Windows NT TCP/IP NT Protocol Adapter for 32-bit Windows: Version 2.3.4.0.0 - Production
  Time: 28-JUL-03 13:18:06
  Tracing not turned on.
  Tns error struct:
    nr err code: 12206
    TNS-12206: TNS: ナビゲーション中にTNSエラーを受け取りました。
    ns main err code: 12547
    TNS-12547: TNS: コンタクトが消失しました。
    ns secondary err code: 12560
    nt main err code: 517
    TNS-00517: コンタクトがなくなりました。
    nt secondary err code: 0
    nt OS err code: 0


***********************************************************************
Fatal OSN connect error 12547, connecting to:
 (DESCRIPTION=(ADDRESS_LIST=(ADDRESS=(PROTOCOL=BEQ)(PROGRAM=oracle80)(ARGV0=oracle80ORCL)(ARGS='(DESCRIPTION=(LOCAL=YES)(ADDRESS=(PROTOCOL=beq)))')))(CONNECT_DATA=(SID=ORCL)(CID=(PROGRAM=BCB.exe)(HOST=UNICSPC08E)(USER=Administrator))))

  VERSION INFORMATION:
	TNS for 32-bit Windows: Version 2.3.4.0.0 - Production
	Oracle Bequeath NT Protocol Adapter for 32-bit Windows: Version 2.3.4.0.0 - Production
	Windows NT TCP/IP NT Protocol Adapter for 32-bit Windows: Version 2.3.4.0.0 - Production
  Time: 28-JUL-03 13:19:51
  Tracing not turned on.
  Tns error struct:
    nr err code: 12206
    TNS-12206: TNS: ナビゲーション中にTNSエラーを受け取りました。
    ns main err code: 12547
    TNS-12547: TNS: コンタクトが消失しました。
    ns secondary err code: 12560
    nt main err code: 517
    TNS-00517: コンタクトがなくなりました。
    nt secondary err code: 0
    nt OS err code: 0


***********************************************************************
Fatal OSN connect error 12547, connecting to:
 (DESCRIPTION=(ADDRESS_LIST=(ADDRESS=(PROTOCOL=BEQ)(PROGRAM=oracle80)(ARGV0=oracle80ORCL)(ARGS='(DESCRIPTION=(LOCAL=YES)(ADDRESS=(PROTOCOL=beq)))')))(CONNECT_DATA=(SID=ORCL)(CID=(PROGRAM=BCB.exe)(HOST=UNICSPC08E)(USER=Administrator))))

  VERSION INFORMATION:
	TNS for 32-bit Windows: Version 2.3.4.0.0 - Production
	Oracle Bequeath NT Protocol Adapter for 32-bit Windows: Version 2.3.4.0.0 - Production
	Windows NT TCP/IP NT Protocol Adapter for 32-bit Windows: Version 2.3.4.0.0 - Production
  Time: 28-JUL-03 13:20:34
  Tracing not turned on.
  Tns error struct:
    nr err code: 12206
    TNS-12206: TNS: ナビゲーション中にTNSエラーを受け取りました。
    ns main err code: 12547
    TNS-12547: TNS: コンタクトが消失しました。
    ns secondary err code: 12560
    nt main err code: 517
    TNS-00517: コンタクトがなくなりました。
    nt secondary err code: 0
    nt OS err code: 0
