1999/12/09  15:45:25  TKS15.exe起動
1999/12/09  15:45:25  OpenFileMapping
1999/12/09  15:45:25  Open Map Error
1999/12/09  15:45:25  OpenFileMapping
1999/12/09  15:45:25  Open Map Error
1999/12/10  15:51:33  TKS15.exe起動
1999/12/10  15:51:33  OpenFileMapping
1999/12/10  15:51:33  Open Map Error
1999/12/10  15:51:33  OpenFileMapping
1999/12/10  15:51:33  Open Map Error
1999/12/10  16:32:03  TKS15.exe起動
1999/12/10  16:32:03  OpenFileMapping
1999/12/10  16:32:03  Open Map Error
1999/12/10  16:32:03  OpenFileMapping
1999/12/10  16:32:03  Open Map Error
1999/12/10  16:38:10  TKS15.exe起動
1999/12/10  16:38:10  OpenFileMapping
1999/12/10  16:38:10  Open Map Error
1999/12/10  16:38:10  OpenFileMapping
1999/12/10  16:38:10  Open Map Error
1999/12/10  16:42:22  TKS15.exe起動
1999/12/10  16:42:22  OpenFileMapping
1999/12/10  16:42:22  Open Map Error
1999/12/10  16:42:22  OpenFileMapping
1999/12/10  16:42:22  Open Map Error
1999/12/10  16:43:17  TKS15.exe起動
1999/12/10  16:43:17  OpenFileMapping
1999/12/10  16:43:17  Open Map Error
1999/12/10  16:43:17  OpenFileMapping
1999/12/10  16:43:17  Open Map Error
1999/12/10  16:44:45  TKS15.exe起動
1999/12/10  16:44:45  OpenFileMapping
1999/12/10  16:44:45  Open Map Error
1999/12/10  16:44:45  OpenFileMapping
1999/12/10  16:44:45  Open Map Error
1999/12/11  10:23:35  TKS15.exe起動
1999/12/11  10:23:35  OpenFileMapping
1999/12/11  10:23:35  Open Map Error
1999/12/11  10:23:35  OpenFileMapping
1999/12/11  10:23:35  Open Map Error
1999/12/11  11:22:11  TKS15.exe起動
1999/12/11  11:22:11  OpenFileMapping
1999/12/11  11:22:11  Open Map Error
1999/12/11  11:22:11  OpenFileMapping
1999/12/11  11:22:11  Open Map Error
1999/12/11  14:29:45  TKS15.exe起動
1999/12/11  14:29:45  OpenFileMapping
1999/12/11  14:29:45  Open Map Error
1999/12/11  14:29:45  OpenFileMapping
1999/12/11  14:29:45  Open Map Error
1999/12/11  17:00:15  TKS15.exe起動
1999/12/11  17:00:15  OpenFileMapping
1999/12/11  17:00:15  Open Map Error
1999/12/11  17:00:15  OpenFileMapping
1999/12/11  17:00:15  Open Map Error
1999/12/11  17:03:04  TKS15.exe起動
1999/12/11  17:03:04  OpenFileMapping
1999/12/11  17:03:04  Open Map Error
1999/12/11  17:03:04  OpenFileMapping
1999/12/11  17:03:04  Open Map Error
1999/12/13  09:48:52  TKS15.exe起動
1999/12/13  09:48:52  OpenFileMapping
1999/12/13  09:48:52  Open Map Error
1999/12/13  09:48:52  OpenFileMapping
1999/12/13  09:48:52  Open Map Error
1999/12/13  10:28:52  TKS15.exe起動
1999/12/13  10:28:52  OpenFileMapping
1999/12/13  10:28:52  Open Map Error
1999/12/13  10:28:52  OpenFileMapping
1999/12/13  10:28:52  Open Map Error
1999/12/13  10:31:42  TKS15.exe起動
1999/12/13  10:31:42  OpenFileMapping
1999/12/13  10:31:42  Open Map Error
1999/12/13  10:31:42  OpenFileMapping
1999/12/13  10:31:42  Open Map Error
1999/12/14  16:24:06  TKS15.exe起動
1999/12/14  16:24:06  OpenFileMapping
1999/12/14  16:24:06  Open Map Error
1999/12/14  16:24:06  OpenFileMapping
1999/12/14  16:24:06  Open Map Error
1999/12/14  16:27:27  TKS15.exe起動
1999/12/14  16:27:27  OpenFileMapping
1999/12/14  16:27:27  Open Map Error
1999/12/14  16:27:27  OpenFileMapping
1999/12/14  16:27:27  Open Map Error
1999/12/15  14:43:32  TKS15.exe起動
1999/12/15  14:43:32  OpenFileMapping
1999/12/15  14:43:32  Open Map Error
1999/12/15  14:43:32  OpenFileMapping
1999/12/15  14:43:32  Open Map Error
1999/12/15  14:48:34  TKS15.exe起動
1999/12/15  14:48:34  OpenFileMapping
1999/12/15  14:48:34  Open Map Error
1999/12/15  14:48:34  OpenFileMapping
1999/12/15  14:48:34  Open Map Error
1999/12/15  15:55:01  TKS15.exe起動
1999/12/15  15:55:01  OpenFileMapping
1999/12/15  15:55:01  Open Map Error
1999/12/15  15:55:01  OpenFileMapping
1999/12/15  15:55:01  Open Map Error
1999/12/15  15:58:59  TKS15.exe起動
1999/12/15  15:58:59  OpenFileMapping
1999/12/15  15:58:59  Open Map Error
1999/12/15  15:58:59  OpenFileMapping
1999/12/15  15:58:59  Open Map Error
1999/12/15  16:03:12  TKS15.exe起動
1999/12/15  16:03:12  OpenFileMapping
1999/12/15  16:03:12  Open Map Error
1999/12/15  16:03:12  OpenFileMapping
1999/12/15  16:03:12  Open Map Error
1999/12/15  16:05:15  TKS15.exe起動
1999/12/15  16:05:15  OpenFileMapping
1999/12/15  16:05:15  Open Map Error
1999/12/15  16:05:15  OpenFileMapping
1999/12/15  16:05:15  Open Map Error
1999/12/15  16:07:19  TKS15.exe起動
1999/12/15  16:07:19  OpenFileMapping
1999/12/15  16:07:19  Open Map Error
1999/12/15  16:07:19  OpenFileMapping
1999/12/15  16:07:19  Open Map Error
1999/12/16  21:12:18  TKS15.exe起動
1999/12/16  21:12:18  OpenFileMapping
1999/12/16  21:12:18  Open Map Error
1999/12/16  21:12:18  OpenFileMapping
1999/12/16  21:12:18  Open Map Error
1999/12/17  14:56:48  TKS15.exe起動
1999/12/17  14:56:48  OpenFileMapping
1999/12/17  14:56:48  Open Map Error
1999/12/17  14:56:48  OpenFileMapping
1999/12/17  14:56:48  Open Map Error
1999/12/17  14:59:08  TKS15.exe起動
1999/12/17  14:59:08  OpenFileMapping
1999/12/17  14:59:08  Open Map Error
1999/12/17  14:59:08  OpenFileMapping
1999/12/17  14:59:08  Open Map Error
1999/12/17  15:01:48  TKS15.exe起動
1999/12/17  15:01:48  OpenFileMapping
1999/12/17  15:01:48  Open Map Error
1999/12/17  15:01:48  OpenFileMapping
1999/12/17  15:01:48  Open Map Error
1999/12/17  15:02:32  TKS15.exe起動
1999/12/17  15:02:32  OpenFileMapping
1999/12/17  15:02:32  Open Map Error
1999/12/17  15:02:32  OpenFileMapping
1999/12/17  15:02:32  Open Map Error
1999/12/17  15:03:12  TKS15.exe起動
1999/12/17  15:03:12  OpenFileMapping
1999/12/17  15:03:12  Open Map Error
1999/12/17  15:03:12  OpenFileMapping
1999/12/17  15:03:12  Open Map Error
1999/12/17  15:05:31  TKS15.exe起動
1999/12/17  15:05:31  OpenFileMapping
1999/12/17  15:05:31  Open Map Error
1999/12/17  15:05:31  OpenFileMapping
1999/12/17  15:05:31  Open Map Error
1999/12/17  15:08:41  TKS15.exe起動
1999/12/17  15:08:41  OpenFileMapping
1999/12/17  15:08:41  Open Map Error
1999/12/17  15:08:41  OpenFileMapping
1999/12/17  15:08:41  Open Map Error
1999/12/17  20:55:43  TKS15.exe起動
1999/12/17  20:55:43  OpenFileMapping
1999/12/17  20:55:43  Open Map Error
1999/12/17  20:55:43  OpenFileMapping
1999/12/17  20:55:43  Open Map Error
1999/12/17  21:22:52  TKS15.exe起動
1999/12/17  21:22:52  OpenFileMapping
1999/12/17  21:22:52  Open Map Error
1999/12/17  21:22:52  OpenFileMapping
1999/12/17  21:22:52  Open Map Error
1999/12/17  21:26:47  TKS15.exe起動
1999/12/17  21:26:47  OpenFileMapping
1999/12/17  21:26:47  Open Map Error
1999/12/17  21:26:47  OpenFileMapping
1999/12/17  21:26:47  Open Map Error
1999/12/17  21:34:21  TKS15.exe起動
1999/12/17  21:34:21  OpenFileMapping
1999/12/17  21:34:21  Open Map Error
1999/12/17  21:34:21  OpenFileMapping
1999/12/17  21:34:21  Open Map Error
1999/12/17  21:36:46  TKS15.exe起動
1999/12/17  21:36:46  OpenFileMapping
1999/12/17  21:36:46  Open Map Error
1999/12/17  21:36:46  OpenFileMapping
1999/12/17  21:36:46  Open Map Error
1999/12/17  22:03:10  TKS15.exe起動
1999/12/17  22:03:10  OpenFileMapping
1999/12/17  22:03:10  Open Map Error
1999/12/17  22:03:10  OpenFileMapping
1999/12/17  22:03:10  Open Map Error
1999/12/23  09:45:30  TKS15.exe起動
1999/12/23  09:45:31  OpenFileMapping
1999/12/23  09:45:31  Open Map Error
1999/12/23  09:45:31  OpenFileMapping
1999/12/23  09:45:31  Open Map Error
1999/12/23  15:25:08  TKS15.exe起動
1999/12/23  15:25:08  OpenFileMapping
1999/12/23  15:25:08  Open Map Error
1999/12/23  15:25:08  OpenFileMapping
1999/12/23  15:25:08  Open Map Error
1999/12/23  16:29:26  TKS15.exe起動
1999/12/23  16:29:26  OpenFileMapping
1999/12/23  16:29:26  Open Map Error
1999/12/23  16:29:26  OpenFileMapping
1999/12/23  16:29:26  Open Map Error
2000/01/20  15:21:16  TKS15.exe起動
2000/01/20  15:21:16  OpenFileMapping
2000/01/20  15:21:16  Open Map Error
2000/01/20  15:21:16  OpenFileMapping
2000/01/20  15:21:16  Open Map Error
2000/01/20  15:27:15  TKS15.exe起動
2000/01/20  15:27:15  OpenFileMapping
2000/01/20  15:27:15  Open Map Error
2000/01/20  15:27:15  OpenFileMapping
2000/01/20  15:27:15  Open Map Error
2000/01/20  15:28:56  TKS15.exe起動
2000/01/20  15:28:56  OpenFileMapping
2000/01/20  15:28:56  Open Map Error
2000/01/20  15:28:56  OpenFileMapping
2000/01/20  15:28:56  Open Map Error
2000/01/20  15:46:14  TKS15.exe起動
2000/01/20  15:46:14  OpenFileMapping
2000/01/20  15:46:14  Open Map Error
2000/01/20  15:46:14  OpenFileMapping
2000/01/20  15:46:14  Open Map Error
2000/01/20  15:50:48  TKS15.exe起動
2000/01/20  15:50:48  OpenFileMapping
2000/01/20  15:50:48  Open Map Error
2000/01/20  15:50:48  OpenFileMapping
2000/01/20  15:50:48  Open Map Error
2000/01/20  16:59:04  TKS15.exe起動
2000/01/20  16:59:04  OpenFileMapping
2000/01/20  16:59:04  Open Map Error
2000/01/20  16:59:04  OpenFileMapping
2000/01/20  16:59:04  Open Map Error
2000/01/24  14:35:02  TKS15.exe起動
2000/01/24  14:35:02  OpenFileMapping
2000/01/24  14:35:02  Open Map Error
2000/01/24  14:35:02  OpenFileMapping
2000/01/24  14:35:02  Open Map Error
2000/02/09  19:32:15  TKS15.exe起動
2000/02/09  19:32:15  OpenFileMapping
2000/02/09  19:32:15  Open Map Error
2000/02/09  19:32:15  OpenFileMapping
2000/02/09  19:32:15  Open Map Error
2000/02/09  19:41:54  TKS15.exe起動
2000/02/09  19:41:54  OpenFileMapping
2000/02/09  19:41:54  Open Map Error
2000/02/09  19:41:54  OpenFileMapping
2000/02/09  19:41:54  Open Map Error
2000/02/09  19:43:59  TKS15.exe起動
2000/02/09  19:43:59  OpenFileMapping
2000/02/09  19:43:59  Open Map Error
2000/02/09  19:43:59  OpenFileMapping
2000/02/09  19:43:59  Open Map Error
2000/02/09  19:44:47  TKS15.exe起動
2000/02/09  19:44:47  OpenFileMapping
2000/02/09  19:44:47  Open Map Error
2000/02/09  19:44:47  OpenFileMapping
2000/02/09  19:44:47  Open Map Error
2000/02/09  19:47:45  TKS15.exe起動
2000/02/09  19:47:45  OpenFileMapping
2000/02/09  19:47:45  Open Map Error
2000/02/09  19:47:45  OpenFileMapping
2000/02/09  19:47:45  Open Map Error
2000/02/17  14:54:06  TKS15.exe起動
2000/02/17  14:54:06  OpenFileMapping
2000/02/17  14:54:06  Open Map Error
2000/02/17  14:54:06  OpenFileMapping
2000/02/17  14:54:06  Open Map Error
2000/03/01  10:51:57  TKS15.exe起動
2000/03/01  10:51:57  OpenFileMapping
2000/03/01  10:51:57  Open Map Error
2000/03/01  10:51:57  OpenFileMapping
2000/03/01  10:51:57  Open Map Error
2000/03/13  10:52:44  TKS15.exe起動
2000/03/13  10:52:44  OpenFileMapping
2000/03/13  10:52:44  Open Map Error
2000/03/13  10:52:44  OpenFileMapping
2000/03/13  10:52:44  Open Map Error
2000/03/21  13:28:35  TKS15.exe起動
2000/03/21  13:28:35  OpenFileMapping
2000/03/21  13:28:35  Open Map Error
2000/03/21  13:28:35  OpenFileMapping
2000/03/21  13:28:35  Open Map Error
2001/05/21  21:15:11  TKS15.exe起動
2001/05/21  21:15:12  OpenFileMapping
2001/05/21  21:15:12  Open Map Error
2001/05/21  21:15:12  OpenFileMapping
2001/05/21  21:15:12  Open Map Error
2002/10/24  18:08:04  TKS15.exe起動
2002/10/24  18:08:05  OpenFileMapping
2002/10/24  18:08:05  Open Map Error
2002/10/24  18:08:05  OpenFileMapping
2002/10/24  18:08:05  Open Map Error
2002/10/24  19:49:19  TKS15.exe起動
2002/10/24  19:49:20  OpenFileMapping
2002/10/24  19:49:20  Open Map Error
2002/10/24  19:49:20  OpenFileMapping
2002/10/24  19:49:20  Open Map Error
2002/10/24  19:51:38  TKS15.exe起動
2002/10/24  19:51:38  OpenFileMapping
2002/10/24  19:51:38  Open Map Error
2002/10/24  19:51:39  OpenFileMapping
2002/10/24  19:51:39  Open Map Error
2002/10/24  19:54:01  TKS15.exe起動
2002/10/24  19:54:01  OpenFileMapping
2002/10/24  19:54:01  Open Map Error
2002/10/24  19:54:01  OpenFileMapping
2002/10/24  19:54:01  Open Map Error
2002/10/24  20:00:25  TKS15.exe起動
2002/10/24  20:00:25  OpenFileMapping
2002/10/24  20:00:25  Open Map Error
2002/10/24  20:00:25  OpenFileMapping
2002/10/24  20:00:25  Open Map Error
2002/10/24  20:05:09  TKS15.exe起動
2002/10/24  20:05:09  OpenFileMapping
2002/10/24  20:05:09  Open Map Error
2002/10/24  20:05:09  OpenFileMapping
2002/10/24  20:05:09  Open Map Error
2002/10/24  20:11:50  TKS15.exe起動
2002/10/24  20:11:50  OpenFileMapping
2002/10/24  20:11:50  Open Map Error
2002/10/24  20:11:50  OpenFileMapping
2002/10/24  20:11:50  Open Map Error
2002/10/24  20:43:09  TKS15.exe起動
2002/10/24  20:43:09  OpenFileMapping
2002/10/24  20:43:09  Open Map Error
2002/10/24  20:43:09  OpenFileMapping
2002/10/24  20:43:09  Open Map Error
2002/10/25  08:37:05  TKS15.exe起動
2002/10/25  08:37:05  OpenFileMapping
2002/10/25  08:37:05  Open Map Error
2002/10/25  08:37:05  OpenFileMapping
2002/10/25  08:37:05  Open Map Error
2002/10/25  15:47:43  TKS15.exe起動
2002/10/25  15:47:43  OpenFileMapping
2002/10/25  15:47:43  Open Map Error
2002/10/25  15:47:43  OpenFileMapping
2002/10/25  15:47:43  Open Map Error
2002/10/25  15:49:17  TKS15.exe起動
2002/10/25  15:49:17  OpenFileMapping
2002/10/25  15:49:17  Open Map Error
2002/10/25  15:49:17  OpenFileMapping
2002/10/25  15:49:17  Open Map Error
2002/10/25  16:19:02  TKS15.exe起動
2002/10/25  16:19:02  OpenFileMapping
2002/10/25  16:19:02  Open Map Error
2002/10/25  16:19:02  OpenFileMapping
2002/10/25  16:19:02  Open Map Error
2002/10/25  16:32:23  TKS15.exe起動
2002/10/25  16:32:23  OpenFileMapping
2002/10/25  16:32:23  Open Map Error
2002/10/25  16:32:23  OpenFileMapping
2002/10/25  16:32:23  Open Map Error
2002/10/25  17:41:47  TKS15.exe起動
2002/10/25  17:41:47  OpenFileMapping
2002/10/25  17:41:47  Open Map Error
2002/10/25  17:41:47  OpenFileMapping
2002/10/25  17:41:47  Open Map Error
2002/10/28  10:37:04  TKS15.exe起動
2002/10/28  10:37:04  OpenFileMapping
2002/10/28  10:37:04  Open Map Error
2002/10/28  10:37:04  OpenFileMapping
2002/10/28  10:37:04  Open Map Error
2002/10/28  13:11:37  TKS15.exe起動
2002/10/28  13:11:37  OpenFileMapping
2002/10/28  13:11:37  Open Map Error
2002/10/28  13:11:37  OpenFileMapping
2002/10/28  13:11:37  Open Map Error
2002/10/28  13:14:59  TKS15.exe起動
2002/10/28  13:14:59  OpenFileMapping
2002/10/28  13:14:59  Open Map Error
2002/10/28  13:14:59  OpenFileMapping
2002/10/28  13:14:59  Open Map Error
2002/10/28  13:23:11  TKS15.exe起動
2002/10/28  13:23:11  OpenFileMapping
2002/10/28  13:23:11  Open Map Error
2002/10/28  13:23:11  OpenFileMapping
2002/10/28  13:23:11  Open Map Error
2002/10/28  14:11:28  TKS15.exe起動
2002/10/28  14:11:28  OpenFileMapping
2002/10/28  14:11:28  Open Map Error
2002/10/28  14:11:28  OpenFileMapping
2002/10/28  14:11:28  Open Map Error
2002/10/28  14:15:02  TKS15.exe起動
2002/10/28  14:15:02  OpenFileMapping
2002/10/28  14:15:02  Open Map Error
2002/10/28  14:15:02  OpenFileMapping
2002/10/28  14:15:02  Open Map Error
2002/10/28  14:36:22  TKS15.exe起動
2002/10/28  14:36:22  OpenFileMapping
2002/10/28  14:36:22  Open Map Error
2002/10/28  14:36:22  OpenFileMapping
2002/10/28  14:36:22  Open Map Error
2002/10/28  14:39:22  TKS15.exe起動
2002/10/28  14:39:22  OpenFileMapping
2002/10/28  14:39:22  Open Map Error
2002/10/28  14:39:22  OpenFileMapping
2002/10/28  14:39:22  Open Map Error
2002/10/28  15:07:46  TKS15.exe起動
2002/10/28  15:07:46  OpenFileMapping
2002/10/28  15:07:46  Open Map Error
2002/10/28  15:07:46  OpenFileMapping
2002/10/28  15:07:46  Open Map Error
2002/10/30  16:57:25  TKS15.exe起動
2002/10/30  16:57:25  OpenFileMapping
2002/10/30  16:57:25  Open Map Error
2002/10/30  16:57:25  OpenFileMapping
2002/10/30  16:57:25  Open Map Error
2002/10/30  17:04:14  TKS15.exe起動
2002/10/30  17:04:14  OpenFileMapping
2002/10/30  17:04:14  Open Map Error
2002/10/30  17:04:14  OpenFileMapping
2002/10/30  17:04:14  Open Map Error
2002/10/31  19:29:52  TKS15.exe起動
2002/10/31  19:29:52  OpenFileMapping
2002/10/31  19:29:52  Open Map Error
2002/10/31  19:29:52  OpenFileMapping
2002/10/31  19:29:52  Open Map Error
2002/10/31  19:38:46  TKS15.exe起動
2002/10/31  19:38:46  OpenFileMapping
2002/10/31  19:38:46  Open Map Error
2002/10/31  19:38:46  OpenFileMapping
2002/10/31  19:38:46  Open Map Error
2002/11/02  10:30:25  TKS15.exe起動
2002/11/02  10:30:25  OpenFileMapping
2002/11/02  10:30:25  Open Map Error
2002/11/02  10:30:25  OpenFileMapping
2002/11/02  10:30:25  Open Map Error
2002/11/02  14:21:55  TKS15.exe起動
2002/11/02  14:21:55  OpenFileMapping
2002/11/02  14:21:55  Open Map Error
2002/11/02  14:21:55  OpenFileMapping
2002/11/02  14:21:55  Open Map Error
2002/11/02  14:22:46  TKS15.exe起動
2002/11/02  14:22:46  OpenFileMapping
2002/11/02  14:22:46  Open Map Error
2002/11/02  14:22:46  OpenFileMapping
2002/11/02  14:22:46  Open Map Error
2002/11/02  14:24:02  TKS15.exe起動
2002/11/02  14:24:02  OpenFileMapping
2002/11/02  14:24:02  Open Map Error
2002/11/02  14:24:02  OpenFileMapping
2002/11/02  14:24:02  Open Map Error
2002/11/02  14:25:15  TKS15.exe起動
2002/11/02  14:25:15  OpenFileMapping
2002/11/02  14:25:15  Open Map Error
2002/11/02  14:25:15  OpenFileMapping
2002/11/02  14:25:15  Open Map Error
2002/11/02  14:55:57  TKS15.exe起動
2002/11/02  14:55:57  OpenFileMapping
2002/11/02  14:55:57  Open Map Error
2002/11/02  14:55:57  OpenFileMapping
2002/11/02  14:55:57  Open Map Error
2002/11/02  14:57:23  TKS15.exe起動
2002/11/02  14:57:23  OpenFileMapping
2002/11/02  14:57:23  Open Map Error
2002/11/02  14:57:23  OpenFileMapping
2002/11/02  14:57:23  Open Map Error
2002/11/02  15:04:16  TKS15.exe起動
2002/11/02  15:04:16  OpenFileMapping
2002/11/02  15:04:16  Open Map Error
2002/11/02  15:04:16  OpenFileMapping
2002/11/02  15:04:16  Open Map Error
2002/11/02  15:09:34  TKS15.exe起動
2002/11/02  15:09:34  OpenFileMapping
2002/11/02  15:09:34  Open Map Error
2002/11/02  15:09:34  OpenFileMapping
2002/11/02  15:09:34  Open Map Error
2002/11/02  15:22:34  TKS15.exe起動
2002/11/02  15:22:34  OpenFileMapping
2002/11/02  15:22:34  Open Map Error
2002/11/02  15:22:34  OpenFileMapping
2002/11/02  15:22:34  Open Map Error
2002/11/02  15:31:36  TKS15.exe起動
2002/11/02  15:31:36  OpenFileMapping
2002/11/02  15:31:36  Open Map Error
2002/11/02  15:31:36  OpenFileMapping
2002/11/02  15:31:36  Open Map Error
2002/11/02  15:34:52  TKS15.exe起動
2002/11/02  15:34:52  OpenFileMapping
2002/11/02  15:34:52  Open Map Error
2002/11/02  15:34:52  OpenFileMapping
2002/11/02  15:34:52  Open Map Error
2002/11/02  15:55:18  TKS15.exe起動
2002/11/02  15:55:18  OpenFileMapping
2002/11/02  15:55:18  Open Map Error
2002/11/02  15:55:18  OpenFileMapping
2002/11/02  15:55:18  Open Map Error
2002/11/02  18:48:14  TKS15.exe起動
2002/11/02  18:48:14  OpenFileMapping
2002/11/02  18:48:14  Open Map Error
2002/11/02  18:48:14  OpenFileMapping
2002/11/02  18:48:14  Open Map Error
2002/11/05  17:22:50  TKS15.exe起動
2002/11/05  17:22:50  OpenFileMapping
2002/11/05  17:22:50  Open Map Error
2002/11/05  17:22:50  OpenFileMapping
2002/11/05  17:22:50  Open Map Error
2002/11/05  17:24:15  TKS15.exe起動
2002/11/05  17:24:15  OpenFileMapping
2002/11/05  17:24:15  Open Map Error
2002/11/05  17:24:15  OpenFileMapping
2002/11/05  17:24:15  Open Map Error
2002/11/06  20:43:01  TKS15.exe起動
2002/11/06  20:43:01  OpenFileMapping
2002/11/06  20:43:02  Open Map Error
2002/11/06  20:43:02  OpenFileMapping
2002/11/06  20:43:02  Open Map Error
2002/11/07  13:48:43  TKS15.exe起動
2002/11/07  13:48:43  OpenFileMapping
2002/11/07  13:48:43  Open Map Error
2002/11/07  13:48:43  OpenFileMapping
2002/11/07  13:48:43  Open Map Error
2002/11/08  16:09:44  TKS15.exe起動
2002/11/08  16:09:44  OpenFileMapping
2002/11/08  16:09:44  Open Map Error
2002/11/08  16:09:44  OpenFileMapping
2002/11/08  16:09:44  Open Map Error
2002/11/08  16:16:51  TKS15.exe起動
2002/11/08  16:16:51  OpenFileMapping
2002/11/08  16:16:51  Open Map Error
2002/11/08  16:16:51  OpenFileMapping
2002/11/08  16:16:51  Open Map Error
2002/11/09  15:25:57  TKS15.exe起動
2002/11/09  15:25:57  OpenFileMapping
2002/11/09  15:25:57  Open Map Error
2002/11/09  15:25:57  OpenFileMapping
2002/11/09  15:25:58  Open Map Error
2002/11/14  19:47:39  TKS15.exe起動
2002/11/14  19:47:39  OpenFileMapping
2002/11/14  19:47:39  Open Map Error
2002/11/14  19:47:39  OpenFileMapping
2002/11/14  19:47:39  Open Map Error
2002/11/15  11:25:09  TKS15.exe起動
2002/11/15  11:25:09  OpenFileMapping
2002/11/15  11:25:09  Open Map Error
2002/11/15  11:25:09  OpenFileMapping
2002/11/15  11:25:09  Open Map Error
2002/11/16  16:54:25  TKS15.exe起動
2002/11/16  16:54:26  OpenFileMapping
2002/11/16  16:54:26  Open Map Error
2002/11/16  16:54:26  OpenFileMapping
2002/11/16  16:54:26  Open Map Error
2002/11/18  21:40:58  TKS15.exe起動
2002/11/18  21:40:58  OpenFileMapping
2002/11/18  21:40:58  Open Map Error
2002/11/18  21:40:58  OpenFileMapping
2002/11/18  21:40:58  Open Map Error
2002/11/21  19:45:10  TKS15.exe起動
2002/11/21  19:45:10  OpenFileMapping
2002/11/21  19:45:10  Open Map Error
2002/11/21  19:45:10  OpenFileMapping
2002/11/21  19:45:10  Open Map Error
2002/11/21  19:46:36  TKS15.exe起動
2002/11/21  19:46:36  OpenFileMapping
2002/11/21  19:46:36  Open Map Error
2002/11/21  19:46:36  OpenFileMapping
2002/11/21  19:46:36  Open Map Error
2002/11/21  19:47:29  TKS15.exe起動
2002/11/21  19:47:29  OpenFileMapping
2002/11/21  19:47:29  Open Map Error
2002/11/21  19:47:29  OpenFileMapping
2002/11/21  19:47:29  Open Map Error
2002/11/23  14:35:27  TKS15.exe起動
2002/11/23  14:35:27  OpenFileMapping
2002/11/23  14:35:28  Open Map Error
2002/11/23  14:35:28  OpenFileMapping
2002/11/23  14:35:28  Open Map Error
2002/11/23  14:35:56  TKS15.exe起動
2002/11/23  14:35:56  OpenFileMapping
2002/11/23  14:35:56  Open Map Error
2002/11/23  14:35:56  OpenFileMapping
2002/11/23  14:35:56  Open Map Error
2002/11/23  14:37:54  TKS15.exe起動
2002/11/23  14:37:54  OpenFileMapping
2002/11/23  14:37:54  Open Map Error
2002/11/23  14:37:54  OpenFileMapping
2002/11/23  14:37:54  Open Map Error
2002/11/23  14:40:09  TKS15.exe起動
2002/11/23  14:40:09  OpenFileMapping
2002/11/23  14:40:09  Open Map Error
2002/11/23  14:40:09  OpenFileMapping
2002/11/23  14:40:10  Open Map Error
2002/11/23  14:42:59  TKS15.exe起動
2002/11/23  14:42:59  OpenFileMapping
2002/11/23  14:42:59  Open Map Error
2002/11/23  14:42:59  OpenFileMapping
2002/11/23  14:43:00  Open Map Error
2002/11/23  14:44:48  TKS15.exe起動
2002/11/23  14:44:48  OpenFileMapping
2002/11/23  14:44:48  Open Map Error
2002/11/23  14:44:49  OpenFileMapping
2002/11/23  14:44:49  Open Map Error
2002/11/23  14:56:08  TKS15.exe起動
2002/11/23  14:56:08  OpenFileMapping
2002/11/23  14:56:08  Open Map Error
2002/11/23  14:56:08  OpenFileMapping
2002/11/23  14:56:08  Open Map Error
2002/11/23  14:56:52  TKS15.exe起動
2002/11/23  14:56:52  OpenFileMapping
2002/11/23  14:56:52  Open Map Error
2002/11/23  14:56:52  OpenFileMapping
2002/11/23  14:56:52  Open Map Error
2002/11/23  14:58:42  TKS15.exe起動
2002/11/23  14:58:42  OpenFileMapping
2002/11/23  14:58:42  Open Map Error
2002/11/23  14:58:42  OpenFileMapping
2002/11/23  14:58:42  Open Map Error
2002/11/25  13:38:48  TKS15.exe起動
2002/11/25  13:38:48  OpenFileMapping
2002/11/25  13:38:48  Open Map Error
2002/11/25  13:38:48  OpenFileMapping
2002/11/25  13:38:48  Open Map Error
2002/11/25  13:40:02  TKS15.exe起動
2002/11/25  13:40:02  OpenFileMapping
2002/11/25  13:40:02  Open Map Error
2002/11/25  13:40:02  OpenFileMapping
2002/11/25  13:40:02  Open Map Error
2002/11/25  17:11:53  TKS15.exe起動
2002/11/25  17:11:53  OpenFileMapping
2002/11/25  17:11:53  Open Map Error
2002/11/25  17:11:53  OpenFileMapping
2002/11/25  17:11:53  Open Map Error
2002/11/27  17:54:58  TKS15.exe起動
2002/11/27  17:54:58  OpenFileMapping
2002/11/27  17:54:58  Open Map Error
2002/11/27  17:54:58  OpenFileMapping
2002/11/27  17:54:58  Open Map Error
2002/11/27  18:42:30  TKS15.exe起動
2002/11/27  18:42:30  OpenFileMapping
2002/11/27  18:42:30  Open Map Error
2002/11/27  18:42:30  OpenFileMapping
2002/11/27  18:42:30  Open Map Error
2002/11/27  18:50:53  TKS15.exe起動
2002/11/27  18:50:53  OpenFileMapping
2002/11/27  18:50:53  Open Map Error
2002/11/27  18:50:53  OpenFileMapping
2002/11/27  18:50:54  Open Map Error
2002/11/27  18:51:25  TKS15.exe起動
2002/11/27  18:51:25  OpenFileMapping
2002/11/27  18:51:25  Open Map Error
2002/11/27  18:51:25  OpenFileMapping
2002/11/27  18:51:25  Open Map Error
2002/11/27  18:54:32  TKS15.exe起動
2002/11/27  18:54:32  OpenFileMapping
2002/11/27  18:54:32  Open Map Error
2002/11/27  18:54:32  OpenFileMapping
2002/11/27  18:54:32  Open Map Error
2002/12/07  14:45:23  TKS15.exe起動
2002/12/07  14:45:23  OpenFileMapping
2002/12/07  14:45:23  Open Map Error
2002/12/07  14:45:23  OpenFileMapping
2002/12/07  14:45:23  Open Map Error
2002/12/07  17:16:47  TKS15.exe起動
2002/12/07  17:16:47  OpenFileMapping
2002/12/07  17:16:47  Open Map Error
2002/12/07  17:16:47  OpenFileMapping
2002/12/07  17:16:47  Open Map Error
2003/01/20  11:29:27  TKS15.exe起動
2003/01/20  11:29:27  OpenFileMapping
2003/01/20  11:29:27  Open Map Error
2003/01/20  11:29:27  OpenFileMapping
2003/01/20  11:29:27  Open Map Error
2003/01/20  11:35:27  TKS15.exe起動
2003/01/20  11:35:27  OpenFileMapping
2003/01/20  11:35:27  Open Map Error
2003/01/20  11:35:27  OpenFileMapping
2003/01/20  11:35:27  Open Map Error
2003/01/23  09:41:49  TKS15.exe起動
2003/01/23  09:41:49  OpenFileMapping
2003/01/23  09:41:49  Open Map Error
2003/01/23  09:41:49  OpenFileMapping
2003/01/23  09:41:49  Open Map Error
2003/01/23  10:24:17  TKS15.exe起動
2003/01/23  10:24:17  OpenFileMapping
2003/01/23  10:24:17  Open Map Error
2003/01/23  10:24:17  OpenFileMapping
2003/01/23  10:24:17  Open Map Error
2003/01/24  14:29:35  TKS15.exe起動
2003/01/24  14:29:35  OpenFileMapping
2003/01/24  14:29:35  Open Map Error
2003/01/24  14:29:35  OpenFileMapping
2003/01/24  14:29:35  Open Map Error
2003/01/24  14:42:46  TKS15.exe起動
2003/01/24  14:42:46  OpenFileMapping
2003/01/24  14:42:46  Open Map Error
2003/01/24  14:42:46  OpenFileMapping
2003/01/24  14:42:46  Open Map Error
2003/01/24  16:42:13  TKS15.exe起動
2003/01/24  16:42:13  OpenFileMapping
2003/01/24  16:42:13  Open Map Error
2003/01/24  16:42:13  OpenFileMapping
2003/01/24  16:42:13  Open Map Error
2003/02/05  16:38:08  TKS15.exe起動
2003/02/05  16:38:08  OpenFileMapping
2003/02/05  16:38:09  Open Map Error
2003/02/05  16:38:09  OpenFileMapping
2003/02/05  16:38:09  Open Map Error
2003/02/05  16:40:39  TKS15.exe起動
2003/02/05  16:40:39  OpenFileMapping
2003/02/05  16:40:39  Open Map Error
2003/02/05  16:40:39  OpenFileMapping
2003/02/05  16:40:39  Open Map Error
2003/02/05  16:41:53  TKS15.exe起動
2003/02/05  16:41:53  OpenFileMapping
2003/02/05  16:41:53  Open Map Error
2003/02/05  16:41:53  OpenFileMapping
2003/02/05  16:41:53  Open Map Error
2003/02/05  16:44:09  TKS15.exe起動
2003/02/05  16:44:09  OpenFileMapping
2003/02/05  16:44:09  Open Map Error
2003/02/05  16:44:09  OpenFileMapping
2003/02/05  16:44:09  Open Map Error
2003/02/05  17:01:59  TKS15.exe起動
2003/02/05  17:01:59  OpenFileMapping
2003/02/05  17:01:59  Open Map Error
2003/02/05  17:01:59  OpenFileMapping
2003/02/05  17:02:00  Open Map Error
2003/02/05  17:03:19  TKS15.exe起動
2003/02/05  17:03:19  OpenFileMapping
2003/02/05  17:03:19  Open Map Error
2003/02/05  17:03:19  OpenFileMapping
2003/02/05  17:03:19  Open Map Error
2003/02/05  17:05:27  TKS15.exe起動
2003/02/05  17:05:27  OpenFileMapping
2003/02/05  17:05:27  Open Map Error
2003/02/05  17:05:27  OpenFileMapping
2003/02/05  17:05:27  Open Map Error
2003/02/05  17:06:44  TKS15.exe起動
2003/02/05  17:06:44  OpenFileMapping
2003/02/05  17:06:44  Open Map Error
2003/02/05  17:06:44  OpenFileMapping
2003/02/05  17:06:44  Open Map Error
2003/02/05  17:18:21  TKS15.exe起動
2003/02/05  17:18:21  OpenFileMapping
2003/02/05  17:18:21  Open Map Error
2003/02/05  17:18:21  OpenFileMapping
2003/02/05  17:18:21  Open Map Error
2003/02/05  17:22:42  TKS15.exe起動
2003/02/05  17:22:42  OpenFileMapping
2003/02/05  17:22:42  Open Map Error
2003/02/05  17:22:42  OpenFileMapping
2003/02/05  17:22:42  Open Map Error
2003/02/05  19:39:59  TKS15.exe起動
2003/02/05  19:39:59  OpenFileMapping
2003/02/05  19:39:59  Open Map Error
2003/02/05  19:39:59  OpenFileMapping
2003/02/05  19:39:59  Open Map Error
2003/02/06  17:12:41  TKS15.exe起動
2003/02/06  17:12:42  OpenFileMapping
2003/02/06  17:12:42  Open Map Error
2003/02/06  17:12:42  OpenFileMapping
2003/02/06  17:12:42  Open Map Error
2003/02/06  17:15:34  TKS15.exe起動
2003/02/06  17:15:34  OpenFileMapping
2003/02/06  17:15:34  Open Map Error
2003/02/06  17:15:34  OpenFileMapping
2003/02/06  17:15:34  Open Map Error
2003/02/06  20:42:50  TKS15.exe起動
2003/02/06  20:42:50  OpenFileMapping
2003/02/06  20:42:50  Open Map Error
2003/02/06  20:42:50  OpenFileMapping
2003/02/06  20:42:50  Open Map Error
2003/02/07  08:41:56  TKS15.exe起動
2003/02/07  08:41:56  OpenFileMapping
2003/02/07  08:41:56  Open Map Error
2003/02/07  08:41:56  OpenFileMapping
2003/02/07  08:41:56  Open Map Error
2003/02/07  09:09:19  TKS15.exe起動
2003/02/07  09:09:19  OpenFileMapping
2003/02/07  09:09:19  Open Map Error
2003/02/07  09:09:19  OpenFileMapping
2003/02/07  09:09:19  Open Map Error
2003/02/07  09:31:40  TKS15.exe起動
2003/02/07  09:31:40  OpenFileMapping
2003/02/07  09:31:40  Open Map Error
2003/02/07  09:31:40  OpenFileMapping
2003/02/07  09:31:40  Open Map Error
2003/02/07  09:35:07  TKS15.exe起動
2003/02/07  09:35:07  OpenFileMapping
2003/02/07  09:35:07  Open Map Error
2003/02/07  09:35:07  OpenFileMapping
2003/02/07  09:35:07  Open Map Error
2003/02/19  17:26:14  TKS15.exe起動
2003/02/19  17:26:14  OpenFileMapping
2003/02/19  17:26:14  Open Map Error
2003/02/19  17:26:14  OpenFileMapping
2003/02/19  17:26:14  Open Map Error
2004/05/13  09:38:52  TKS15.exe起動
2004/05/13  09:38:52  OpenFileMapping
2004/05/13  09:38:52  Open Map Error
2004/05/13  09:38:52  OpenFileMapping
2004/05/13  09:38:52  Open Map Error
2004/05/13  14:45:35  TKS15.exe起動
2004/05/13  14:45:35  OpenFileMapping
2004/05/13  14:45:35  Open Map Error
2004/05/13  14:45:35  OpenFileMapping
2004/05/13  14:45:35  Open Map Error
2004/05/27  15:18:36  TKS15.exe起動
2004/05/27  15:18:36  OpenFileMapping
2004/05/27  15:18:36  Open Map Error
2004/05/27  15:18:37  OpenFileMapping
2004/05/27  15:18:37  Open Map Error
2004/05/27  15:24:51  TKS15.exe起動
2004/05/27  15:24:51  OpenFileMapping
2004/05/27  15:24:51  Open Map Error
2004/05/27  15:24:51  OpenFileMapping
2004/05/27  15:24:52  Open Map Error
2004/05/27  15:26:12  TKS15.exe起動
2004/05/27  15:26:12  OpenFileMapping
2004/05/27  15:26:12  Open Map Error
2004/05/27  15:26:12  OpenFileMapping
2004/05/27  15:26:12  Open Map Error
2004/06/23  17:38:42  TKS15.exe起動
2004/06/23  17:38:42  OpenFileMapping
2004/06/23  17:38:42  Open Map Error
2004/06/23  17:38:43  OpenFileMapping
2004/06/23  17:38:43  Open Map Error
2004/06/23  17:42:52  TKS15.exe起動
2004/06/23  17:42:52  OpenFileMapping
2004/06/23  17:42:52  Open Map Error
2004/06/23  17:42:53  OpenFileMapping
2004/06/23  17:42:53  Open Map Error
2004/06/23  17:59:37  TKS15.exe起動
2004/06/23  17:59:37  OpenFileMapping
2004/06/23  17:59:37  Open Map Error
2004/06/23  17:59:37  OpenFileMapping
2004/06/23  17:59:37  Open Map Error
2004/06/24  16:13:44  TKS15.exe起動
2004/06/24  16:13:44  OpenFileMapping
2004/06/24  16:13:44  Open Map Error
2004/06/24  16:13:44  OpenFileMapping
2004/06/24  16:13:44  Open Map Error
2004/07/01  15:39:44  TKS15.exe起動
2004/07/01  15:39:44  OpenFileMapping
2004/07/01  15:39:44  Open Map Error
2004/07/01  15:39:44  OpenFileMapping
2004/07/01  15:39:44  Open Map Error
2004/07/01  17:54:43  TKS15.exe起動
2004/07/01  17:54:43  OpenFileMapping
2004/07/01  17:54:43  Open Map Error
2004/07/01  17:54:43  OpenFileMapping
2004/07/01  17:54:43  Open Map Error
2004/07/06  15:23:01  TKS15.exe起動
2004/07/06  15:23:02  OpenFileMapping
2004/07/06  15:23:02  Open Map Error
2004/07/06  15:23:02  OpenFileMapping
2004/07/06  15:23:02  Open Map Error
2004/10/07  11:01:03  TKS15.exe起動
2004/10/07  11:01:03  OpenFileMapping
2004/10/07  11:01:03  Open Map Error
2004/10/07  11:01:03  OpenFileMapping
2004/10/07  11:01:03  Open Map Error
2016/06/05  07:02:52  TKS15.exe起動
2016/06/05  07:02:52  OpenFileMapping
2016/06/05  07:02:52  Open Map Error
2016/06/05  07:02:52  OpenFileMapping
2016/06/05  07:02:52  Open Map Error
2016/06/30  15:56:01  TKS15.exe起動
2016/06/30  15:56:01  OpenFileMapping
2016/06/30  15:56:01  Open Map Error
2016/06/30  15:56:01  OpenFileMapping
2016/06/30  15:56:01  Open Map Error
2016/06/30  16:17:21  TKS15.exe起動
2016/06/30  16:17:21  OpenFileMapping
2016/06/30  16:17:21  Open Map Error
2016/06/30  16:17:21  OpenFileMapping
2016/06/30  16:17:21  Open Map Error
2016/06/30  16:18:09  TKS15.exe起動
2016/06/30  16:18:09  OpenFileMapping
2016/06/30  16:18:09  Open Map Error
2016/06/30  16:18:09  OpenFileMapping
2016/06/30  16:18:09  Open Map Error
2016/07/06  15:07:14  TKS15.exe起動
2016/07/06  15:07:14  OpenFileMapping
2016/07/06  15:07:14  Open Map Error
2016/07/06  15:07:14  OpenFileMapping
2016/07/06  15:07:14  Open Map Error
2016/07/07  18:10:13  TKS15.exe起動
2016/07/07  18:10:13  Open: SId = 1
2016/07/07  18:10:13  Open: SId = 2
2016/07/07  18:10:47  Close: SId = 1
2016/07/07  18:10:47  Close: SId = 2
2016/07/07  18:11:23  TKS15.exe起動
2016/07/07  18:11:23  Open: SId = 1
2016/07/07  18:11:23  Open: SId = 2
2016/07/07  18:13:01  Close: SId = 1
2016/07/07  18:13:01  Close: SId = 2
2016/07/07  18:14:27  TKS15.exe起動
2016/07/07  18:14:27  Open: SId = 1
2016/07/07  18:14:27  Open: SId = 2
2016/07/07  18:21:57  Close: SId = 1
2016/07/07  18:21:57  Close: SId = 2
2016/07/08  14:08:55  TKS15.exe起動
2016/07/08  14:08:55  Open: SId = 1
2016/07/08  14:08:55  Open: SId = 2
2016/07/08  14:15:37  Close: SId = 1
2016/07/08  14:15:37  Close: SId = 2
2016/07/08  14:15:54  TKS15.exe起動
2016/07/08  14:15:54  Open: SId = 1
2016/07/08  14:15:54  Open: SId = 2
2016/07/08  14:32:52  Close: SId = 1
2016/07/08  14:32:52  Close: SId = 2
2016/07/13  09:33:25  TKS15.exe起動
2016/07/13  09:33:25  OpenFileMapping
2016/07/13  09:33:25  Open Map Error
2016/07/13  09:33:25  OpenFileMapping
2016/07/13  09:33:25  Open Map Error
2016/07/28  15:38:06  TKS15.exe起動
2016/07/28  15:38:06  OpenFileMapping
2016/07/28  15:38:06  Open Map Error
2016/07/28  15:38:06  OpenFileMapping
2016/07/28  15:38:06  Open Map Error
2016/07/28  17:04:53  TKS15.exe起動
2016/07/28  17:04:53  OpenFileMapping
2016/07/28  17:04:53  Open Map Error
2016/07/28  17:04:53  OpenFileMapping
2016/07/28  17:04:53  Open Map Error
2016/07/28  17:05:16  TKS15.exe起動
2016/07/28  17:05:16  Open: SId = 1
2016/07/28  17:05:16  Open: SId = 2
2016/07/28  17:20:09  Close: SId = 1
2016/07/28  17:20:09  Close: SId = 2
2016/07/28  17:21:18  TKS15.exe起動
2016/07/28  17:21:18  Open: SId = 1
2016/07/28  17:21:18  Open: SId = 2
2016/07/28  17:23:06  Close: SId = 1
2016/07/28  17:23:06  Close: SId = 2
2016/07/28  17:24:01  TKS15.exe起動
2016/07/28  17:24:01  Open: SId = 1
2016/07/28  17:24:01  Open: SId = 2
2016/07/28  17:26:18  Close: SId = 1
2016/07/28  17:26:18  Close: SId = 2
2016/07/28  17:28:31  TKS15.exe起動
2016/07/28  17:28:31  OpenFileMapping
2016/07/28  17:28:31  Open Map Error
2016/07/28  17:28:31  OpenFileMapping
2016/07/28  17:28:31  Open Map Error
2016/07/28  18:04:38  TKS15.exe起動
2016/07/28  18:04:38  Open: SId = 1
2016/07/28  18:04:38  Open: SId = 2
2016/07/28  18:11:27  Close: SId = 1
2016/07/28  18:11:27  Close: SId = 2
2016/07/28  18:11:45  TKS15.exe起動
2016/07/28  18:11:45  Open: SId = 1
2016/07/28  18:11:45  Open: SId = 2
2016/07/28  18:14:37  Close: SId = 1
2016/07/28  18:14:37  Close: SId = 2
2016/07/28  18:14:56  TKS15.exe起動
2016/07/28  18:14:56  Open: SId = 1
2016/07/28  18:14:56  Open: SId = 2
2016/07/28  18:19:36  Close: SId = 1
2016/07/28  18:19:36  Close: SId = 2
2016/08/15  10:09:36  TKS15.exe起動
2016/08/15  10:09:36  OpenFileMapping
2016/08/15  10:09:36  Open Map Error
2016/08/15  10:09:36  OpenFileMapping
2016/08/15  10:09:36  Open Map Error
2016/08/15  10:19:24  TKS15.exe起動
2016/08/15  10:19:24  OpenFileMapping
2016/08/15  10:19:24  Open Map Error
2016/08/15  10:19:24  OpenFileMapping
2016/08/15  10:19:24  Open Map Error
2016/08/15  10:55:58  TKS15.exe起動
2016/08/15  10:55:58  Open: SId = 1
2016/08/15  10:55:58  Open: SId = 2
2016/08/15  10:56:01  Close: SId = 1
2016/08/15  10:56:01  Close: SId = 2
2016/10/12  15:46:15  TKS15.exe起動
2016/10/12  15:46:15  OpenFileMapping
2016/10/12  15:46:15  Open Map Error
2016/10/12  15:46:15  OpenFileMapping
2016/10/12  15:46:15  Open Map Error
2016/10/13  13:58:16  TKS15.exe起動
2016/10/13  13:58:16  OpenFileMapping
2016/10/13  13:58:16  Open Map Error
2016/10/13  13:58:16  OpenFileMapping
2016/10/13  13:58:16  Open Map Error
2016/10/13  13:59:57  TKS15.exe起動
2016/10/13  13:59:57  OpenFileMapping
2016/10/13  13:59:57  Open Map Error
2016/10/13  13:59:57  OpenFileMapping
2016/10/13  13:59:57  Open Map Error
2016/10/13  14:00:43  TKS15.exe起動
2016/10/13  14:00:43  OpenFileMapping
2016/10/13  14:00:43  Open Map Error
2016/10/13  14:00:43  OpenFileMapping
2016/10/13  14:00:43  Open Map Error
2016/10/13  14:03:08  TKS15.exe起動
2016/10/13  14:03:08  OpenFileMapping
2016/10/13  14:03:08  Open Map Error
2016/10/13  14:03:08  OpenFileMapping
2016/10/13  14:03:08  Open Map Error
2016/10/19  16:11:20  TKS15.exe起動
2016/10/19  16:11:20  OpenFileMapping
2016/10/19  16:11:20  Open Map Error
2016/10/19  16:11:20  OpenFileMapping
2016/10/19  16:11:20  Open Map Error
2016/10/19  16:13:28  TKS15.exe起動
2016/10/19  16:13:28  OpenFileMapping
2016/10/19  16:13:28  Open Map Error
2016/10/19  16:13:28  OpenFileMapping
2016/10/19  16:13:28  Open Map Error
2016/10/19  16:14:02  TKS15.exe起動
2016/10/19  16:14:02  OpenFileMapping
2016/10/19  16:14:02  Open Map Error
2016/10/19  16:14:02  OpenFileMapping
2016/10/19  16:14:02  Open Map Error
2016/11/22  15:49:10  TKS15.exe起動
2016/11/22  15:49:10  OpenFileMapping
2016/11/22  15:49:10  Open Map Error
2016/11/22  15:49:10  OpenFileMapping
2016/11/22  15:49:10  Open Map Error
2016/11/23  11:28:42  TKS15.exe起動
2016/11/23  11:28:42  OpenFileMapping
2016/11/23  11:28:42  Open Map Error
2016/11/23  11:28:42  OpenFileMapping
2016/11/23  11:28:42  Open Map Error
2016/11/26  09:58:55  TKS15.exe起動
2016/11/26  09:58:55  OpenFileMapping
2016/11/26  09:58:55  Open Map Error
2016/11/26  09:58:55  OpenFileMapping
2016/11/26  09:58:55  Open Map Error
2016/11/29  10:16:22  TKS15.exe起動
2016/11/29  10:16:22  OpenFileMapping
2016/11/29  10:16:22  Open Map Error
2016/11/29  10:16:22  OpenFileMapping
2016/11/29  10:16:22  Open Map Error
2016/11/29  10:57:52  TKS15.exe起動
2016/11/29  10:57:52  OpenFileMapping
2016/11/29  10:57:52  Open Map Error
2016/11/29  10:57:52  OpenFileMapping
2016/11/29  10:57:52  Open Map Error
