

***********************************************************************
Fatal OSN connect error 12203, connecting to:
 (DESCRIPTION=(CONNECT_DATA=(SID=ORCL)(CID=(PROGRAM=BCB.exe)(HOST=Windows NT PC)(USER=zqm)))(ADDRESS_LIST=(ADDRESS=(PROTOCOL=ipc)(KEY=KTRS.world))(ADDRESS=(COMMUNITY=tcp.world)(PROTOCOL=TCP)(Host=155.160.126.164)(Port=1521))(ADDRESS=(COMMUNITY=tcp.world)(PROTOCOL=TCP)(Host=155.160.126.164)(Port=1526))))

  VERSION INFORMATION:
	TNS for 32-bit Windows: Version 2.3.2.1.0 - Production
	Windows NT TCP/IP NT Protocol Adapter for 32-bit Windows: Version 2.3.2.1.3 - Production
  Time: 07-DEC-99 11:51:08
  Tracing not turned on.
  Tns error struct:
    nr err code: 12203
    TNS-12203: TNS:接続先に接続できません。
    ns main err code: 12535
    TNS-12535: TNS:操作のタイムアウトが発生しました。
    ns secondary err code: 12560
    nt main err code: 505
    TNS-00505: 操作のタイムアウトが発生しました。
    nt secondary err code: 60
    nt OS err code: 0


***********************************************************************
Fatal OSN connect error 12154, connecting to:
 ktrs_test.world

  VERSION INFORMATION:
	TNS for 32-bit Windows: Version 2.3.2.1.0 - Production
  Time: 18-JUL-00 13:44:48
  Tracing not turned on.


***********************************************************************
Fatal OSN connect error 12154, connecting to:
 ktrs_test.world

  VERSION INFORMATION:
	TNS for 32-bit Windows: Version 2.3.2.1.0 - Production
  Time: 18-JUL-00 13:48:07
  Tracing not turned on.


***********************************************************************
Fatal OSN connect error 12203, connecting to:
 (DESCRIPTION=(CONNECT_DATA=(SID=ORCL)(CID=(PROGRAM=BCB.exe)(HOST=Windows NT PC)(USER=takase)))(ADDRESS_LIST=(ADDRESS=(PROTOCOL=ipc)(KEY=KTRS.world))(ADDRESS=(COMMUNITY=tcp.world)(PROTOCOL=TCP)(Host=155.160.126.146)(Port=1521))(ADDRESS=(COMMUNITY=tcp.world)(PROTOCOL=TCP)(Host=155.160.126.146)(Port=1526))))

  VERSION INFORMATION:
	TNS for 32-bit Windows: Version 2.3.2.1.0 - Production
	Windows NT TCP/IP NT Protocol Adapter for 32-bit Windows: Version 2.3.2.1.3 - Production
  Time: 29-JAN-01 19:15:56
  Tracing not turned on.
  Tns error struct:
    nr err code: 12203
    TNS-12203: TNS:接続先に接続できません。
    ns main err code: 12535
    TNS-12535: TNS:操作のタイムアウトが発生しました。
    ns secondary err code: 12560
    nt main err code: 505
    TNS-00505: 操作のタイムアウトが発生しました。
    nt secondary err code: 60
    nt OS err code: 0


***********************************************************************
Fatal OSN connect error 12203, connecting to:
 (DESCRIPTION=(CONNECT_DATA=(SID=ORCL)(CID=(PROGRAM=BCB.exe)(HOST=Windows NT PC)(USER=zqm)))(ADDRESS_LIST=(ADDRESS=(PROTOCOL=ipc)(KEY=ktrs.world))(ADDRESS=(COMMUNITY=tcp.world)(PROTOCOL=TCP)(Host=155.160.126.146)(Port=1521))(ADDRESS=(COMMUNITY=tcp.world)(PROTOCOL=TCP)(Host=155.160.126.146)(Port=1526))))

  VERSION INFORMATION:
	TNS for 32-bit Windows: Version 2.3.2.1.0 - Production
	Windows NT TCP/IP NT Protocol Adapter for 32-bit Windows: Version 2.3.2.1.3 - Production
  Time: 22-MAR-01 17:53:45
  Tracing not turned on.
  Tns error struct:
    nr err code: 12203
    TNS-12203: TNS:接続先に接続できません。
    ns main err code: 12535
    TNS-12535: TNS:操作のタイムアウトが発生しました。
    ns secondary err code: 12560
    nt main err code: 505
    TNS-00505: 操作のタイムアウトが発生しました。
    nt secondary err code: 60
    nt OS err code: 0
