1999/12/09  15:46:59  TKS17.exe起動
1999/12/09  15:46:59  OpenFileMapping
1999/12/09  15:46:59  Open Map Error
1999/12/09  15:46:59  OpenFileMapping
1999/12/09  15:46:59  Open Map Error
1999/12/11  15:28:24  TKS17.exe起動
1999/12/11  15:28:24  OpenFileMapping
1999/12/11  15:28:24  Open Map Error
1999/12/11  15:28:24  OpenFileMapping
1999/12/11  15:28:24  Open Map Error
1999/12/11  15:30:28  TKS17.exe起動
1999/12/11  15:30:28  OpenFileMapping
1999/12/11  15:30:28  Open Map Error
1999/12/11  15:30:28  OpenFileMapping
1999/12/11  15:30:28  Open Map Error
1999/12/11  15:37:15  TKS17.exe起動
1999/12/11  15:37:15  OpenFileMapping
1999/12/11  15:37:15  Open Map Error
1999/12/11  15:37:15  OpenFileMapping
1999/12/11  15:37:15  Open Map Error
1999/12/11  17:09:05  TKS17.exe起動
1999/12/11  17:09:05  OpenFileMapping
1999/12/11  17:09:05  Open Map Error
1999/12/11  17:09:05  OpenFileMapping
1999/12/11  17:09:05  Open Map Error
1999/12/12  16:15:02  TKS17.exe起動
1999/12/12  16:15:02  OpenFileMapping
1999/12/12  16:15:02  Open Map Error
1999/12/12  16:15:02  OpenFileMapping
1999/12/12  16:15:02  Open Map Error
1999/12/13  09:49:07  TKS17.exe起動
1999/12/13  09:49:07  OpenFileMapping
1999/12/13  09:49:07  Open Map Error
1999/12/13  09:49:07  OpenFileMapping
1999/12/13  09:49:07  Open Map Error
1999/12/13  10:29:49  TKS17.exe起動
1999/12/13  10:29:49  OpenFileMapping
1999/12/13  10:29:49  Open Map Error
1999/12/13  10:29:49  OpenFileMapping
1999/12/13  10:29:49  Open Map Error
1999/12/13  10:32:02  TKS17.exe起動
1999/12/13  10:32:02  OpenFileMapping
1999/12/13  10:32:02  Open Map Error
1999/12/13  10:32:02  OpenFileMapping
1999/12/13  10:32:02  Open Map Error
1999/12/13  16:24:14  TKS17.exe起動
1999/12/13  16:24:14  OpenFileMapping
1999/12/13  16:24:14  Open Map Error
1999/12/13  16:24:14  OpenFileMapping
1999/12/13  16:24:14  Open Map Error
1999/12/13  16:41:13  TKS17.exe起動
1999/12/13  16:41:13  OpenFileMapping
1999/12/13  16:41:13  Open Map Error
1999/12/13  16:41:13  OpenFileMapping
1999/12/13  16:41:13  Open Map Error
1999/12/14  08:59:33  TKS17.exe起動
1999/12/14  08:59:33  OpenFileMapping
1999/12/14  08:59:33  Open Map Error
1999/12/14  08:59:33  OpenFileMapping
1999/12/14  08:59:33  Open Map Error
1999/12/14  16:36:14  TKS17.exe起動
1999/12/14  16:36:14  OpenFileMapping
1999/12/14  16:36:14  Open Map Error
1999/12/14  16:36:14  OpenFileMapping
1999/12/14  16:36:14  Open Map Error
1999/12/14  16:38:07  TKS17.exe起動
1999/12/14  16:38:07  OpenFileMapping
1999/12/14  16:38:07  Open Map Error
1999/12/14  16:38:07  OpenFileMapping
1999/12/14  16:38:07  Open Map Error
1999/12/14  16:48:13  TKS17.exe起動
1999/12/14  16:48:13  OpenFileMapping
1999/12/14  16:48:13  Open Map Error
1999/12/14  16:48:13  OpenFileMapping
1999/12/14  16:48:13  Open Map Error
1999/12/14  20:58:28  TKS17.exe起動
1999/12/14  20:58:28  OpenFileMapping
1999/12/14  20:58:28  Open Map Error
1999/12/14  20:58:28  OpenFileMapping
1999/12/14  20:58:28  Open Map Error
1999/12/14  21:15:44  TKS17.exe起動
1999/12/14  21:15:44  OpenFileMapping
1999/12/14  21:15:44  Open Map Error
1999/12/14  21:15:44  OpenFileMapping
1999/12/14  21:15:44  Open Map Error
1999/12/15  13:37:08  TKS17.exe起動
1999/12/15  13:37:08  OpenFileMapping
1999/12/15  13:37:08  Open Map Error
1999/12/15  13:37:08  OpenFileMapping
1999/12/15  13:37:08  Open Map Error
1999/12/15  13:40:37  TKS17.exe起動
1999/12/15  13:40:37  OpenFileMapping
1999/12/15  13:40:37  Open Map Error
1999/12/15  13:40:37  OpenFileMapping
1999/12/15  13:40:37  Open Map Error
1999/12/15  13:41:55  TKS17.exe起動
1999/12/15  13:41:55  OpenFileMapping
1999/12/15  13:41:55  Open Map Error
1999/12/15  13:41:55  OpenFileMapping
1999/12/15  13:41:55  Open Map Error
1999/12/15  13:43:57  TKS17.exe起動
1999/12/15  13:43:57  OpenFileMapping
1999/12/15  13:43:57  Open Map Error
1999/12/15  13:43:57  OpenFileMapping
1999/12/15  13:43:57  Open Map Error
1999/12/15  15:04:09  TKS17.exe起動
1999/12/15  15:04:09  OpenFileMapping
1999/12/15  15:04:09  Open Map Error
1999/12/15  15:04:09  OpenFileMapping
1999/12/15  15:04:09  Open Map Error
1999/12/15  16:11:00  TKS17.exe起動
1999/12/15  16:11:00  OpenFileMapping
1999/12/15  16:11:00  Open Map Error
1999/12/15  16:11:00  OpenFileMapping
1999/12/15  16:11:00  Open Map Error
1999/12/15  16:39:39  TKS17.exe起動
1999/12/15  16:39:39  OpenFileMapping
1999/12/15  16:39:39  Open Map Error
1999/12/15  16:39:39  OpenFileMapping
1999/12/15  16:39:39  Open Map Error
1999/12/15  16:46:17  TKS17.exe起動
1999/12/15  16:46:17  OpenFileMapping
1999/12/15  16:46:17  Open Map Error
1999/12/15  16:46:17  OpenFileMapping
1999/12/15  16:46:17  Open Map Error
1999/12/15  18:19:26  TKS17.exe起動
1999/12/15  18:19:26  OpenFileMapping
1999/12/15  18:19:26  Open Map Error
1999/12/15  18:19:26  OpenFileMapping
1999/12/15  18:19:26  Open Map Error
1999/12/15  18:49:43  TKS17.exe起動
1999/12/15  18:49:43  OpenFileMapping
1999/12/15  18:49:43  Open Map Error
1999/12/15  18:49:43  OpenFileMapping
1999/12/15  18:49:43  Open Map Error
1999/12/15  19:02:23  TKS17.exe起動
1999/12/15  19:02:23  OpenFileMapping
1999/12/15  19:02:23  Open Map Error
1999/12/15  19:02:23  OpenFileMapping
1999/12/15  19:02:23  Open Map Error
1999/12/15  19:08:13  TKS17.exe起動
1999/12/15  19:08:13  OpenFileMapping
1999/12/15  19:08:13  Open Map Error
1999/12/15  19:08:13  OpenFileMapping
1999/12/15  19:08:13  Open Map Error
1999/12/15  19:13:49  TKS17.exe起動
1999/12/15  19:13:49  OpenFileMapping
1999/12/15  19:13:49  Open Map Error
1999/12/15  19:13:49  OpenFileMapping
1999/12/15  19:13:49  Open Map Error
1999/12/15  19:19:47  TKS17.exe起動
1999/12/15  19:19:47  OpenFileMapping
1999/12/15  19:19:47  Open Map Error
1999/12/15  19:19:47  OpenFileMapping
1999/12/15  19:19:47  Open Map Error
1999/12/15  19:34:22  TKS17.exe起動
1999/12/15  19:34:22  OpenFileMapping
1999/12/15  19:34:22  Open Map Error
1999/12/15  19:34:22  OpenFileMapping
1999/12/15  19:34:22  Open Map Error
1999/12/15  20:47:09  TKS17.exe起動
1999/12/15  20:47:09  OpenFileMapping
1999/12/15  20:47:09  Open Map Error
1999/12/15  20:47:09  OpenFileMapping
1999/12/15  20:47:09  Open Map Error
1999/12/16  20:03:58  TKS17.exe起動
1999/12/16  20:03:58  OpenFileMapping
1999/12/16  20:03:58  Open Map Error
1999/12/16  20:03:58  OpenFileMapping
1999/12/16  20:03:58  Open Map Error
1999/12/16  20:04:49  TKS17.exe起動
1999/12/16  20:04:49  OpenFileMapping
1999/12/16  20:04:49  Open Map Error
1999/12/16  20:04:49  OpenFileMapping
1999/12/16  20:04:49  Open Map Error
1999/12/16  20:09:09  TKS17.exe起動
1999/12/16  20:09:09  OpenFileMapping
1999/12/16  20:09:09  Open Map Error
1999/12/16  20:09:09  OpenFileMapping
1999/12/16  20:09:09  Open Map Error
1999/12/16  20:43:54  TKS17.exe起動
1999/12/16  20:43:54  OpenFileMapping
1999/12/16  20:43:54  Open Map Error
1999/12/16  20:43:54  OpenFileMapping
1999/12/16  20:43:54  Open Map Error
1999/12/16  20:44:43  TKS17.exe起動
1999/12/16  20:44:43  OpenFileMapping
1999/12/16  20:44:43  Open Map Error
1999/12/16  20:44:43  OpenFileMapping
1999/12/16  20:44:43  Open Map Error
1999/12/16  20:45:11  TKS17.exe起動
1999/12/16  20:45:11  OpenFileMapping
1999/12/16  20:45:11  Open Map Error
1999/12/16  20:45:11  OpenFileMapping
1999/12/16  20:45:11  Open Map Error
1999/12/16  20:47:35  TKS17.exe起動
1999/12/16  20:47:35  OpenFileMapping
1999/12/16  20:47:35  Open Map Error
1999/12/16  20:47:35  OpenFileMapping
1999/12/16  20:47:35  Open Map Error
1999/12/16  21:06:59  TKS17.exe起動
1999/12/16  21:06:59  OpenFileMapping
1999/12/16  21:06:59  Open Map Error
1999/12/16  21:06:59  OpenFileMapping
1999/12/16  21:06:59  Open Map Error
1999/12/16  21:14:04  TKS17.exe起動
1999/12/16  21:14:04  OpenFileMapping
1999/12/16  21:14:04  Open Map Error
1999/12/16  21:14:04  OpenFileMapping
1999/12/16  21:14:04  Open Map Error
1999/12/17  15:27:46  TKS17.exe起動
1999/12/17  15:27:47  OpenFileMapping
1999/12/17  15:27:47  Open Map Error
1999/12/17  15:27:47  OpenFileMapping
1999/12/17  15:27:47  Open Map Error
1999/12/17  15:32:00  TKS17.exe起動
1999/12/17  15:32:00  OpenFileMapping
1999/12/17  15:32:00  Open Map Error
1999/12/17  15:32:00  OpenFileMapping
1999/12/17  15:32:00  Open Map Error
1999/12/17  15:34:53  TKS17.exe起動
1999/12/17  15:34:53  OpenFileMapping
1999/12/17  15:34:53  Open Map Error
1999/12/17  15:34:53  OpenFileMapping
1999/12/17  15:34:53  Open Map Error
1999/12/17  15:36:02  TKS17.exe起動
1999/12/17  15:36:02  OpenFileMapping
1999/12/17  15:36:02  Open Map Error
1999/12/17  15:36:02  OpenFileMapping
1999/12/17  15:36:02  Open Map Error
1999/12/17  15:40:45  TKS17.exe起動
1999/12/17  15:40:45  OpenFileMapping
1999/12/17  15:40:45  Open Map Error
1999/12/17  15:40:45  OpenFileMapping
1999/12/17  15:40:45  Open Map Error
1999/12/17  15:48:46  TKS17.exe起動
1999/12/17  15:48:46  OpenFileMapping
1999/12/17  15:48:46  Open Map Error
1999/12/17  15:48:46  OpenFileMapping
1999/12/17  15:48:46  Open Map Error
1999/12/17  17:52:26  TKS17.exe起動
1999/12/17  17:52:26  OpenFileMapping
1999/12/17  17:52:26  Open Map Error
1999/12/17  17:52:26  OpenFileMapping
1999/12/17  17:52:26  Open Map Error
1999/12/17  21:02:46  TKS17.exe起動
1999/12/17  21:02:46  OpenFileMapping
1999/12/17  21:02:46  Open Map Error
1999/12/17  21:02:46  OpenFileMapping
1999/12/17  21:02:46  Open Map Error
1999/12/17  21:28:11  TKS17.exe起動
1999/12/17  21:28:11  OpenFileMapping
1999/12/17  21:28:11  Open Map Error
1999/12/17  21:28:11  OpenFileMapping
1999/12/17  21:28:11  Open Map Error
1999/12/17  21:48:35  TKS17.exe起動
1999/12/17  21:48:35  OpenFileMapping
1999/12/17  21:48:35  Open Map Error
1999/12/17  21:48:35  OpenFileMapping
1999/12/17  21:48:35  Open Map Error
1999/12/17  21:54:04  TKS17.exe起動
1999/12/17  21:54:04  OpenFileMapping
1999/12/17  21:54:04  Open Map Error
1999/12/17  21:54:04  OpenFileMapping
1999/12/17  21:54:04  Open Map Error
1999/12/17  22:05:08  TKS17.exe起動
1999/12/17  22:05:08  OpenFileMapping
1999/12/17  22:05:08  Open Map Error
1999/12/17  22:05:08  OpenFileMapping
1999/12/17  22:05:08  Open Map Error
1999/12/23  09:52:47  TKS17.exe起動
1999/12/23  09:52:47  OpenFileMapping
1999/12/23  09:52:47  Open Map Error
1999/12/23  09:52:47  OpenFileMapping
1999/12/23  09:52:47  Open Map Error
1999/12/23  15:26:21  TKS17.exe起動
1999/12/23  15:26:21  OpenFileMapping
1999/12/23  15:26:21  Open Map Error
1999/12/23  15:26:21  OpenFileMapping
1999/12/23  15:26:21  Open Map Error
1999/12/23  16:46:47  TKS17.exe起動
1999/12/23  16:46:47  OpenFileMapping
1999/12/23  16:46:47  Open Map Error
1999/12/23  16:46:47  OpenFileMapping
1999/12/23  16:46:47  Open Map Error
1999/12/23  17:10:53  TKS17.exe起動
1999/12/23  17:10:53  OpenFileMapping
1999/12/23  17:10:53  Open Map Error
1999/12/23  17:10:53  OpenFileMapping
1999/12/23  17:10:53  Open Map Error
2000/01/20  17:51:22  TKS17.exe起動
2000/01/20  17:51:22  OpenFileMapping
2000/01/20  17:51:22  Open Map Error
2000/01/20  17:51:22  OpenFileMapping
2000/01/20  17:51:22  Open Map Error
2000/01/20  18:44:00  TKS17.exe起動
2000/01/20  18:44:00  OpenFileMapping
2000/01/20  18:44:00  Open Map Error
2000/01/20  18:44:00  OpenFileMapping
2000/01/20  18:44:00  Open Map Error
2000/01/20  18:47:27  TKS17.exe起動
2000/01/20  18:47:27  OpenFileMapping
2000/01/20  18:47:27  Open Map Error
2000/01/20  18:47:27  OpenFileMapping
2000/01/20  18:47:27  Open Map Error
2000/01/20  19:03:42  TKS17.exe起動
2000/01/20  19:03:42  OpenFileMapping
2000/01/20  19:03:42  Open Map Error
2000/01/20  19:03:42  OpenFileMapping
2000/01/20  19:03:42  Open Map Error
2000/01/20  19:46:33  TKS17.exe起動
2000/01/20  19:46:33  OpenFileMapping
2000/01/20  19:46:33  Open Map Error
2000/01/20  19:46:33  OpenFileMapping
2000/01/20  19:46:33  Open Map Error
2000/01/20  19:49:57  TKS17.exe起動
2000/01/20  19:49:57  OpenFileMapping
2000/01/20  19:49:57  Open Map Error
2000/01/20  19:49:57  OpenFileMapping
2000/01/20  19:49:57  Open Map Error
2000/01/21  09:25:29  TKS17.exe起動
2000/01/21  09:25:29  OpenFileMapping
2000/01/21  09:25:29  Open Map Error
2000/01/21  09:25:29  OpenFileMapping
2000/01/21  09:25:29  Open Map Error
2000/01/21  09:43:07  TKS17.exe起動
2000/01/21  09:43:07  OpenFileMapping
2000/01/21  09:43:07  Open Map Error
2000/01/21  09:43:07  OpenFileMapping
2000/01/21  09:43:07  Open Map Error
2000/01/21  09:47:00  TKS17.exe起動
2000/01/21  09:47:00  OpenFileMapping
2000/01/21  09:47:00  Open Map Error
2000/01/21  09:47:00  OpenFileMapping
2000/01/21  09:47:00  Open Map Error
2000/01/21  09:52:05  TKS17.exe起動
2000/01/21  09:52:05  OpenFileMapping
2000/01/21  09:52:05  Open Map Error
2000/01/21  09:52:05  OpenFileMapping
2000/01/21  09:52:05  Open Map Error
2000/01/21  09:57:34  TKS17.exe起動
2000/01/21  09:57:34  OpenFileMapping
2000/01/21  09:57:34  Open Map Error
2000/01/21  09:57:34  OpenFileMapping
2000/01/21  09:57:34  Open Map Error
2000/01/21  10:00:02  TKS17.exe起動
2000/01/21  10:00:02  OpenFileMapping
2000/01/21  10:00:02  Open Map Error
2000/01/21  10:00:02  OpenFileMapping
2000/01/21  10:00:02  Open Map Error
2000/01/21  10:17:52  TKS17.exe起動
2000/01/21  10:17:52  OpenFileMapping
2000/01/21  10:17:52  Open Map Error
2000/01/21  10:17:52  OpenFileMapping
2000/01/21  10:17:52  Open Map Error
2000/01/21  10:21:56  TKS17.exe起動
2000/01/21  10:21:56  OpenFileMapping
2000/01/21  10:21:56  Open Map Error
2000/01/21  10:21:56  OpenFileMapping
2000/01/21  10:21:56  Open Map Error
2000/01/21  10:25:16  TKS17.exe起動
2000/01/21  10:25:16  OpenFileMapping
2000/01/21  10:25:16  Open Map Error
2000/01/21  10:25:16  OpenFileMapping
2000/01/21  10:25:16  Open Map Error
2000/01/21  10:27:28  TKS17.exe起動
2000/01/21  10:27:28  OpenFileMapping
2000/01/21  10:27:28  Open Map Error
2000/01/21  10:27:28  OpenFileMapping
2000/01/21  10:27:28  Open Map Error
2000/01/21  10:36:53  TKS17.exe起動
2000/01/21  10:36:53  OpenFileMapping
2000/01/21  10:36:53  Open Map Error
2000/01/21  10:36:53  OpenFileMapping
2000/01/21  10:36:53  Open Map Error
2000/01/21  10:39:56  TKS17.exe起動
2000/01/21  10:39:56  OpenFileMapping
2000/01/21  10:39:56  Open Map Error
2000/01/21  10:39:56  OpenFileMapping
2000/01/21  10:39:56  Open Map Error
2000/01/21  11:07:57  TKS17.exe起動
2000/01/21  11:07:57  OpenFileMapping
2000/01/21  11:07:57  Open Map Error
2000/01/21  11:07:57  OpenFileMapping
2000/01/21  11:07:57  Open Map Error
2000/01/21  11:23:15  TKS17.exe起動
2000/01/21  11:23:15  OpenFileMapping
2000/01/21  11:23:15  Open Map Error
2000/01/21  11:23:15  OpenFileMapping
2000/01/21  11:23:15  Open Map Error
2000/01/21  11:29:40  TKS17.exe起動
2000/01/21  11:29:40  OpenFileMapping
2000/01/21  11:29:40  Open Map Error
2000/01/21  11:29:40  OpenFileMapping
2000/01/21  11:29:40  Open Map Error
2000/01/21  11:33:09  TKS17.exe起動
2000/01/21  11:33:09  OpenFileMapping
2000/01/21  11:33:09  Open Map Error
2000/01/21  11:33:09  OpenFileMapping
2000/01/21  11:33:09  Open Map Error
2000/01/24  14:38:02  TKS17.exe起動
2000/01/24  14:38:02  OpenFileMapping
2000/01/24  14:38:02  Open Map Error
2000/01/24  14:38:02  OpenFileMapping
2000/01/24  14:38:02  Open Map Error
2000/01/26  14:05:20  TKS17.exe起動
2000/01/26  14:05:20  OpenFileMapping
2000/01/26  14:05:20  Open Map Error
2000/01/26  14:05:20  OpenFileMapping
2000/01/26  14:05:20  Open Map Error
2000/01/26  14:13:01  TKS17.exe起動
2000/01/26  14:13:01  OpenFileMapping
2000/01/26  14:13:01  Open Map Error
2000/01/26  14:13:01  OpenFileMapping
2000/01/26  14:13:01  Open Map Error
2000/01/26  14:16:35  TKS17.exe起動
2000/01/26  14:16:35  OpenFileMapping
2000/01/26  14:16:35  Open Map Error
2000/01/26  14:16:35  OpenFileMapping
2000/01/26  14:16:35  Open Map Error
2000/01/26  14:21:27  TKS17.exe起動
2000/01/26  14:21:27  OpenFileMapping
2000/01/26  14:21:27  Open Map Error
2000/01/26  14:21:27  OpenFileMapping
2000/01/26  14:21:27  Open Map Error
2000/01/26  14:23:36  TKS17.exe起動
2000/01/26  14:23:36  OpenFileMapping
2000/01/26  14:23:36  Open Map Error
2000/01/26  14:23:36  OpenFileMapping
2000/01/26  14:23:36  Open Map Error
2000/01/26  14:39:00  TKS17.exe起動
2000/01/26  14:39:00  OpenFileMapping
2000/01/26  14:39:00  Open Map Error
2000/01/26  14:39:00  OpenFileMapping
2000/01/26  14:39:00  Open Map Error
2000/01/26  14:47:36  TKS17.exe起動
2000/01/26  14:47:36  OpenFileMapping
2000/01/26  14:47:36  Open Map Error
2000/01/26  14:47:36  OpenFileMapping
2000/01/26  14:47:36  Open Map Error
2000/01/26  21:31:33  TKS17.exe起動
2000/01/26  21:31:33  OpenFileMapping
2000/01/26  21:31:33  Open Map Error
2000/01/26  21:31:33  OpenFileMapping
2000/01/26  21:31:33  Open Map Error
2000/02/09  19:30:45  TKS17.exe起動
2000/02/09  19:30:45  OpenFileMapping
2000/02/09  19:30:45  Open Map Error
2000/02/09  19:30:45  OpenFileMapping
2000/02/09  19:30:45  Open Map Error
2000/02/09  20:01:07  TKS17.exe起動
2000/02/09  20:01:07  OpenFileMapping
2000/02/09  20:01:07  Open Map Error
2000/02/09  20:01:07  OpenFileMapping
2000/02/09  20:01:07  Open Map Error
2000/02/17  14:55:30  TKS17.exe起動
2000/02/17  14:55:30  OpenFileMapping
2000/02/17  14:55:30  Open Map Error
2000/02/17  14:55:30  OpenFileMapping
2000/02/17  14:55:30  Open Map Error
2000/03/01  10:53:24  TKS17.exe起動
2000/03/01  10:53:24  OpenFileMapping
2000/03/01  10:53:24  Open Map Error
2000/03/01  10:53:24  OpenFileMapping
2000/03/01  10:53:24  Open Map Error
2000/03/13  10:49:50  TKS17.exe起動
2000/03/13  10:49:50  OpenFileMapping
2000/03/13  10:49:50  Open Map Error
2000/03/13  10:49:50  OpenFileMapping
2000/03/13  10:49:50  Open Map Error
2000/03/13  10:53:25  TKS17.exe起動
2000/03/13  10:53:25  OpenFileMapping
2000/03/13  10:53:25  Open Map Error
2000/03/13  10:53:25  OpenFileMapping
2000/03/13  10:53:25  Open Map Error
2000/03/21  13:27:05  TKS17.exe起動
2000/03/21  13:27:05  OpenFileMapping
2000/03/21  13:27:05  Open Map Error
2000/03/21  13:27:05  OpenFileMapping
2000/03/21  13:27:05  Open Map Error
2000/03/21  13:29:48  TKS17.exe起動
2000/03/21  13:29:48  OpenFileMapping
2000/03/21  13:29:48  Open Map Error
2000/03/21  13:29:48  OpenFileMapping
2000/03/21  13:29:48  Open Map Error
2000/03/21  13:41:54  TKS17.exe起動
2000/03/21  13:41:54  OpenFileMapping
2000/03/21  13:41:54  Open Map Error
2000/03/21  13:41:54  OpenFileMapping
2000/03/21  13:41:54  Open Map Error
2000/03/21  13:43:19  TKS17.exe起動
2000/03/21  13:43:19  OpenFileMapping
2000/03/21  13:43:19  Open Map Error
2000/03/21  13:43:19  OpenFileMapping
2000/03/21  13:43:19  Open Map Error
2000/03/21  14:09:40  TKS17.exe起動
2000/03/21  14:09:40  OpenFileMapping
2000/03/21  14:09:40  Open Map Error
2000/03/21  14:09:40  OpenFileMapping
2000/03/21  14:09:40  Open Map Error
2000/03/21  14:15:47  TKS17.exe起動
2000/03/21  14:15:47  OpenFileMapping
2000/03/21  14:15:47  Open Map Error
2000/03/21  14:15:47  OpenFileMapping
2000/03/21  14:15:47  Open Map Error
2000/03/31  16:46:38  TKS17.exe起動
2000/03/31  16:46:38  OpenFileMapping
2000/03/31  16:46:38  Open Map Error
2000/03/31  16:46:38  OpenFileMapping
2000/03/31  16:46:38  Open Map Error
2000/04/05  14:55:31  TKS17.exe起動
2000/04/05  14:55:31  OpenFileMapping
2000/04/05  14:55:31  Open Map Error
2000/04/05  14:55:31  OpenFileMapping
2000/04/05  14:55:31  Open Map Error
2000/04/05  14:57:30  TKS17.exe起動
2000/04/05  14:57:30  OpenFileMapping
2000/04/05  14:57:30  Open Map Error
2000/04/05  14:57:30  OpenFileMapping
2000/04/05  14:57:30  Open Map Error
2000/04/05  15:00:31  TKS17.exe起動
2000/04/05  15:00:31  OpenFileMapping
2000/04/05  15:00:31  Open Map Error
2000/04/05  15:00:31  OpenFileMapping
2000/04/05  15:00:31  Open Map Error
2000/04/05  15:01:11  TKS17.exe起動
2000/04/05  15:01:11  OpenFileMapping
2000/04/05  15:01:11  Open Map Error
2000/04/05  15:01:11  OpenFileMapping
2000/04/05  15:01:11  Open Map Error
2000/04/05  15:02:09  TKS17.exe起動
2000/04/05  15:02:09  OpenFileMapping
2000/04/05  15:02:09  Open Map Error
2000/04/05  15:02:09  OpenFileMapping
2000/04/05  15:02:09  Open Map Error
2000/04/05  15:02:32  TKS17.exe起動
2000/04/05  15:02:32  OpenFileMapping
2000/04/05  15:02:32  Open Map Error
2000/04/05  15:02:32  OpenFileMapping
2000/04/05  15:02:32  Open Map Error
2000/04/05  15:03:34  TKS17.exe起動
2000/04/05  15:03:34  OpenFileMapping
2000/04/05  15:03:34  Open Map Error
2000/04/05  15:03:34  OpenFileMapping
2000/04/05  15:03:34  Open Map Error
2000/04/05  16:23:45  TKS17.exe起動
2000/04/05  16:23:45  Open: SId = 1
2000/04/05  16:23:45  Open: SId = 2
2000/04/05  16:28:22  TKS17.exe起動
2000/04/05  16:28:22  Open: SId = 1
2000/04/05  16:28:22  Open: SId = 2
2000/04/05  16:40:43  Close: SId = 1
2000/04/05  16:40:43  Close: SId = 2
2000/04/05  16:41:06  TKS17.exe起動
2000/04/05  16:41:06  Open: SId = 1
2000/04/05  16:41:06  Open: SId = 2
2000/04/05  16:44:16  TKS17.exe起動
2000/04/05  16:44:16  Open: SId = 1
2000/04/05  16:44:16  Open: SId = 2
2000/04/05  16:52:16  TKS17.exe起動
2000/04/05  16:52:16  OpenFileMapping
2000/04/05  16:52:16  Open Map Error
2000/04/05  16:52:16  OpenFileMapping
2000/04/05  16:52:16  Open Map Error
2000/04/05  17:12:29  TKS17.exe起動
2000/04/05  17:12:29  OpenFileMapping
2000/04/05  17:12:29  Open Map Error
2000/04/05  17:12:29  OpenFileMapping
2000/04/05  17:12:29  Open Map Error
2000/04/05  17:14:14  TKS17.exe起動
2000/04/05  17:14:14  OpenFileMapping
2000/04/05  17:14:14  Open Map Error
2000/04/05  17:14:14  OpenFileMapping
2000/04/05  17:14:14  Open Map Error
2000/04/05  17:24:12  TKS17.exe起動
2000/04/05  17:24:12  Open: SId = 1
2000/04/05  17:24:12  Open: SId = 2
2000/04/05  17:27:59  Close: SId = 1
2000/04/05  17:27:59  Close: SId = 2
2000/04/05  17:29:22  TKS17.exe起動
2000/04/05  17:29:22  Open: SId = 1
2000/04/05  17:29:22  Open: SId = 2
2000/04/05  17:40:57  Close: SId = 1
2000/04/05  17:40:57  Close: SId = 2
2000/04/05  17:41:03  TKS17.exe起動
2000/04/05  17:41:03  OpenFileMapping
2000/04/05  17:41:03  Open Map Error
2000/04/05  17:41:03  OpenFileMapping
2000/04/05  17:41:03  Open Map Error
2000/04/05  17:43:28  TKS17.exe起動
2000/04/05  17:43:28  Open: SId = 1
2000/04/05  17:43:28  Open: SId = 2
2000/04/05  18:05:59  Close: SId = 1
2000/04/05  18:05:59  Close: SId = 2
2000/04/05  18:06:14  TKS17.exe起動
2000/04/05  18:06:14  OpenFileMapping
2000/04/05  18:06:14  Open Map Error
2000/04/05  18:06:14  OpenFileMapping
2000/04/05  18:06:14  Open Map Error
2000/04/05  18:10:31  TKS17.exe起動
2000/04/05  18:10:31  OpenFileMapping
2000/04/05  18:10:31  Open Map Error
2000/04/05  18:10:31  OpenFileMapping
2000/04/05  18:10:31  Open Map Error
2000/04/05  18:11:42  TKS17.exe起動
2000/04/05  18:11:42  OpenFileMapping
2000/04/05  18:11:42  Open Map Error
2000/04/05  18:11:42  OpenFileMapping
2000/04/05  18:11:42  Open Map Error
2000/04/05  18:19:48  TKS17.exe起動
2000/04/05  18:19:48  OpenFileMapping
2000/04/05  18:19:48  Open Map Error
2000/04/05  18:19:48  OpenFileMapping
2000/04/05  18:19:48  Open Map Error
2000/05/24  10:01:13  TKS17.exe起動
2000/05/24  10:01:13  OpenFileMapping
2000/05/24  10:01:13  Open Map Error
2000/05/24  10:01:13  OpenFileMapping
2000/05/24  10:01:13  Open Map Error
2000/05/24  10:01:52  TKS17.exe起動
2000/05/24  10:01:53  Open: SId = 1
2000/05/24  10:01:53  Open: SId = 2
2000/05/24  10:02:01  Close: SId = 1
2000/05/24  10:02:01  Close: SId = 2
2000/05/24  11:16:41  TKS17.exe起動
2000/05/24  11:16:41  Open: SId = 1
2000/05/24  11:16:41  Open: SId = 2
2000/05/24  11:16:45  Close: SId = 1
2000/05/24  11:16:45  Close: SId = 2
2000/05/24  11:17:09  TKS17.exe起動
2000/05/24  11:17:09  Open: SId = 1
2000/05/24  11:17:09  Open: SId = 2
2000/05/24  11:17:16  Close: SId = 1
2000/05/24  11:17:16  Close: SId = 2
2000/05/24  11:17:22  TKS17.exe起動
2000/05/24  11:17:22  Open: SId = 1
2000/05/24  11:17:22  Open: SId = 2
2000/05/24  11:17:26  Close: SId = 1
2000/05/24  11:17:26  Close: SId = 2
2000/05/24  11:17:31  TKS17.exe起動
2000/05/24  11:17:31  Open: SId = 1
2000/05/24  11:17:31  Open: SId = 2
2000/05/24  11:17:36  Close: SId = 1
2000/05/24  11:17:36  Close: SId = 2
2000/05/24  11:17:40  TKS17.exe起動
2000/05/24  11:17:40  Open: SId = 1
2000/05/24  11:17:40  Open: SId = 2
2000/05/24  11:18:09  Close: SId = 1
2000/05/24  11:18:09  Close: SId = 2
2001/05/21  21:28:23  TKS17.exe起動
2001/05/21  21:28:23  OpenFileMapping
2001/05/21  21:28:23  Open Map Error
2001/05/21  21:28:23  OpenFileMapping
2001/05/21  21:28:23  Open Map Error
2002/11/02  17:15:17  TKS17.exe起動
2002/11/02  17:15:17  OpenFileMapping
2002/11/02  17:15:17  Open Map Error
2002/11/02  17:15:17  OpenFileMapping
2002/11/02  17:15:17  Open Map Error
2002/11/02  17:46:41  TKS17.exe起動
2002/11/02  17:46:41  OpenFileMapping
2002/11/02  17:46:41  Open Map Error
2002/11/02  17:46:41  OpenFileMapping
2002/11/02  17:46:41  Open Map Error
2002/11/02  18:59:43  TKS17.exe起動
2002/11/02  18:59:43  OpenFileMapping
2002/11/02  18:59:43  Open Map Error
2002/11/02  18:59:43  OpenFileMapping
2002/11/02  18:59:43  Open Map Error
2002/11/02  19:01:47  TKS17.exe起動
2002/11/02  19:01:47  OpenFileMapping
2002/11/02  19:01:47  Open Map Error
2002/11/02  19:01:47  OpenFileMapping
2002/11/02  19:01:47  Open Map Error
2002/11/02  19:34:13  TKS17.exe起動
2002/11/02  19:34:13  OpenFileMapping
2002/11/02  19:34:13  Open Map Error
2002/11/02  19:34:13  OpenFileMapping
2002/11/02  19:34:13  Open Map Error
2002/11/02  19:37:22  TKS17.exe起動
2002/11/02  19:37:22  OpenFileMapping
2002/11/02  19:37:22  Open Map Error
2002/11/02  19:37:22  OpenFileMapping
2002/11/02  19:37:22  Open Map Error
2002/11/02  19:45:24  TKS17.exe起動
2002/11/02  19:45:24  OpenFileMapping
2002/11/02  19:45:24  Open Map Error
2002/11/02  19:45:24  OpenFileMapping
2002/11/02  19:45:24  Open Map Error
2002/11/02  20:11:49  TKS17.exe起動
2002/11/02  20:11:49  OpenFileMapping
2002/11/02  20:11:49  Open Map Error
2002/11/02  20:11:49  OpenFileMapping
2002/11/02  20:11:49  Open Map Error
2002/11/06  11:26:02  TKS17.exe起動
2002/11/06  11:26:02  OpenFileMapping
2002/11/06  11:26:02  Open Map Error
2002/11/06  11:26:02  OpenFileMapping
2002/11/06  11:26:02  Open Map Error
2002/11/06  11:31:27  TKS17.exe起動
2002/11/06  11:31:27  OpenFileMapping
2002/11/06  11:31:27  Open Map Error
2002/11/06  11:31:27  OpenFileMapping
2002/11/06  11:31:27  Open Map Error
2002/11/06  13:22:26  TKS17.exe起動
2002/11/06  13:22:26  OpenFileMapping
2002/11/06  13:22:26  Open Map Error
2002/11/06  13:22:26  OpenFileMapping
2002/11/06  13:22:26  Open Map Error
2002/11/06  14:55:19  TKS17.exe起動
2002/11/06  14:55:19  OpenFileMapping
2002/11/06  14:55:19  Open Map Error
2002/11/06  14:55:19  OpenFileMapping
2002/11/06  14:55:19  Open Map Error
2002/11/06  15:06:17  TKS17.exe起動
2002/11/06  15:06:17  OpenFileMapping
2002/11/06  15:06:17  Open Map Error
2002/11/06  15:06:17  OpenFileMapping
2002/11/06  15:06:17  Open Map Error
2002/11/06  15:18:28  TKS17.exe起動
2002/11/06  15:18:28  OpenFileMapping
2002/11/06  15:18:28  Open Map Error
2002/11/06  15:18:28  OpenFileMapping
2002/11/06  15:18:28  Open Map Error
2002/11/06  15:44:23  TKS17.exe起動
2002/11/06  15:44:23  OpenFileMapping
2002/11/06  15:44:23  Open Map Error
2002/11/06  15:44:23  OpenFileMapping
2002/11/06  15:44:23  Open Map Error
2002/11/06  16:08:30  TKS17.exe起動
2002/11/06  16:08:30  OpenFileMapping
2002/11/06  16:08:30  Open Map Error
2002/11/06  16:08:30  OpenFileMapping
2002/11/06  16:08:30  Open Map Error
2002/11/06  16:44:55  TKS17.exe起動
2002/11/06  16:44:55  OpenFileMapping
2002/11/06  16:44:55  Open Map Error
2002/11/06  16:44:55  OpenFileMapping
2002/11/06  16:44:55  Open Map Error
2002/11/06  16:47:55  TKS17.exe起動
2002/11/06  16:47:55  OpenFileMapping
2002/11/06  16:47:55  Open Map Error
2002/11/06  16:47:55  OpenFileMapping
2002/11/06  16:47:55  Open Map Error
2002/11/06  17:08:23  TKS17.exe起動
2002/11/06  17:08:23  OpenFileMapping
2002/11/06  17:08:23  Open Map Error
2002/11/06  17:08:23  OpenFileMapping
2002/11/06  17:08:23  Open Map Error
2002/11/06  17:10:22  TKS17.exe起動
2002/11/06  17:10:22  OpenFileMapping
2002/11/06  17:10:22  Open Map Error
2002/11/06  17:10:22  OpenFileMapping
2002/11/06  17:10:22  Open Map Error
2002/11/06  17:48:26  TKS17.exe起動
2002/11/06  17:48:26  OpenFileMapping
2002/11/06  17:48:26  Open Map Error
2002/11/06  17:48:26  OpenFileMapping
2002/11/06  17:48:26  Open Map Error
2002/11/08  16:50:38  TKS17.exe起動
2002/11/08  16:50:38  OpenFileMapping
2002/11/08  16:50:38  Open Map Error
2002/11/08  16:50:38  OpenFileMapping
2002/11/08  16:50:38  Open Map Error
2002/11/14  19:48:38  TKS17.exe起動
2002/11/14  19:48:38  OpenFileMapping
2002/11/14  19:48:38  Open Map Error
2002/11/14  19:48:38  OpenFileMapping
2002/11/14  19:48:38  Open Map Error
2002/11/15  13:30:13  TKS17.exe起動
2002/11/15  13:30:13  OpenFileMapping
2002/11/15  13:30:13  Open Map Error
2002/11/15  13:30:13  OpenFileMapping
2002/11/15  13:30:14  Open Map Error
2002/11/15  17:08:07  TKS17.exe起動
2002/11/15  17:08:07  OpenFileMapping
2002/11/15  17:08:07  Open Map Error
2002/11/15  17:08:07  OpenFileMapping
2002/11/15  17:08:07  Open Map Error
2002/11/15  17:08:29  TKS17.exe起動
2002/11/15  17:08:29  OpenFileMapping
2002/11/15  17:08:29  Open Map Error
2002/11/15  17:08:30  OpenFileMapping
2002/11/15  17:08:30  Open Map Error
2002/11/18  21:45:01  TKS17.exe起動
2002/11/18  21:45:01  OpenFileMapping
2002/11/18  21:45:01  Open Map Error
2002/11/18  21:45:01  OpenFileMapping
2002/11/18  21:45:01  Open Map Error
2002/11/23  15:34:15  TKS17.exe起動
2002/11/23  15:34:15  OpenFileMapping
2002/11/23  15:34:15  Open Map Error
2002/11/23  15:34:15  OpenFileMapping
2002/11/23  15:34:15  Open Map Error
2002/11/23  15:35:02  TKS17.exe起動
2002/11/23  15:35:02  OpenFileMapping
2002/11/23  15:35:02  Open Map Error
2002/11/23  15:35:02  OpenFileMapping
2002/11/23  15:35:02  Open Map Error
2002/11/23  15:35:44  TKS17.exe起動
2002/11/23  15:35:44  OpenFileMapping
2002/11/23  15:35:44  Open Map Error
2002/11/23  15:35:44  OpenFileMapping
2002/11/23  15:35:44  Open Map Error
2002/11/23  15:40:43  TKS17.exe起動
2002/11/23  15:40:43  OpenFileMapping
2002/11/23  15:40:43  Open Map Error
2002/11/23  15:40:43  OpenFileMapping
2002/11/23  15:40:43  Open Map Error
2002/11/23  15:41:09  TKS17.exe起動
2002/11/23  15:41:09  OpenFileMapping
2002/11/23  15:41:09  Open Map Error
2002/11/23  15:41:09  OpenFileMapping
2002/11/23  15:41:09  Open Map Error
2002/11/23  15:43:58  TKS17.exe起動
2002/11/23  15:43:58  OpenFileMapping
2002/11/23  15:43:58  Open Map Error
2002/11/23  15:43:58  OpenFileMapping
2002/11/23  15:43:58  Open Map Error
2002/11/23  15:45:06  TKS17.exe起動
2002/11/23  15:45:06  OpenFileMapping
2002/11/23  15:45:06  Open Map Error
2002/11/23  15:45:06  OpenFileMapping
2002/11/23  15:45:06  Open Map Error
2002/11/23  15:55:05  TKS17.exe起動
2002/11/23  15:55:05  OpenFileMapping
2002/11/23  15:55:05  Open Map Error
2002/11/23  15:55:05  OpenFileMapping
2002/11/23  15:55:05  Open Map Error
2002/11/23  15:56:15  TKS17.exe起動
2002/11/23  15:56:15  OpenFileMapping
2002/11/23  15:56:15  Open Map Error
2002/11/23  15:56:15  OpenFileMapping
2002/11/23  15:56:15  Open Map Error
2002/11/23  15:57:38  TKS17.exe起動
2002/11/23  15:57:38  OpenFileMapping
2002/11/23  15:57:38  Open Map Error
2002/11/23  15:57:38  OpenFileMapping
2002/11/23  15:57:38  Open Map Error
2002/11/23  15:57:55  TKS17.exe起動
2002/11/23  15:57:55  OpenFileMapping
2002/11/23  15:57:55  Open Map Error
2002/11/23  15:57:56  OpenFileMapping
2002/11/23  15:57:56  Open Map Error
2002/11/23  16:06:03  TKS17.exe起動
2002/11/23  16:06:03  OpenFileMapping
2002/11/23  16:06:03  Open Map Error
2002/11/23  16:06:03  OpenFileMapping
2002/11/23  16:06:03  Open Map Error
2002/11/23  16:11:15  TKS17.exe起動
2002/11/23  16:11:15  OpenFileMapping
2002/11/23  16:11:15  Open Map Error
2002/11/23  16:11:15  OpenFileMapping
2002/11/23  16:11:15  Open Map Error
2002/11/23  16:17:12  TKS17.exe起動
2002/11/23  16:17:12  OpenFileMapping
2002/11/23  16:17:12  Open Map Error
2002/11/23  16:17:12  OpenFileMapping
2002/11/23  16:17:12  Open Map Error
2002/11/23  16:22:56  TKS17.exe起動
2002/11/23  16:22:56  OpenFileMapping
2002/11/23  16:22:56  Open Map Error
2002/11/23  16:22:56  OpenFileMapping
2002/11/23  16:22:56  Open Map Error
2002/11/23  16:25:00  TKS17.exe起動
2002/11/23  16:25:00  OpenFileMapping
2002/11/23  16:25:00  Open Map Error
2002/11/23  16:25:00  OpenFileMapping
2002/11/23  16:25:00  Open Map Error
2002/11/23  16:40:45  TKS17.exe起動
2002/11/23  16:40:45  OpenFileMapping
2002/11/23  16:40:45  Open Map Error
2002/11/23  16:40:45  OpenFileMapping
2002/11/23  16:40:45  Open Map Error
2002/11/25  13:41:08  TKS17.exe起動
2002/11/25  13:41:08  OpenFileMapping
2002/11/25  13:41:08  Open Map Error
2002/11/25  13:41:08  OpenFileMapping
2002/11/25  13:41:08  Open Map Error
2002/11/25  17:33:36  TKS17.exe起動
2002/11/25  17:33:36  OpenFileMapping
2002/11/25  17:33:36  Open Map Error
2002/11/25  17:33:36  OpenFileMapping
2002/11/25  17:33:37  Open Map Error
2002/11/27  21:28:35  TKS17.exe起動
2002/11/27  21:28:36  OpenFileMapping
2002/11/27  21:28:36  Open Map Error
2002/11/27  21:28:36  OpenFileMapping
2002/11/27  21:28:36  Open Map Error
2002/11/27  21:31:26  TKS17.exe起動
2002/11/27  21:31:26  OpenFileMapping
2002/11/27  21:31:26  Open Map Error
2002/11/27  21:31:26  OpenFileMapping
2002/11/27  21:31:26  Open Map Error
2002/11/27  21:48:55  TKS17.exe起動
2002/11/27  21:48:55  OpenFileMapping
2002/11/27  21:48:55  Open Map Error
2002/11/27  21:48:55  OpenFileMapping
2002/11/27  21:48:55  Open Map Error
2002/11/28  08:59:18  TKS17.exe起動
2002/11/28  08:59:18  OpenFileMapping
2002/11/28  08:59:18  Open Map Error
2002/11/28  08:59:18  OpenFileMapping
2002/11/28  08:59:18  Open Map Error
2002/11/28  09:04:07  TKS17.exe起動
2002/11/28  09:04:07  OpenFileMapping
2002/11/28  09:04:07  Open Map Error
2002/11/28  09:04:07  OpenFileMapping
2002/11/28  09:04:07  Open Map Error
2002/11/28  09:20:47  TKS17.exe起動
2002/11/28  09:20:47  OpenFileMapping
2002/11/28  09:20:47  Open Map Error
2002/11/28  09:20:47  OpenFileMapping
2002/11/28  09:20:47  Open Map Error
2002/11/28  13:33:54  TKS17.exe起動
2002/11/28  13:33:55  OpenFileMapping
2002/11/28  13:33:55  Open Map Error
2002/11/28  13:33:55  OpenFileMapping
2002/11/28  13:33:55  Open Map Error
2002/11/28  13:40:13  TKS17.exe起動
2002/11/28  13:40:13  OpenFileMapping
2002/11/28  13:40:13  Open Map Error
2002/11/28  13:40:13  OpenFileMapping
2002/11/28  13:40:13  Open Map Error
2002/11/28  13:51:03  TKS17.exe起動
2002/11/28  13:51:03  OpenFileMapping
2002/11/28  13:51:03  Open Map Error
2002/11/28  13:51:03  OpenFileMapping
2002/11/28  13:51:03  Open Map Error
2002/11/28  13:52:40  TKS17.exe起動
2002/11/28  13:52:40  OpenFileMapping
2002/11/28  13:52:40  Open Map Error
2002/11/28  13:52:40  OpenFileMapping
2002/11/28  13:52:41  Open Map Error
2002/11/28  19:03:26  TKS17.exe起動
2002/11/28  19:03:26  OpenFileMapping
2002/11/28  19:03:26  Open Map Error
2002/11/28  19:03:26  OpenFileMapping
2002/11/28  19:03:26  Open Map Error
2002/11/28  19:12:51  TKS17.exe起動
2002/11/28  19:12:51  OpenFileMapping
2002/11/28  19:12:51  Open Map Error
2002/11/28  19:12:51  OpenFileMapping
2002/11/28  19:12:51  Open Map Error
2002/11/28  19:58:48  TKS17.exe起動
2002/11/28  19:58:48  OpenFileMapping
2002/11/28  19:58:48  Open Map Error
2002/11/28  19:58:48  OpenFileMapping
2002/11/28  19:58:48  Open Map Error
2002/11/28  20:01:54  TKS17.exe起動
2002/11/28  20:01:54  OpenFileMapping
2002/11/28  20:01:55  Open Map Error
2002/11/28  20:01:55  OpenFileMapping
2002/11/28  20:01:55  Open Map Error
2002/11/29  09:42:02  TKS17.exe起動
2002/11/29  09:42:02  OpenFileMapping
2002/11/29  09:42:03  Open Map Error
2002/11/29  09:42:03  OpenFileMapping
2002/11/29  09:42:03  Open Map Error
2002/11/29  10:02:00  TKS17.exe起動
2002/11/29  10:02:00  OpenFileMapping
2002/11/29  10:02:00  Open Map Error
2002/11/29  10:02:00  OpenFileMapping
2002/11/29  10:02:00  Open Map Error
2002/11/29  11:07:53  TKS17.exe起動
2002/11/29  11:07:53  OpenFileMapping
2002/11/29  11:07:53  Open Map Error
2002/11/29  11:07:53  OpenFileMapping
2002/11/29  11:07:53  Open Map Error
2002/11/29  11:16:07  TKS17.exe起動
2002/11/29  11:16:07  OpenFileMapping
2002/11/29  11:16:07  Open Map Error
2002/11/29  11:16:07  OpenFileMapping
2002/11/29  11:16:07  Open Map Error
2002/11/29  11:54:33  TKS17.exe起動
2002/11/29  11:54:33  OpenFileMapping
2002/11/29  11:54:33  Open Map Error
2002/11/29  11:54:33  OpenFileMapping
2002/11/29  11:54:33  Open Map Error
2002/11/29  11:57:42  TKS17.exe起動
2002/11/29  11:57:42  OpenFileMapping
2002/11/29  11:57:42  Open Map Error
2002/11/29  11:57:42  OpenFileMapping
2002/11/29  11:57:42  Open Map Error
2002/11/29  13:11:12  TKS17.exe起動
2002/11/29  13:11:12  OpenFileMapping
2002/11/29  13:11:12  Open Map Error
2002/11/29  13:11:12  OpenFileMapping
2002/11/29  13:11:12  Open Map Error
2002/11/29  13:31:12  TKS17.exe起動
2002/11/29  13:31:12  OpenFileMapping
2002/11/29  13:31:12  Open Map Error
2002/11/29  13:31:12  OpenFileMapping
2002/11/29  13:31:12  Open Map Error
2002/11/29  14:32:56  TKS17.exe起動
2002/11/29  14:32:56  OpenFileMapping
2002/11/29  14:32:56  Open Map Error
2002/11/29  14:32:56  OpenFileMapping
2002/11/29  14:32:56  Open Map Error
2002/11/29  16:19:32  TKS17.exe起動
2002/11/29  16:19:32  OpenFileMapping
2002/11/29  16:19:32  Open Map Error
2002/11/29  16:19:32  OpenFileMapping
2002/11/29  16:19:32  Open Map Error
2002/11/29  16:21:58  TKS17.exe起動
2002/11/29  16:21:58  OpenFileMapping
2002/11/29  16:21:58  Open Map Error
2002/11/29  16:21:58  OpenFileMapping
2002/11/29  16:21:58  Open Map Error
2002/11/29  16:35:52  TKS17.exe起動
2002/11/29  16:35:52  OpenFileMapping
2002/11/29  16:35:52  Open Map Error
2002/11/29  16:35:52  OpenFileMapping
2002/11/29  16:35:53  Open Map Error
2002/11/30  09:43:00  TKS17.exe起動
2002/11/30  09:43:00  OpenFileMapping
2002/11/30  09:43:00  Open Map Error
2002/11/30  09:43:00  OpenFileMapping
2002/11/30  09:43:00  Open Map Error
2002/11/30  09:43:36  TKS17.exe起動
2002/11/30  09:43:36  OpenFileMapping
2002/11/30  09:43:36  Open Map Error
2002/11/30  09:43:36  OpenFileMapping
2002/11/30  09:43:36  Open Map Error
2002/11/30  09:47:09  TKS17.exe起動
2002/11/30  09:47:09  OpenFileMapping
2002/11/30  09:47:09  Open Map Error
2002/11/30  09:47:09  OpenFileMapping
2002/11/30  09:47:09  Open Map Error
2002/11/30  09:51:28  TKS17.exe起動
2002/11/30  09:51:28  OpenFileMapping
2002/11/30  09:51:28  Open Map Error
2002/11/30  09:51:28  OpenFileMapping
2002/11/30  09:51:28  Open Map Error
2002/11/30  09:54:51  TKS17.exe起動
2002/11/30  09:54:51  OpenFileMapping
2002/11/30  09:54:51  Open Map Error
2002/11/30  09:54:51  OpenFileMapping
2002/11/30  09:54:51  Open Map Error
2002/11/30  09:56:24  TKS17.exe起動
2002/11/30  09:56:24  OpenFileMapping
2002/11/30  09:56:24  Open Map Error
2002/11/30  09:56:24  OpenFileMapping
2002/11/30  09:56:24  Open Map Error
2002/11/30  09:58:47  TKS17.exe起動
2002/11/30  09:58:47  OpenFileMapping
2002/11/30  09:58:47  Open Map Error
2002/11/30  09:58:47  OpenFileMapping
2002/11/30  09:58:47  Open Map Error
2002/11/30  10:40:44  TKS17.exe起動
2002/11/30  10:40:44  OpenFileMapping
2002/11/30  10:40:44  Open Map Error
2002/11/30  10:40:44  OpenFileMapping
2002/11/30  10:40:44  Open Map Error
2002/11/30  10:48:52  TKS17.exe起動
2002/11/30  10:48:52  OpenFileMapping
2002/11/30  10:48:52  Open Map Error
2002/11/30  10:48:52  OpenFileMapping
2002/11/30  10:48:52  Open Map Error
2002/11/30  11:11:27  TKS17.exe起動
2002/11/30  11:11:27  OpenFileMapping
2002/11/30  11:11:27  Open Map Error
2002/11/30  11:11:27  OpenFileMapping
2002/11/30  11:11:27  Open Map Error
2002/11/30  11:44:58  TKS17.exe起動
2002/11/30  11:44:58  OpenFileMapping
2002/11/30  11:44:58  Open Map Error
2002/11/30  11:44:58  OpenFileMapping
2002/11/30  11:44:58  Open Map Error
2002/11/30  11:53:12  TKS17.exe起動
2002/11/30  11:53:12  OpenFileMapping
2002/11/30  11:53:12  Open Map Error
2002/11/30  11:53:12  OpenFileMapping
2002/11/30  11:53:12  Open Map Error
2002/11/30  11:58:26  TKS17.exe起動
2002/11/30  11:58:26  OpenFileMapping
2002/11/30  11:58:26  Open Map Error
2002/11/30  11:58:26  OpenFileMapping
2002/11/30  11:58:26  Open Map Error
2002/11/30  12:01:55  TKS17.exe起動
2002/11/30  12:01:55  OpenFileMapping
2002/11/30  12:01:55  Open Map Error
2002/11/30  12:01:55  OpenFileMapping
2002/11/30  12:01:55  Open Map Error
2002/11/30  12:06:04  TKS17.exe起動
2002/11/30  12:06:05  OpenFileMapping
2002/11/30  12:06:05  Open Map Error
2002/11/30  12:06:05  OpenFileMapping
2002/11/30  12:06:05  Open Map Error
2002/11/30  12:07:34  TKS17.exe起動
2002/11/30  12:07:35  OpenFileMapping
2002/11/30  12:07:35  Open Map Error
2002/11/30  12:07:35  OpenFileMapping
2002/11/30  12:07:35  Open Map Error
2002/11/30  12:15:30  TKS17.exe起動
2002/11/30  12:15:30  OpenFileMapping
2002/11/30  12:15:30  Open Map Error
2002/11/30  12:15:30  OpenFileMapping
2002/11/30  12:15:30  Open Map Error
2002/11/30  14:08:38  TKS17.exe起動
2002/11/30  14:08:38  OpenFileMapping
2002/11/30  14:08:38  Open Map Error
2002/11/30  14:08:38  OpenFileMapping
2002/11/30  14:08:38  Open Map Error
2002/11/30  14:11:02  TKS17.exe起動
2002/11/30  14:11:02  OpenFileMapping
2002/11/30  14:11:02  Open Map Error
2002/11/30  14:11:02  OpenFileMapping
2002/11/30  14:11:02  Open Map Error
2002/11/30  14:14:50  TKS17.exe起動
2002/11/30  14:14:50  OpenFileMapping
2002/11/30  14:14:50  Open Map Error
2002/11/30  14:14:50  OpenFileMapping
2002/11/30  14:14:50  Open Map Error
2002/11/30  15:44:20  TKS17.exe起動
2002/11/30  15:44:20  OpenFileMapping
2002/11/30  15:44:20  Open Map Error
2002/11/30  15:44:20  OpenFileMapping
2002/11/30  15:44:20  Open Map Error
2002/11/30  16:02:04  TKS17.exe起動
2002/11/30  16:02:04  OpenFileMapping
2002/11/30  16:02:04  Open Map Error
2002/11/30  16:02:04  OpenFileMapping
2002/11/30  16:02:05  Open Map Error
2002/11/30  16:07:26  TKS17.exe起動
2002/11/30  16:07:26  OpenFileMapping
2002/11/30  16:07:26  Open Map Error
2002/11/30  16:07:26  OpenFileMapping
2002/11/30  16:07:26  Open Map Error
2002/11/30  16:31:20  TKS17.exe起動
2002/11/30  16:31:20  OpenFileMapping
2002/11/30  16:31:20  Open Map Error
2002/11/30  16:31:20  OpenFileMapping
2002/11/30  16:31:20  Open Map Error
2002/11/30  16:56:45  TKS17.exe起動
2002/11/30  16:56:45  OpenFileMapping
2002/11/30  16:56:46  Open Map Error
2002/11/30  16:56:46  OpenFileMapping
2002/11/30  16:56:46  Open Map Error
2002/11/30  17:03:58  TKS17.exe起動
2002/11/30  17:03:58  OpenFileMapping
2002/11/30  17:03:58  Open Map Error
2002/11/30  17:03:58  OpenFileMapping
2002/11/30  17:03:58  Open Map Error
2002/11/30  17:06:11  TKS17.exe起動
2002/11/30  17:06:11  OpenFileMapping
2002/11/30  17:06:11  Open Map Error
2002/11/30  17:06:11  OpenFileMapping
2002/11/30  17:06:11  Open Map Error
2002/11/30  17:14:16  TKS17.exe起動
2002/11/30  17:14:16  OpenFileMapping
2002/11/30  17:14:16  Open Map Error
2002/11/30  17:14:16  OpenFileMapping
2002/11/30  17:14:16  Open Map Error
2002/11/30  17:19:51  TKS17.exe起動
2002/11/30  17:19:51  OpenFileMapping
2002/11/30  17:19:51  Open Map Error
2002/11/30  17:19:51  OpenFileMapping
2002/11/30  17:19:51  Open Map Error
2002/11/30  17:21:58  TKS17.exe起動
2002/11/30  17:21:58  OpenFileMapping
2002/11/30  17:21:58  Open Map Error
2002/11/30  17:21:58  OpenFileMapping
2002/11/30  17:21:58  Open Map Error
2002/11/30  17:25:09  TKS17.exe起動
2002/11/30  17:25:09  OpenFileMapping
2002/11/30  17:25:09  Open Map Error
2002/11/30  17:25:09  OpenFileMapping
2002/11/30  17:25:09  Open Map Error
2002/11/30  17:27:43  TKS17.exe起動
2002/11/30  17:27:43  OpenFileMapping
2002/11/30  17:27:43  Open Map Error
2002/11/30  17:27:43  OpenFileMapping
2002/11/30  17:27:43  Open Map Error
2002/11/30  17:29:55  TKS17.exe起動
2002/11/30  17:29:55  OpenFileMapping
2002/11/30  17:29:55  Open Map Error
2002/11/30  17:29:55  OpenFileMapping
2002/11/30  17:29:55  Open Map Error
2002/11/30  17:32:37  TKS17.exe起動
2002/11/30  17:32:37  OpenFileMapping
2002/11/30  17:32:37  Open Map Error
2002/11/30  17:32:37  OpenFileMapping
2002/11/30  17:32:37  Open Map Error
2002/11/30  17:33:17  TKS17.exe起動
2002/11/30  17:33:17  OpenFileMapping
2002/11/30  17:33:17  Open Map Error
2002/11/30  17:33:17  OpenFileMapping
2002/11/30  17:33:17  Open Map Error
2002/11/30  17:36:22  TKS17.exe起動
2002/11/30  17:36:22  OpenFileMapping
2002/11/30  17:36:22  Open Map Error
2002/11/30  17:36:22  OpenFileMapping
2002/11/30  17:36:22  Open Map Error
2002/11/30  17:39:59  TKS17.exe起動
2002/11/30  17:39:59  OpenFileMapping
2002/11/30  17:39:59  Open Map Error
2002/11/30  17:39:59  OpenFileMapping
2002/11/30  17:39:59  Open Map Error
2002/11/30  17:52:10  TKS17.exe起動
2002/11/30  17:52:10  OpenFileMapping
2002/11/30  17:52:10  Open Map Error
2002/11/30  17:52:10  OpenFileMapping
2002/11/30  17:52:10  Open Map Error
2002/11/30  17:54:20  TKS17.exe起動
2002/11/30  17:54:20  OpenFileMapping
2002/11/30  17:54:20  Open Map Error
2002/11/30  17:54:20  OpenFileMapping
2002/11/30  17:54:20  Open Map Error
2002/11/30  17:57:26  TKS17.exe起動
2002/11/30  17:57:26  OpenFileMapping
2002/11/30  17:57:26  Open Map Error
2002/11/30  17:57:26  OpenFileMapping
2002/11/30  17:57:26  Open Map Error
2002/11/30  17:59:55  TKS17.exe起動
2002/11/30  17:59:55  OpenFileMapping
2002/11/30  17:59:55  Open Map Error
2002/11/30  17:59:55  OpenFileMapping
2002/11/30  17:59:55  Open Map Error
2002/11/30  18:16:06  TKS17.exe起動
2002/11/30  18:16:06  OpenFileMapping
2002/11/30  18:16:06  Open Map Error
2002/11/30  18:16:06  OpenFileMapping
2002/11/30  18:16:06  Open Map Error
2002/11/30  18:19:56  TKS17.exe起動
2002/11/30  18:19:56  OpenFileMapping
2002/11/30  18:19:56  Open Map Error
2002/11/30  18:19:56  OpenFileMapping
2002/11/30  18:19:56  Open Map Error
2002/11/30  18:26:33  TKS17.exe起動
2002/11/30  18:26:33  OpenFileMapping
2002/11/30  18:26:33  Open Map Error
2002/11/30  18:26:33  OpenFileMapping
2002/11/30  18:26:33  Open Map Error
2002/11/30  18:31:45  TKS17.exe起動
2002/11/30  18:31:45  OpenFileMapping
2002/11/30  18:31:45  Open Map Error
2002/11/30  18:31:45  OpenFileMapping
2002/11/30  18:31:45  Open Map Error
2002/11/30  18:37:01  TKS17.exe起動
2002/11/30  18:37:01  OpenFileMapping
2002/11/30  18:37:01  Open Map Error
2002/11/30  18:37:01  OpenFileMapping
2002/11/30  18:37:01  Open Map Error
2002/11/30  18:50:22  TKS17.exe起動
2002/11/30  18:50:22  OpenFileMapping
2002/11/30  18:50:22  Open Map Error
2002/11/30  18:50:22  OpenFileMapping
2002/11/30  18:50:22  Open Map Error
2002/11/30  18:57:14  TKS17.exe起動
2002/11/30  18:57:14  OpenFileMapping
2002/11/30  18:57:14  Open Map Error
2002/11/30  18:57:14  OpenFileMapping
2002/11/30  18:57:14  Open Map Error
2002/11/30  19:03:54  TKS17.exe起動
2002/11/30  19:03:54  OpenFileMapping
2002/11/30  19:03:54  Open Map Error
2002/11/30  19:03:54  OpenFileMapping
2002/11/30  19:03:54  Open Map Error
2002/11/30  19:06:40  TKS17.exe起動
2002/11/30  19:06:40  OpenFileMapping
2002/11/30  19:06:41  Open Map Error
2002/11/30  19:06:41  OpenFileMapping
2002/11/30  19:06:41  Open Map Error
2002/11/30  19:10:59  TKS17.exe起動
2002/11/30  19:10:59  OpenFileMapping
2002/11/30  19:10:59  Open Map Error
2002/11/30  19:10:59  OpenFileMapping
2002/11/30  19:10:59  Open Map Error
2002/12/01  15:47:42  TKS17.exe起動
2002/12/01  15:47:42  OpenFileMapping
2002/12/01  15:47:42  Open Map Error
2002/12/01  15:47:42  OpenFileMapping
2002/12/01  15:47:43  Open Map Error
2002/12/01  16:00:52  TKS17.exe起動
2002/12/01  16:00:52  OpenFileMapping
2002/12/01  16:00:52  Open Map Error
2002/12/01  16:00:52  OpenFileMapping
2002/12/01  16:00:52  Open Map Error
2002/12/01  16:03:09  TKS17.exe起動
2002/12/01  16:03:09  OpenFileMapping
2002/12/01  16:03:09  Open Map Error
2002/12/01  16:03:09  OpenFileMapping
2002/12/01  16:03:09  Open Map Error
2002/12/02  09:11:22  TKS17.exe起動
2002/12/02  09:11:23  OpenFileMapping
2002/12/02  09:11:23  Open Map Error
2002/12/02  09:11:23  OpenFileMapping
2002/12/02  09:11:23  Open Map Error
2002/12/02  09:27:34  TKS17.exe起動
2002/12/02  09:27:34  OpenFileMapping
2002/12/02  09:27:34  Open Map Error
2002/12/02  09:27:34  OpenFileMapping
2002/12/02  09:27:34  Open Map Error
2002/12/02  10:31:16  TKS17.exe起動
2002/12/02  10:31:16  OpenFileMapping
2002/12/02  10:31:16  Open Map Error
2002/12/02  10:31:17  OpenFileMapping
2002/12/02  10:31:17  Open Map Error
2002/12/02  11:38:38  TKS17.exe起動
2002/12/02  11:38:38  OpenFileMapping
2002/12/02  11:38:38  Open Map Error
2002/12/02  11:38:38  OpenFileMapping
2002/12/02  11:38:38  Open Map Error
2002/12/02  11:43:35  TKS17.exe起動
2002/12/02  11:43:35  OpenFileMapping
2002/12/02  11:43:35  Open Map Error
2002/12/02  11:43:36  OpenFileMapping
2002/12/02  11:43:36  Open Map Error
2002/12/02  11:45:16  TKS17.exe起動
2002/12/02  11:45:16  OpenFileMapping
2002/12/02  11:45:16  Open Map Error
2002/12/02  11:45:16  OpenFileMapping
2002/12/02  11:45:16  Open Map Error
2002/12/02  11:57:08  TKS17.exe起動
2002/12/02  11:57:09  OpenFileMapping
2002/12/02  11:57:09  Open Map Error
2002/12/02  11:57:09  OpenFileMapping
2002/12/02  11:57:09  Open Map Error
2002/12/02  12:00:51  TKS17.exe起動
2002/12/02  12:00:51  OpenFileMapping
2002/12/02  12:00:51  Open Map Error
2002/12/02  12:00:51  OpenFileMapping
2002/12/02  12:00:51  Open Map Error
2002/12/02  12:06:55  TKS17.exe起動
2002/12/02  12:06:55  OpenFileMapping
2002/12/02  12:06:55  Open Map Error
2002/12/02  12:06:55  OpenFileMapping
2002/12/02  12:06:55  Open Map Error
2002/12/02  13:23:32  TKS17.exe起動
2002/12/02  13:23:32  OpenFileMapping
2002/12/02  13:23:32  Open Map Error
2002/12/02  13:23:32  OpenFileMapping
2002/12/02  13:23:32  Open Map Error
2002/12/02  13:24:08  TKS17.exe起動
2002/12/02  13:24:08  OpenFileMapping
2002/12/02  13:24:08  Open Map Error
2002/12/02  13:24:08  OpenFileMapping
2002/12/02  13:24:08  Open Map Error
2002/12/02  14:54:17  TKS17.exe起動
2002/12/02  14:54:17  OpenFileMapping
2002/12/02  14:54:17  Open Map Error
2002/12/02  14:54:17  OpenFileMapping
2002/12/02  14:54:17  Open Map Error
2002/12/02  16:58:51  TKS17.exe起動
2002/12/02  16:58:51  OpenFileMapping
2002/12/02  16:58:51  Open Map Error
2002/12/02  16:58:51  OpenFileMapping
2002/12/02  16:58:51  Open Map Error
2002/12/02  17:00:09  TKS17.exe起動
2002/12/02  17:00:09  OpenFileMapping
2002/12/02  17:00:09  Open Map Error
2002/12/02  17:00:09  OpenFileMapping
2002/12/02  17:00:09  Open Map Error
2002/12/02  17:02:09  TKS17.exe起動
2002/12/02  17:02:09  OpenFileMapping
2002/12/02  17:02:09  Open Map Error
2002/12/02  17:02:09  OpenFileMapping
2002/12/02  17:02:09  Open Map Error
2002/12/02  17:05:46  TKS17.exe起動
2002/12/02  17:05:46  OpenFileMapping
2002/12/02  17:05:46  Open Map Error
2002/12/02  17:05:46  OpenFileMapping
2002/12/02  17:05:46  Open Map Error
2002/12/02  17:44:57  TKS17.exe起動
2002/12/02  17:44:57  OpenFileMapping
2002/12/02  17:44:57  Open Map Error
2002/12/02  17:44:57  OpenFileMapping
2002/12/02  17:44:57  Open Map Error
2002/12/02  18:28:06  TKS17.exe起動
2002/12/02  18:28:06  OpenFileMapping
2002/12/02  18:28:06  Open Map Error
2002/12/02  18:28:06  OpenFileMapping
2002/12/02  18:28:06  Open Map Error
2002/12/02  20:20:25  TKS17.exe起動
2002/12/02  20:20:25  OpenFileMapping
2002/12/02  20:20:25  Open Map Error
2002/12/02  20:20:25  OpenFileMapping
2002/12/02  20:20:25  Open Map Error
2002/12/02  21:10:46  TKS17.exe起動
2002/12/02  21:10:46  OpenFileMapping
2002/12/02  21:10:46  Open Map Error
2002/12/02  21:10:46  OpenFileMapping
2002/12/02  21:10:46  Open Map Error
2002/12/02  21:34:53  TKS17.exe起動
2002/12/02  21:34:53  OpenFileMapping
2002/12/02  21:34:53  Open Map Error
2002/12/02  21:34:53  OpenFileMapping
2002/12/02  21:34:53  Open Map Error
2002/12/02  21:52:20  TKS17.exe起動
2002/12/02  21:52:20  OpenFileMapping
2002/12/02  21:52:20  Open Map Error
2002/12/02  21:52:20  OpenFileMapping
2002/12/02  21:52:20  Open Map Error
2002/12/03  08:42:39  TKS17.exe起動
2002/12/03  08:42:39  OpenFileMapping
2002/12/03  08:42:39  Open Map Error
2002/12/03  08:42:39  OpenFileMapping
2002/12/03  08:42:39  Open Map Error
2002/12/07  14:34:30  TKS17.exe起動
2002/12/07  14:34:30  OpenFileMapping
2002/12/07  14:34:30  Open Map Error
2002/12/07  14:34:30  OpenFileMapping
2002/12/07  14:34:30  Open Map Error
2002/12/07  14:50:50  TKS17.exe起動
2002/12/07  14:50:50  OpenFileMapping
2002/12/07  14:50:50  Open Map Error
2002/12/07  14:50:50  OpenFileMapping
2002/12/07  14:50:50  Open Map Error
2002/12/07  14:58:33  TKS17.exe起動
2002/12/07  14:58:33  OpenFileMapping
2002/12/07  14:58:33  Open Map Error
2002/12/07  14:58:33  OpenFileMapping
2002/12/07  14:58:33  Open Map Error
2002/12/07  17:18:07  TKS17.exe起動
2002/12/07  17:18:07  OpenFileMapping
2002/12/07  17:18:07  Open Map Error
2002/12/07  17:18:07  OpenFileMapping
2002/12/07  17:18:07  Open Map Error
2003/01/20  11:43:30  TKS17.exe起動
2003/01/20  11:43:30  OpenFileMapping
2003/01/20  11:43:30  Open Map Error
2003/01/20  11:43:30  OpenFileMapping
2003/01/20  11:43:31  Open Map Error
2003/01/20  11:46:49  TKS17.exe起動
2003/01/20  11:46:49  OpenFileMapping
2003/01/20  11:46:49  Open Map Error
2003/01/20  11:46:49  OpenFileMapping
2003/01/20  11:46:49  Open Map Error
2003/01/24  14:49:32  TKS17.exe起動
2003/01/24  14:49:32  OpenFileMapping
2003/01/24  14:49:32  Open Map Error
2003/01/24  14:49:32  OpenFileMapping
2003/01/24  14:49:32  Open Map Error
2003/01/24  14:56:37  TKS17.exe起動
2003/01/24  14:56:38  OpenFileMapping
2003/01/24  14:56:38  Open Map Error
2003/01/24  14:56:38  OpenFileMapping
2003/01/24  14:56:38  Open Map Error
2003/01/24  15:03:35  TKS17.exe起動
2003/01/24  15:03:35  OpenFileMapping
2003/01/24  15:03:35  Open Map Error
2003/01/24  15:03:35  OpenFileMapping
2003/01/24  15:03:35  Open Map Error
2003/01/24  15:14:58  TKS17.exe起動
2003/01/24  15:14:58  OpenFileMapping
2003/01/24  15:14:58  Open Map Error
2003/01/24  15:14:58  OpenFileMapping
2003/01/24  15:14:58  Open Map Error
2003/02/05  17:08:13  TKS17.exe起動
2003/02/05  17:08:14  OpenFileMapping
2003/02/05  17:08:14  Open Map Error
2003/02/05  17:08:14  OpenFileMapping
2003/02/05  17:08:14  Open Map Error
2003/02/05  17:33:11  TKS17.exe起動
2003/02/05  17:33:11  OpenFileMapping
2003/02/05  17:33:11  Open Map Error
2003/02/05  17:33:11  OpenFileMapping
2003/02/05  17:33:11  Open Map Error
2003/02/05  19:20:41  TKS17.exe起動
2003/02/05  19:20:41  OpenFileMapping
2003/02/05  19:20:41  Open Map Error
2003/02/05  19:20:41  OpenFileMapping
2003/02/05  19:20:41  Open Map Error
2003/02/05  20:31:48  TKS17.exe起動
2003/02/05  20:31:48  OpenFileMapping
2003/02/05  20:31:48  Open Map Error
2003/02/05  20:31:48  OpenFileMapping
2003/02/05  20:31:48  Open Map Error
2003/02/05  21:10:33  TKS17.exe起動
2003/02/05  21:10:33  OpenFileMapping
2003/02/05  21:10:33  Open Map Error
2003/02/05  21:10:33  OpenFileMapping
2003/02/05  21:10:33  Open Map Error
2003/02/05  21:19:22  TKS17.exe起動
2003/02/05  21:19:22  OpenFileMapping
2003/02/05  21:19:22  Open Map Error
2003/02/05  21:19:22  OpenFileMapping
2003/02/05  21:19:22  Open Map Error
2003/02/05  21:19:53  TKS17.exe起動
2003/02/05  21:19:53  OpenFileMapping
2003/02/05  21:19:53  Open Map Error
2003/02/05  21:19:53  OpenFileMapping
2003/02/05  21:19:53  Open Map Error
2003/02/05  21:20:21  TKS17.exe起動
2003/02/05  21:20:21  OpenFileMapping
2003/02/05  21:20:21  Open Map Error
2003/02/05  21:20:21  OpenFileMapping
2003/02/05  21:20:21  Open Map Error
2003/02/05  21:24:14  TKS17.exe起動
2003/02/05  21:24:14  OpenFileMapping
2003/02/05  21:24:14  Open Map Error
2003/02/05  21:24:14  OpenFileMapping
2003/02/05  21:24:14  Open Map Error
2003/02/05  21:54:36  TKS17.exe起動
2003/02/05  21:54:36  OpenFileMapping
2003/02/05  21:54:36  Open Map Error
2003/02/05  21:54:36  OpenFileMapping
2003/02/05  21:54:36  Open Map Error
2003/02/06  08:45:05  TKS17.exe起動
2003/02/06  08:45:05  OpenFileMapping
2003/02/06  08:45:05  Open Map Error
2003/02/06  08:45:05  OpenFileMapping
2003/02/06  08:45:05  Open Map Error
2003/02/06  08:53:55  TKS17.exe起動
2003/02/06  08:53:55  OpenFileMapping
2003/02/06  08:53:55  Open Map Error
2003/02/06  08:53:55  OpenFileMapping
2003/02/06  08:53:55  Open Map Error
2003/02/06  08:58:09  TKS17.exe起動
2003/02/06  08:58:09  OpenFileMapping
2003/02/06  08:58:09  Open Map Error
2003/02/06  08:58:09  OpenFileMapping
2003/02/06  08:58:09  Open Map Error
2003/02/06  09:05:26  TKS17.exe起動
2003/02/06  09:05:26  OpenFileMapping
2003/02/06  09:05:26  Open Map Error
2003/02/06  09:05:26  OpenFileMapping
2003/02/06  09:05:26  Open Map Error
2003/02/06  09:08:47  TKS17.exe起動
2003/02/06  09:08:47  OpenFileMapping
2003/02/06  09:08:48  Open Map Error
2003/02/06  09:08:48  OpenFileMapping
2003/02/06  09:08:48  Open Map Error
2003/02/08  17:31:55  TKS17.exe起動
2003/02/08  17:31:55  OpenFileMapping
2003/02/08  17:31:55  Open Map Error
2003/02/08  17:31:55  OpenFileMapping
2003/02/08  17:31:55  Open Map Error
2003/02/08  18:14:31  TKS17.exe起動
2003/02/08  18:14:31  OpenFileMapping
2003/02/08  18:14:31  Open Map Error
2003/02/08  18:14:31  OpenFileMapping
2003/02/08  18:14:31  Open Map Error
2003/02/13  14:23:17  TKS17.exe起動
2003/02/13  14:23:17  OpenFileMapping
2003/02/13  14:23:17  Open Map Error
2003/02/13  14:23:17  OpenFileMapping
2003/02/13  14:23:17  Open Map Error
2003/02/14  14:47:06  TKS17.exe起動
2003/02/14  14:47:06  OpenFileMapping
2003/02/14  14:47:06  Open Map Error
2003/02/14  14:47:06  OpenFileMapping
2003/02/14  14:47:06  Open Map Error
2003/02/14  14:55:02  TKS17.exe起動
2003/02/14  14:55:02  OpenFileMapping
2003/02/14  14:55:02  Open Map Error
2003/02/14  14:55:02  OpenFileMapping
2003/02/14  14:55:02  Open Map Error
2003/02/14  15:19:36  TKS17.exe起動
2003/02/14  15:19:36  OpenFileMapping
2003/02/14  15:19:36  Open Map Error
2003/02/14  15:19:36  OpenFileMapping
2003/02/14  15:19:36  Open Map Error
2003/02/14  15:32:24  TKS17.exe起動
2003/02/14  15:32:24  OpenFileMapping
2003/02/14  15:32:25  Open Map Error
2003/02/14  15:32:25  OpenFileMapping
2003/02/14  15:32:25  Open Map Error
2003/02/14  15:38:19  TKS17.exe起動
2003/02/14  15:38:19  OpenFileMapping
2003/02/14  15:38:19  Open Map Error
2003/02/14  15:38:19  OpenFileMapping
2003/02/14  15:38:19  Open Map Error
2003/02/14  15:44:51  TKS17.exe起動
2003/02/14  15:44:51  OpenFileMapping
2003/02/14  15:44:51  Open Map Error
2003/02/14  15:44:51  OpenFileMapping
2003/02/14  15:44:51  Open Map Error
2003/02/14  15:48:59  TKS17.exe起動
2003/02/14  15:48:59  OpenFileMapping
2003/02/14  15:48:59  Open Map Error
2003/02/14  15:48:59  OpenFileMapping
2003/02/14  15:48:59  Open Map Error
2003/02/14  16:00:35  TKS17.exe起動
2003/02/14  16:00:35  OpenFileMapping
2003/02/14  16:00:36  Open Map Error
2003/02/14  16:00:36  OpenFileMapping
2003/02/14  16:00:36  Open Map Error
2003/02/14  16:05:44  TKS17.exe起動
2003/02/14  16:05:44  OpenFileMapping
2003/02/14  16:05:44  Open Map Error
2003/02/14  16:05:44  OpenFileMapping
2003/02/14  16:05:44  Open Map Error
2003/02/14  16:07:48  TKS17.exe起動
2003/02/14  16:07:48  OpenFileMapping
2003/02/14  16:07:48  Open Map Error
2003/02/14  16:07:48  OpenFileMapping
2003/02/14  16:07:48  Open Map Error
2003/02/14  16:17:50  TKS17.exe起動
2003/02/14  16:17:50  OpenFileMapping
2003/02/14  16:17:51  Open Map Error
2003/02/14  16:17:51  OpenFileMapping
2003/02/14  16:17:51  Open Map Error
2003/02/14  16:26:22  TKS17.exe起動
2003/02/14  16:26:22  OpenFileMapping
2003/02/14  16:26:22  Open Map Error
2003/02/14  16:26:22  OpenFileMapping
2003/02/14  16:26:22  Open Map Error
2003/02/14  16:29:21  TKS17.exe起動
2003/02/14  16:29:21  OpenFileMapping
2003/02/14  16:29:21  Open Map Error
2003/02/14  16:29:21  OpenFileMapping
2003/02/14  16:29:21  Open Map Error
2003/02/14  17:11:05  TKS17.exe起動
2003/02/14  17:11:05  OpenFileMapping
2003/02/14  17:11:05  Open Map Error
2003/02/14  17:11:05  OpenFileMapping
2003/02/14  17:11:05  Open Map Error
2004/05/27  13:22:35  TKS17.exe起動
2004/05/27  13:22:36  OpenFileMapping
2004/05/27  13:22:36  Open Map Error
2004/05/27  13:22:36  OpenFileMapping
2004/05/27  13:22:36  Open Map Error
2004/05/27  13:38:46  TKS17.exe起動
2004/05/27  13:38:46  OpenFileMapping
2004/05/27  13:38:46  Open Map Error
2004/05/27  13:38:46  OpenFileMapping
2004/05/27  13:38:46  Open Map Error
2004/05/27  15:02:06  TKS17.exe起動
2004/05/27  15:02:06  OpenFileMapping
2004/05/27  15:02:06  Open Map Error
2004/05/27  15:02:06  OpenFileMapping
2004/05/27  15:02:07  Open Map Error
2004/05/27  15:16:40  TKS17.exe起動
2004/05/27  15:16:40  OpenFileMapping
2004/05/27  15:16:40  Open Map Error
2004/05/27  15:16:40  OpenFileMapping
2004/05/27  15:16:41  Open Map Error
2004/05/27  15:17:45  TKS17.exe起動
2004/05/27  15:17:45  OpenFileMapping
2004/05/27  15:17:46  Open Map Error
2004/05/27  15:17:46  OpenFileMapping
2004/05/27  15:17:46  Open Map Error
2004/05/27  15:20:11  TKS17.exe起動
2004/05/27  15:20:11  OpenFileMapping
2004/05/27  15:20:11  Open Map Error
2004/05/27  15:20:11  OpenFileMapping
2004/05/27  15:20:11  Open Map Error
2004/05/27  15:23:42  TKS17.exe起動
2004/05/27  15:23:43  OpenFileMapping
2004/05/27  15:23:43  Open Map Error
2004/05/27  15:23:43  OpenFileMapping
2004/05/27  15:23:43  Open Map Error
2004/05/27  15:24:41  TKS17.exe起動
2004/05/27  15:24:41  OpenFileMapping
2004/05/27  15:24:41  Open Map Error
2004/05/27  15:24:41  OpenFileMapping
2004/05/27  15:24:42  Open Map Error
2004/05/27  15:25:15  TKS17.exe起動
2004/05/27  15:25:15  OpenFileMapping
2004/05/27  15:25:15  Open Map Error
2004/05/27  15:25:15  OpenFileMapping
2004/05/27  15:25:15  Open Map Error
2004/05/27  15:30:42  TKS17.exe起動
2004/05/27  15:30:42  OpenFileMapping
2004/05/27  15:30:42  Open Map Error
2004/05/27  15:30:42  OpenFileMapping
2004/05/27  15:30:42  Open Map Error
2004/05/27  15:31:54  TKS17.exe起動
2004/05/27  15:31:54  OpenFileMapping
2004/05/27  15:31:54  Open Map Error
2004/05/27  15:31:54  OpenFileMapping
2004/05/27  15:31:54  Open Map Error
2004/06/23  17:05:45  TKS17.exe起動
2004/06/23  17:05:45  OpenFileMapping
2004/06/23  17:05:45  Open Map Error
2004/06/23  17:05:45  OpenFileMapping
2004/06/23  17:05:45  Open Map Error
2004/06/23  17:50:50  TKS17.exe起動
2004/06/23  17:50:51  OpenFileMapping
2004/06/23  17:50:51  Open Map Error
2004/06/23  17:50:51  OpenFileMapping
2004/06/23  17:50:51  Open Map Error
2004/06/23  18:03:14  TKS17.exe起動
2004/06/23  18:03:14  OpenFileMapping
2004/06/23  18:03:14  Open Map Error
2004/06/23  18:03:14  OpenFileMapping
2004/06/23  18:03:14  Open Map Error
2004/06/24  16:26:11  TKS17.exe起動
2004/06/24  16:26:11  OpenFileMapping
2004/06/24  16:26:11  Open Map Error
2004/06/24  16:26:11  OpenFileMapping
2004/06/24  16:26:11  Open Map Error
2004/06/24  16:35:59  TKS17.exe起動
2004/06/24  16:35:59  OpenFileMapping
2004/06/24  16:35:59  Open Map Error
2004/06/24  16:35:59  OpenFileMapping
2004/06/24  16:35:59  Open Map Error
2004/06/24  16:44:43  TKS17.exe起動
2004/06/24  16:44:43  OpenFileMapping
2004/06/24  16:44:43  Open Map Error
2004/06/24  16:44:43  OpenFileMapping
2004/06/24  16:44:43  Open Map Error
2004/06/24  16:45:45  TKS17.exe起動
2004/06/24  16:45:45  OpenFileMapping
2004/06/24  16:45:45  Open Map Error
2004/06/24  16:45:45  OpenFileMapping
2004/06/24  16:45:45  Open Map Error
2004/07/01  15:38:45  TKS17.exe起動
2004/07/01  15:38:45  OpenFileMapping
2004/07/01  15:38:46  Open Map Error
2004/07/01  15:38:46  OpenFileMapping
2004/07/01  15:38:46  Open Map Error
2004/07/06  15:44:06  TKS17.exe起動
2004/07/06  15:44:06  OpenFileMapping
2004/07/06  15:44:06  Open Map Error
2004/07/06  15:44:06  OpenFileMapping
2004/07/06  15:44:06  Open Map Error
2004/07/06  15:48:55  TKS17.exe起動
2004/07/06  15:48:55  OpenFileMapping
2004/07/06  15:48:55  Open Map Error
2004/07/06  15:48:55  OpenFileMapping
2004/07/06  15:48:55  Open Map Error
2004/07/06  15:50:22  TKS17.exe起動
2004/07/06  15:50:23  OpenFileMapping
2004/07/06  15:50:23  Open Map Error
2004/07/06  15:50:23  OpenFileMapping
2004/07/06  15:50:23  Open Map Error
2016/06/05  07:03:30  TKS17.exe起動
2016/06/05  07:03:30  OpenFileMapping
2016/06/05  07:03:30  Open Map Error
2016/06/05  07:03:30  OpenFileMapping
2016/06/05  07:03:30  Open Map Error
2016/10/19  16:26:37  TKS17.exe起動
2016/10/19  16:26:37  OpenFileMapping
2016/10/19  16:26:37  Open Map Error
2016/10/19  16:26:37  OpenFileMapping
2016/10/19  16:26:37  Open Map Error
2016/10/19  16:27:09  TKS17.exe起動
2016/10/19  16:27:09  OpenFileMapping
2016/10/19  16:27:09  Open Map Error
2016/10/19  16:27:09  OpenFileMapping
2016/10/19  16:27:09  Open Map Error
2016/11/26  10:00:22  TKS17.exe起動
2016/11/26  10:00:22  OpenFileMapping
2016/11/26  10:00:22  Open Map Error
2016/11/26  10:00:22  OpenFileMapping
2016/11/26  10:00:22  Open Map Error
2016/11/28  12:12:20  TKS17.exe起動
2016/11/28  12:12:20  OpenFileMapping
2016/11/28  12:12:20  Open Map Error
2016/11/28  12:12:20  OpenFileMapping
2016/11/28  12:12:20  Open Map Error
2016/11/29  10:17:52  TKS17.exe起動
2016/11/29  10:17:52  OpenFileMapping
2016/11/29  10:17:52  Open Map Error
2016/11/29  10:17:52  OpenFileMapping
2016/11/29  10:17:52  Open Map Error
2016/11/29  10:58:36  TKS17.exe起動
2016/11/29  10:58:36  OpenFileMapping
2016/11/29  10:58:36  Open Map Error
2016/11/29  10:58:36  OpenFileMapping
2016/11/29  10:58:36  Open Map Error
2016/12/01  09:38:18  TKS17.exe起動
2016/12/01  09:38:18  OpenFileMapping
2016/12/01  09:38:18  Open Map Error
2016/12/01  09:38:18  OpenFileMapping
2016/12/01  09:38:18  Open Map Error
2016/12/01  09:38:51  TKS17.exe起動
2016/12/01  09:38:51  OpenFileMapping
2016/12/01  09:38:51  Open Map Error
2016/12/01  09:38:51  OpenFileMapping
2016/12/01  09:38:51  Open Map Error
2016/12/01  09:46:49  TKS17.exe起動
2016/12/01  09:46:49  OpenFileMapping
2016/12/01  09:46:49  Open Map Error
2016/12/01  09:46:49  OpenFileMapping
2016/12/01  09:46:49  Open Map Error
2016/12/01  09:50:43  TKS17.exe起動
2016/12/01  09:50:43  OpenFileMapping
2016/12/01  09:50:43  Open Map Error
2016/12/01  09:50:43  OpenFileMapping
2016/12/01  09:50:43  Open Map Error
2016/12/01  16:24:04  TKS17.exe起動
2016/12/01  16:24:04  OpenFileMapping
2016/12/01  16:24:04  Open Map Error
2016/12/01  16:24:04  OpenFileMapping
2016/12/01  16:24:04  Open Map Error
2016/12/01  16:29:20  TKS17.exe起動
2016/12/01  16:29:20  OpenFileMapping
2016/12/01  16:29:20  Open Map Error
2016/12/01  16:29:20  OpenFileMapping
2016/12/01  16:29:20  Open Map Error
