2016/05/27  07:38:41  TKS10.exe起動
2016/05/27  07:38:41  OpenFileMapping
2016/05/27  07:38:41  Open Map Error
2016/05/27  07:38:41  OpenFileMapping
2016/05/27  07:38:41  Open Map Error
2016/05/27  07:46:38  TKS10.exe起動
2016/05/27  07:46:38  OpenFileMapping
2016/05/27  07:46:38  Open Map Error
2016/05/27  07:46:38  OpenFileMapping
2016/05/27  07:46:38  Open Map Error
2016/05/27  07:51:08  TKS10.exe起動
2016/05/27  07:51:08  OpenFileMapping
2016/05/27  07:51:08  Open Map Error
2016/05/27  07:51:08  OpenFileMapping
2016/05/27  07:51:08  Open Map Error
2016/05/27  07:51:21  TKS10.exe起動
2016/05/27  07:51:21  Open: SId = 1
2016/05/27  07:51:21  Open: SId = 2
2016/05/27  07:52:24  Close: SId = 1
2016/05/27  07:52:24  Close: SId = 2
2016/05/27  08:00:59  TKS10.exe起動
2016/05/27  08:00:59  Open: SId = 1
2016/05/27  08:00:59  Open: SId = 2
2016/05/27  08:01:08  Close: SId = 1
2016/05/27  08:01:08  Close: SId = 2
2016/05/27  08:02:57  TKS10.exe起動
2016/05/27  08:02:57  OpenFileMapping
2016/05/27  08:02:57  Open Map Error
2016/05/27  08:02:57  OpenFileMapping
2016/05/27  08:02:57  Open Map Error
2016/06/05  06:57:56  TKS10.exe起動
2016/06/05  06:57:56  OpenFileMapping
2016/06/05  06:57:56  Open Map Error
2016/06/05  06:57:56  OpenFileMapping
2016/06/05  06:57:56  Open Map Error
2016/06/24  10:08:16  TKS10.exe起動
2016/06/24  10:08:16  OpenFileMapping
2016/06/24  10:08:16  Open Map Error
2016/06/24  10:08:16  OpenFileMapping
2016/06/24  10:08:16  Open Map Error
2016/06/24  10:08:44  TKS10.exe起動
2016/06/24  10:08:44  OpenFileMapping
2016/06/24  10:08:44  Open Map Error
2016/06/24  10:08:44  OpenFileMapping
2016/06/24  10:08:44  Open Map Error
2016/06/24  10:42:53  TKS10.exe起動
2016/06/24  10:43:01  OpenFileMapping
2016/06/24  10:43:01  Open Map Error
2016/06/24  10:43:01  OpenFileMapping
2016/06/24  10:43:01  Open Map Error
2016/06/24  10:52:06  TKS10.exe起動
2016/06/24  10:52:06  OpenFileMapping
2016/06/24  10:52:06  Open Map Error
2016/06/24  10:52:06  OpenFileMapping
2016/06/24  10:52:06  Open Map Error
2016/06/24  14:51:20  TKS10.exe起動
2016/06/24  14:51:20  OpenFileMapping
2016/06/24  14:51:20  Open Map Error
2016/06/24  14:51:20  OpenFileMapping
2016/06/24  14:51:20  Open Map Error
2016/06/24  15:38:37  TKS10.exe起動
2016/06/24  15:38:37  OpenFileMapping
2016/06/24  15:38:37  Open Map Error
2016/06/24  15:38:37  OpenFileMapping
2016/06/24  15:38:37  Open Map Error
2016/06/24  15:49:38  TKS10.exe起動
2016/06/24  15:49:38  OpenFileMapping
2016/06/24  15:49:38  Open Map Error
2016/06/24  15:49:38  OpenFileMapping
2016/06/24  15:49:38  Open Map Error
2016/06/24  15:50:01  TKS10.exe起動
2016/06/24  15:50:01  OpenFileMapping
2016/06/24  15:50:01  Open Map Error
2016/06/24  15:50:01  OpenFileMapping
2016/06/24  15:50:01  Open Map Error
2016/06/24  15:50:42  TKS10.exe起動
2016/06/24  15:50:42  OpenFileMapping
2016/06/24  15:50:42  Open Map Error
2016/06/24  15:50:42  OpenFileMapping
2016/06/24  15:50:42  Open Map Error
2016/06/24  15:52:00  TKS10.exe起動
2016/06/24  15:52:00  OpenFileMapping
2016/06/24  15:52:00  Open Map Error
2016/06/24  15:52:00  OpenFileMapping
2016/06/24  15:52:00  Open Map Error
2016/06/24  15:52:17  TKS10.exe起動
2016/06/24  15:52:17  OpenFileMapping
2016/06/24  15:52:17  Open Map Error
2016/06/24  15:52:17  OpenFileMapping
2016/06/24  15:52:17  Open Map Error
2016/06/24  15:56:33  TKS10.exe起動
2016/06/24  15:56:33  OpenFileMapping
2016/06/24  15:56:33  Open Map Error
2016/06/24  15:56:33  OpenFileMapping
2016/06/24  15:56:33  Open Map Error
2016/06/24  16:12:23  TKS10.exe起動
2016/06/24  16:12:23  OpenFileMapping
2016/06/24  16:12:23  Open Map Error
2016/06/24  16:12:23  OpenFileMapping
2016/06/24  16:12:23  Open Map Error
2016/06/24  16:20:28  TKS10.exe起動
2016/06/24  16:20:28  OpenFileMapping
2016/06/24  16:20:28  Open Map Error
2016/06/24  16:20:28  OpenFileMapping
2016/06/24  16:20:28  Open Map Error
2016/06/24  16:21:07  TKS10.exe起動
2016/06/24  16:21:17  OpenFileMapping
2016/06/24  16:21:17  Open Map Error
2016/06/24  16:21:17  OpenFileMapping
2016/06/24  16:21:17  Open Map Error
2016/06/24  16:27:37  TKS10.exe起動
2016/06/24  16:27:49  OpenFileMapping
2016/06/24  16:27:49  Open Map Error
2016/06/24  16:27:49  OpenFileMapping
2016/06/24  16:27:49  Open Map Error
2016/06/24  16:29:19  TKS10.exe起動
2016/06/24  16:29:19  OpenFileMapping
2016/06/24  16:29:19  Open Map Error
2016/06/24  16:29:19  OpenFileMapping
2016/06/24  16:29:19  Open Map Error
2016/06/24  16:39:23  TKS10.exe起動
2016/06/24  16:39:23  OpenFileMapping
2016/06/24  16:39:23  Open Map Error
2016/06/24  16:39:23  OpenFileMapping
2016/06/24  16:39:23  Open Map Error
2016/06/24  16:40:35  TKS10.exe起動
2016/06/24  16:40:35  OpenFileMapping
2016/06/24  16:40:35  Open Map Error
2016/06/24  16:40:35  OpenFileMapping
2016/06/24  16:40:35  Open Map Error
2016/06/24  16:41:27  TKS10.exe起動
2016/06/24  16:41:27  OpenFileMapping
2016/06/24  16:41:27  Open Map Error
2016/06/24  16:41:27  OpenFileMapping
2016/06/24  16:41:27  Open Map Error
2016/06/24  16:44:52  TKS10.exe起動
2016/06/24  16:44:52  OpenFileMapping
2016/06/24  16:44:52  Open Map Error
2016/06/24  16:44:52  OpenFileMapping
2016/06/24  16:44:52  Open Map Error
2016/06/24  17:09:34  TKS10.exe起動
2016/06/24  17:09:34  OpenFileMapping
2016/06/24  17:09:34  Open Map Error
2016/06/24  17:09:34  OpenFileMapping
2016/06/24  17:09:34  Open Map Error
2016/06/24  17:14:35  TKS10.exe起動
2016/06/24  17:14:35  OpenFileMapping
2016/06/24  17:14:35  Open Map Error
2016/06/24  17:14:35  OpenFileMapping
2016/06/24  17:14:35  Open Map Error
2016/06/24  17:19:38  TKS10.exe起動
2016/06/24  17:19:38  OpenFileMapping
2016/06/24  17:19:38  Open Map Error
2016/06/24  17:19:38  OpenFileMapping
2016/06/24  17:19:38  Open Map Error
2016/06/24  17:22:00  TKS10.exe起動
2016/06/24  17:22:00  OpenFileMapping
2016/06/24  17:22:00  Open Map Error
2016/06/24  17:22:00  OpenFileMapping
2016/06/24  17:22:00  Open Map Error
2016/06/24  17:25:48  TKS10.exe起動
2016/06/24  17:25:48  OpenFileMapping
2016/06/24  17:25:48  Open Map Error
2016/06/24  17:25:48  OpenFileMapping
2016/06/24  17:25:48  Open Map Error
2016/06/24  17:27:13  TKS10.exe起動
2016/06/24  17:27:13  OpenFileMapping
2016/06/24  17:27:13  Open Map Error
2016/06/24  17:27:13  OpenFileMapping
2016/06/24  17:27:13  Open Map Error
2016/06/24  17:30:54  TKS10.exe起動
2016/06/24  17:30:54  OpenFileMapping
2016/06/24  17:30:54  Open Map Error
2016/06/24  17:30:54  OpenFileMapping
2016/06/24  17:30:54  Open Map Error
2016/06/24  17:38:20  TKS10.exe起動
2016/06/24  17:38:20  OpenFileMapping
2016/06/24  17:38:20  Open Map Error
2016/06/24  17:38:20  OpenFileMapping
2016/06/24  17:38:20  Open Map Error
2016/06/30  09:58:01  TKS10.exe起動
2016/06/30  09:58:01  OpenFileMapping
2016/06/30  09:58:01  Open Map Error
2016/06/30  09:58:01  OpenFileMapping
2016/06/30  09:58:01  Open Map Error
2016/07/06  09:45:37  TKS10.exe起動
2016/07/06  09:45:37  OpenFileMapping
2016/07/06  09:45:37  Open Map Error
2016/07/06  09:45:37  OpenFileMapping
2016/07/06  09:45:37  Open Map Error
2016/07/06  14:53:07  TKS10.exe起動
2016/07/06  14:53:07  OpenFileMapping
2016/07/06  14:53:07  Open Map Error
2016/07/06  14:53:07  OpenFileMapping
2016/07/06  14:53:07  Open Map Error
2016/07/06  14:56:54  TKS10.exe起動
2016/07/06  14:56:54  OpenFileMapping
2016/07/06  14:56:54  Open Map Error
2016/07/06  14:56:54  OpenFileMapping
2016/07/06  14:56:54  Open Map Error
2016/07/07  17:57:50  TKS10.exe起動
2016/07/07  17:57:50  OpenFileMapping
2016/07/07  17:57:50  Open Map Error
2016/07/07  17:57:50  OpenFileMapping
2016/07/07  17:57:50  Open Map Error
2016/07/07  17:58:08  TKS10.exe起動
2016/07/07  17:58:31  OpenFileMapping
2016/07/07  17:58:53  Open Map Error
2016/07/07  17:59:00  OpenFileMapping
2016/07/07  17:59:00  Open Map Error
2016/07/07  18:00:02  TKS10.exe起動
2016/07/07  18:00:29  Open: SId = 1
2016/07/07  18:00:32  Open: SId = 2
2016/07/07  18:08:43  Close: SId = 1
2016/07/07  18:08:43  Close: SId = 2
2016/07/13  09:30:18  TKS10.exe起動
2016/07/13  09:30:18  OpenFileMapping
2016/07/13  09:30:18  Open Map Error
2016/07/13  09:30:18  OpenFileMapping
2016/07/13  09:30:18  Open Map Error
2016/10/17  17:17:06  TKS10.exe起動
2016/10/17  17:17:06  OpenFileMapping
2016/10/17  17:17:06  Open Map Error
2016/10/17  17:17:06  OpenFileMapping
2016/10/17  17:17:06  Open Map Error
2016/11/26  09:57:08  TKS10.exe起動
2016/11/26  09:57:08  OpenFileMapping
2016/11/26  09:57:08  Open Map Error
2016/11/26  09:57:08  OpenFileMapping
2016/11/26  09:57:08  Open Map Error
2016/11/28  16:47:17  TKS10.exe起動
2016/11/28  16:47:17  OpenFileMapping
2016/11/28  16:47:17  Open Map Error
2016/11/28  16:47:17  OpenFileMapping
2016/11/28  16:47:17  Open Map Error
2016/11/28  17:06:41  TKS10.exe起動
2016/11/28  17:06:41  OpenFileMapping
2016/11/28  17:06:41  Open Map Error
2016/11/28  17:06:41  OpenFileMapping
2016/11/28  17:06:41  Open Map Error
2016/11/28  17:09:33  TKS10.exe起動
2016/11/28  17:09:33  OpenFileMapping
2016/11/28  17:09:33  Open Map Error
2016/11/28  17:09:33  OpenFileMapping
2016/11/28  17:09:33  Open Map Error
2016/11/28  17:10:29  TKS10.exe起動
2016/11/28  17:10:29  OpenFileMapping
2016/11/28  17:10:29  Open Map Error
2016/11/28  17:10:29  OpenFileMapping
2016/11/28  17:10:29  Open Map Error
2016/11/28  17:32:16  TKS10.exe起動
2016/11/28  17:32:16  OpenFileMapping
2016/11/28  17:32:16  Open Map Error
2016/11/28  17:32:16  OpenFileMapping
2016/11/28  17:32:16  Open Map Error
2016/11/28  17:32:37  TKS10.exe起動
2016/11/28  17:32:37  OpenFileMapping
2016/11/28  17:32:37  Open Map Error
2016/11/28  17:32:37  OpenFileMapping
2016/11/28  17:32:37  Open Map Error
2016/11/28  17:44:53  TKS10.exe起動
2016/11/28  17:44:53  OpenFileMapping
2016/11/28  17:44:53  Open Map Error
2016/11/28  17:44:53  OpenFileMapping
2016/11/28  17:44:53  Open Map Error
2016/11/28  17:46:36  TKS10.exe起動
2016/11/28  17:46:36  OpenFileMapping
2016/11/28  17:46:36  Open Map Error
2016/11/28  17:46:36  OpenFileMapping
2016/11/28  17:46:36  Open Map Error
2016/11/28  17:46:54  TKS10.exe起動
2016/11/28  17:46:54  OpenFileMapping
2016/11/28  17:46:54  Open Map Error
2016/11/28  17:46:54  OpenFileMapping
2016/11/28  17:46:54  Open Map Error
2016/11/28  17:47:30  TKS10.exe起動
2016/11/28  17:47:30  OpenFileMapping
2016/11/28  17:47:30  Open Map Error
2016/11/28  17:47:30  OpenFileMapping
2016/11/28  17:47:30  Open Map Error
2016/11/29  10:53:50  TKS10.exe起動
2016/11/29  10:53:50  OpenFileMapping
2016/11/29  10:53:50  Open Map Error
2016/11/29  10:53:50  OpenFileMapping
2016/11/29  10:53:50  Open Map Error
